[2026-03-09T23:54:02.180+0000] {local_task_job_runner.py:123} INFO - ::group::Pre task execution logs
[2026-03-09T23:54:02.187+0000] {taskinstance.py:2614} INFO - Dependencies all met for dep_context=non-requeueable deps ti=<TaskInstance: replica_mongo_to_postgresql.check_connect_to_Mongo scheduled__2026-02-12T10:00:00+00:00 [queued]>
[2026-03-09T23:54:02.190+0000] {taskinstance.py:2614} INFO - Dependencies all met for dep_context=requeueable deps ti=<TaskInstance: replica_mongo_to_postgresql.check_connect_to_Mongo scheduled__2026-02-12T10:00:00+00:00 [queued]>
[2026-03-09T23:54:02.190+0000] {taskinstance.py:2867} INFO - Starting attempt 5 of 8
[2026-03-09T23:54:02.194+0000] {taskinstance.py:2890} INFO - Executing <Task(PythonSensor): check_connect_to_Mongo> on 2026-02-12 10:00:00+00:00
[2026-03-09T23:54:02.197+0000] {standard_task_runner.py:72} INFO - Started process 833 to run task
[2026-03-09T23:54:02.200+0000] {standard_task_runner.py:104} INFO - Running: ['***', 'tasks', 'run', 'replica_mongo_to_postgresql', 'check_connect_to_Mongo', 'scheduled__2026-02-12T10:00:00+00:00', '--job-id', '140', '--raw', '--subdir', 'DAGS_FOLDER/replica_mongo_to_postgres.py', '--cfg-path', '/tmp/tmptk1ka8zc']
[2026-03-09T23:54:02.203+0000] {standard_task_runner.py:105} INFO - Job 140: Subtask check_connect_to_Mongo
[2026-03-09T23:54:02.210+0000] {warnings.py:109} WARNING - /home/***/.local/lib/python3.9/site-packages/***/settings.py:209: DeprecationWarning: The sql_alchemy_conn option in [core] has been moved to the sql_alchemy_conn option in [database] - the old setting has been used, but please update your config.
  SQL_ALCHEMY_CONN = conf.get("database", "SQL_ALCHEMY_CONN")

[2026-03-09T23:54:02.226+0000] {task_command.py:467} INFO - Running <TaskInstance: replica_mongo_to_postgresql.check_connect_to_Mongo scheduled__2026-02-12T10:00:00+00:00 [running]> on host 6186f28317bc
[2026-03-09T23:54:02.227+0000] {warnings.py:109} WARNING - /home/***/.local/lib/python3.9/site-packages/***/settings.py:470: DeprecationWarning: The sql_alchemy_conn option in [core] has been moved to the sql_alchemy_conn option in [database] - the old setting has been used, but please update your config.
  if conf.get("database", "sql_alchemy_conn") == "none://":

[2026-03-09T23:54:02.262+0000] {taskinstance.py:3134} INFO - Exporting env vars: AIRFLOW_CTX_DAG_OWNER='a.sorokin' AIRFLOW_CTX_DAG_ID='replica_mongo_to_postgresql' AIRFLOW_CTX_TASK_ID='check_connect_to_Mongo' AIRFLOW_CTX_EXECUTION_DATE='2026-02-12T10:00:00+00:00' AIRFLOW_CTX_TRY_NUMBER='5' AIRFLOW_CTX_DAG_RUN_ID='scheduled__2026-02-12T10:00:00+00:00'
[2026-03-09T23:54:02.262+0000] {taskinstance.py:732} INFO - ::endgroup::
[2026-03-09T23:54:02.267+0000] {python.py:75} INFO - Poking callable: <function check_connect_to_Mongo at 0xffffa2c073a0>
[2026-03-09T23:54:02.275+0000] {base.py:84} INFO - Retrieving connection 'mongo-db'
[2026-03-09T23:54:02.292+0000] {logging_mixin.py:190} INFO - Сервер ответил
[2026-03-09T23:54:02.292+0000] {base.py:339} INFO - Success criteria met. Exiting.
[2026-03-09T23:54:02.296+0000] {taskinstance.py:341} INFO - ::group::Post task execution logs
[2026-03-09T23:54:02.296+0000] {taskinstance.py:353} INFO - Marking task as SUCCESS. dag_id=replica_mongo_to_postgresql, task_id=check_connect_to_Mongo, run_id=scheduled__2026-02-12T10:00:00+00:00, execution_date=20260212T100000, start_date=20260309T235402, end_date=20260309T235402
[2026-03-09T23:54:02.341+0000] {local_task_job_runner.py:266} INFO - Task exited with return code 0
[2026-03-09T23:54:02.353+0000] {taskinstance.py:3901} INFO - 1 downstream tasks scheduled from follow-on schedule check
[2026-03-09T23:54:02.354+0000] {local_task_job_runner.py:245} INFO - ::endgroup::
