[2026-03-09T19:20:17.940+0000] {local_task_job_runner.py:123} INFO - ::group::Pre task execution logs
[2026-03-09T19:20:17.947+0000] {taskinstance.py:2614} INFO - Dependencies all met for dep_context=non-requeueable deps ti=<TaskInstance: replica_mongo_to_postgresql.check_connect_to_Mongo scheduled__2026-02-12T10:00:00+00:00 [queued]>
[2026-03-09T19:20:17.950+0000] {taskinstance.py:2614} INFO - Dependencies all met for dep_context=requeueable deps ti=<TaskInstance: replica_mongo_to_postgresql.check_connect_to_Mongo scheduled__2026-02-12T10:00:00+00:00 [queued]>
[2026-03-09T19:20:17.950+0000] {taskinstance.py:2867} INFO - Starting attempt 1 of 4
[2026-03-09T19:20:17.953+0000] {taskinstance.py:2890} INFO - Executing <Task(PythonSensor): check_connect_to_Mongo> on 2026-02-12 10:00:00+00:00
[2026-03-09T19:20:17.955+0000] {standard_task_runner.py:72} INFO - Started process 126 to run task
[2026-03-09T19:20:17.956+0000] {standard_task_runner.py:104} INFO - Running: ['***', 'tasks', 'run', 'replica_mongo_to_postgresql', 'check_connect_to_Mongo', 'scheduled__2026-02-12T10:00:00+00:00', '--job-id', '16', '--raw', '--subdir', 'DAGS_FOLDER/replica_mongo_to_postgres.py', '--cfg-path', '/tmp/tmpbezjrco4']
[2026-03-09T19:20:17.958+0000] {standard_task_runner.py:105} INFO - Job 16: Subtask check_connect_to_Mongo
[2026-03-09T19:20:17.963+0000] {warnings.py:109} WARNING - /home/***/.local/lib/python3.9/site-packages/***/settings.py:209: DeprecationWarning: The sql_alchemy_conn option in [core] has been moved to the sql_alchemy_conn option in [database] - the old setting has been used, but please update your config.
  SQL_ALCHEMY_CONN = conf.get("database", "SQL_ALCHEMY_CONN")

[2026-03-09T19:20:17.975+0000] {task_command.py:467} INFO - Running <TaskInstance: replica_mongo_to_postgresql.check_connect_to_Mongo scheduled__2026-02-12T10:00:00+00:00 [running]> on host 6186f28317bc
[2026-03-09T19:20:17.976+0000] {warnings.py:109} WARNING - /home/***/.local/lib/python3.9/site-packages/***/settings.py:470: DeprecationWarning: The sql_alchemy_conn option in [core] has been moved to the sql_alchemy_conn option in [database] - the old setting has been used, but please update your config.
  if conf.get("database", "sql_alchemy_conn") == "none://":

[2026-03-09T19:20:17.999+0000] {taskinstance.py:3134} INFO - Exporting env vars: AIRFLOW_CTX_DAG_OWNER='a.sorokin' AIRFLOW_CTX_DAG_ID='replica_mongo_to_postgresql' AIRFLOW_CTX_TASK_ID='check_connect_to_Mongo' AIRFLOW_CTX_EXECUTION_DATE='2026-02-12T10:00:00+00:00' AIRFLOW_CTX_TRY_NUMBER='1' AIRFLOW_CTX_DAG_RUN_ID='scheduled__2026-02-12T10:00:00+00:00'
[2026-03-09T19:20:17.999+0000] {taskinstance.py:732} INFO - ::endgroup::
[2026-03-09T19:20:18.004+0000] {python.py:75} INFO - Poking callable: <function check_connect_to_Mongo at 0xffffa2c04280>
[2026-03-09T19:20:18.010+0000] {taskinstance.py:3313} ERROR - Task failed with exception
Traceback (most recent call last):
  File "/home/airflow/.local/lib/python3.9/site-packages/airflow/models/taskinstance.py", line 768, in _execute_task
    result = _execute_callable(context=context, **execute_callable_kwargs)
  File "/home/airflow/.local/lib/python3.9/site-packages/airflow/models/taskinstance.py", line 734, in _execute_callable
    return ExecutionCallableRunner(
  File "/home/airflow/.local/lib/python3.9/site-packages/airflow/utils/operator_helpers.py", line 252, in run
    return self.func(*args, **kwargs)
  File "/home/airflow/.local/lib/python3.9/site-packages/airflow/models/baseoperator.py", line 424, in wrapper
    return func(self, *args, **kwargs)
  File "/home/airflow/.local/lib/python3.9/site-packages/airflow/sensors/base.py", line 309, in execute
    raise e
  File "/home/airflow/.local/lib/python3.9/site-packages/airflow/sensors/base.py", line 289, in execute
    poke_return = self.poke(context)
  File "/home/airflow/.local/lib/python3.9/site-packages/airflow/sensors/python.py", line 76, in poke
    return_value = self.python_callable(*self.op_args, **self.op_kwargs)
  File "/opt/airflow/dags/replica_mongo_to_postgres.py", line 37, in check_connect_to_Mongo
    hook = MongoHook(mongo_coon_id="mongo-db")
  File "/home/airflow/.local/lib/python3.9/site-packages/airflow/providers/mongo/hooks/mongo.py", line 123, in __init__
    conn = self.get_connection(self.mongo_conn_id)
  File "/home/airflow/.local/lib/python3.9/site-packages/airflow/hooks/base.py", line 83, in get_connection
    conn = Connection.get_connection_from_secrets(conn_id)
  File "/home/airflow/.local/lib/python3.9/site-packages/airflow/models/connection.py", line 537, in get_connection_from_secrets
    raise AirflowNotFoundException(f"The conn_id `{conn_id}` isn't defined")
airflow.exceptions.AirflowNotFoundException: The conn_id `mongo_default` isn't defined
[2026-03-09T19:20:18.012+0000] {taskinstance.py:1226} INFO - Marking task as UP_FOR_RETRY. dag_id=replica_mongo_to_postgresql, task_id=check_connect_to_Mongo, run_id=scheduled__2026-02-12T10:00:00+00:00, execution_date=20260212T100000, start_date=20260309T192017, end_date=20260309T192018
[2026-03-09T19:20:18.022+0000] {taskinstance.py:341} INFO - ::group::Post task execution logs
[2026-03-09T19:20:18.022+0000] {standard_task_runner.py:124} ERROR - Failed to execute job 16 for task check_connect_to_Mongo (The conn_id `mongo_default` isn't defined; 126)
Traceback (most recent call last):
  File "/home/airflow/.local/lib/python3.9/site-packages/airflow/task/task_runner/standard_task_runner.py", line 117, in _start_by_fork
    ret = args.func(args, dag=self.dag)
  File "/home/airflow/.local/lib/python3.9/site-packages/airflow/cli/cli_config.py", line 49, in command
    return func(*args, **kwargs)
  File "/home/airflow/.local/lib/python3.9/site-packages/airflow/utils/cli.py", line 116, in wrapper
    return f(*args, **kwargs)
  File "/home/airflow/.local/lib/python3.9/site-packages/airflow/cli/commands/task_command.py", line 483, in task_run
    task_return_code = _run_task_by_selected_method(args, _dag, ti)
  File "/home/airflow/.local/lib/python3.9/site-packages/airflow/cli/commands/task_command.py", line 256, in _run_task_by_selected_method
    return _run_raw_task(args, ti)
  File "/home/airflow/.local/lib/python3.9/site-packages/airflow/cli/commands/task_command.py", line 341, in _run_raw_task
    return ti._run_raw_task(
  File "/home/airflow/.local/lib/python3.9/site-packages/airflow/utils/session.py", line 97, in wrapper
    return func(*args, session=session, **kwargs)
  File "/home/airflow/.local/lib/python3.9/site-packages/airflow/models/taskinstance.py", line 3006, in _run_raw_task
    return _run_raw_task(
  File "/home/airflow/.local/lib/python3.9/site-packages/airflow/models/taskinstance.py", line 274, in _run_raw_task
    TaskInstance._execute_task_with_callbacks(
  File "/home/airflow/.local/lib/python3.9/site-packages/airflow/models/taskinstance.py", line 3161, in _execute_task_with_callbacks
    result = self._execute_task(context, task_orig)
  File "/home/airflow/.local/lib/python3.9/site-packages/airflow/models/taskinstance.py", line 3185, in _execute_task
    return _execute_task(self, context, task_orig)
  File "/home/airflow/.local/lib/python3.9/site-packages/airflow/models/taskinstance.py", line 768, in _execute_task
    result = _execute_callable(context=context, **execute_callable_kwargs)
  File "/home/airflow/.local/lib/python3.9/site-packages/airflow/models/taskinstance.py", line 734, in _execute_callable
    return ExecutionCallableRunner(
  File "/home/airflow/.local/lib/python3.9/site-packages/airflow/utils/operator_helpers.py", line 252, in run
    return self.func(*args, **kwargs)
  File "/home/airflow/.local/lib/python3.9/site-packages/airflow/models/baseoperator.py", line 424, in wrapper
    return func(self, *args, **kwargs)
  File "/home/airflow/.local/lib/python3.9/site-packages/airflow/sensors/base.py", line 309, in execute
    raise e
  File "/home/airflow/.local/lib/python3.9/site-packages/airflow/sensors/base.py", line 289, in execute
    poke_return = self.poke(context)
  File "/home/airflow/.local/lib/python3.9/site-packages/airflow/sensors/python.py", line 76, in poke
    return_value = self.python_callable(*self.op_args, **self.op_kwargs)
  File "/opt/airflow/dags/replica_mongo_to_postgres.py", line 37, in check_connect_to_Mongo
    hook = MongoHook(mongo_coon_id="mongo-db")
  File "/home/airflow/.local/lib/python3.9/site-packages/airflow/providers/mongo/hooks/mongo.py", line 123, in __init__
    conn = self.get_connection(self.mongo_conn_id)
  File "/home/airflow/.local/lib/python3.9/site-packages/airflow/hooks/base.py", line 83, in get_connection
    conn = Connection.get_connection_from_secrets(conn_id)
  File "/home/airflow/.local/lib/python3.9/site-packages/airflow/models/connection.py", line 537, in get_connection_from_secrets
    raise AirflowNotFoundException(f"The conn_id `{conn_id}` isn't defined")
airflow.exceptions.AirflowNotFoundException: The conn_id `mongo_default` isn't defined
[2026-03-09T19:20:18.057+0000] {local_task_job_runner.py:266} INFO - Task exited with return code 1
[2026-03-09T19:20:18.067+0000] {taskinstance.py:3901} INFO - 0 downstream tasks scheduled from follow-on schedule check
[2026-03-09T19:20:18.067+0000] {local_task_job_runner.py:245} INFO - ::endgroup::
[2026-03-09T20:03:43.025+0000] {local_task_job_runner.py:123} INFO - ::group::Pre task execution logs
[2026-03-09T20:03:43.032+0000] {taskinstance.py:2614} INFO - Dependencies all met for dep_context=non-requeueable deps ti=<TaskInstance: replica_mongo_to_postgresql.check_connect_to_Mongo scheduled__2026-02-12T10:00:00+00:00 [queued]>
[2026-03-09T20:03:43.035+0000] {taskinstance.py:2614} INFO - Dependencies all met for dep_context=requeueable deps ti=<TaskInstance: replica_mongo_to_postgresql.check_connect_to_Mongo scheduled__2026-02-12T10:00:00+00:00 [queued]>
[2026-03-09T20:03:43.035+0000] {taskinstance.py:2867} INFO - Starting attempt 1 of 4
[2026-03-09T20:03:43.038+0000] {taskinstance.py:2890} INFO - Executing <Task(PythonSensor): check_connect_to_Mongo> on 2026-02-12 10:00:00+00:00
[2026-03-09T20:03:43.041+0000] {standard_task_runner.py:72} INFO - Started process 524 to run task
[2026-03-09T20:03:43.042+0000] {standard_task_runner.py:104} INFO - Running: ['***', 'tasks', 'run', 'replica_mongo_to_postgresql', 'check_connect_to_Mongo', 'scheduled__2026-02-12T10:00:00+00:00', '--job-id', '93', '--raw', '--subdir', 'DAGS_FOLDER/replica_mongo_to_postgres.py', '--cfg-path', '/tmp/tmppwegpw88']
[2026-03-09T20:03:43.044+0000] {standard_task_runner.py:105} INFO - Job 93: Subtask check_connect_to_Mongo
[2026-03-09T20:03:43.049+0000] {warnings.py:109} WARNING - /home/***/.local/lib/python3.9/site-packages/***/settings.py:209: DeprecationWarning: The sql_alchemy_conn option in [core] has been moved to the sql_alchemy_conn option in [database] - the old setting has been used, but please update your config.
  SQL_ALCHEMY_CONN = conf.get("database", "SQL_ALCHEMY_CONN")

[2026-03-09T20:03:43.063+0000] {task_command.py:467} INFO - Running <TaskInstance: replica_mongo_to_postgresql.check_connect_to_Mongo scheduled__2026-02-12T10:00:00+00:00 [running]> on host 6186f28317bc
[2026-03-09T20:03:43.063+0000] {warnings.py:109} WARNING - /home/***/.local/lib/python3.9/site-packages/***/settings.py:470: DeprecationWarning: The sql_alchemy_conn option in [core] has been moved to the sql_alchemy_conn option in [database] - the old setting has been used, but please update your config.
  if conf.get("database", "sql_alchemy_conn") == "none://":

[2026-03-09T20:03:43.089+0000] {taskinstance.py:3134} INFO - Exporting env vars: AIRFLOW_CTX_DAG_OWNER='a.sorokin' AIRFLOW_CTX_DAG_ID='replica_mongo_to_postgresql' AIRFLOW_CTX_TASK_ID='check_connect_to_Mongo' AIRFLOW_CTX_EXECUTION_DATE='2026-02-12T10:00:00+00:00' AIRFLOW_CTX_TRY_NUMBER='1' AIRFLOW_CTX_DAG_RUN_ID='scheduled__2026-02-12T10:00:00+00:00'
[2026-03-09T20:03:43.089+0000] {taskinstance.py:732} INFO - ::endgroup::
[2026-03-09T20:03:43.094+0000] {python.py:75} INFO - Poking callable: <function check_connect_to_Mongo at 0xffffa2c043a0>
[2026-03-09T20:03:43.099+0000] {base.py:84} INFO - Retrieving connection 'mongo-db'
[2026-03-09T20:03:43.110+0000] {logging_mixin.py:190} INFO - Сервер ответил
[2026-03-09T20:03:43.110+0000] {base.py:339} INFO - Success criteria met. Exiting.
[2026-03-09T20:03:43.114+0000] {taskinstance.py:341} INFO - ::group::Post task execution logs
[2026-03-09T20:03:43.114+0000] {taskinstance.py:353} INFO - Marking task as SUCCESS. dag_id=replica_mongo_to_postgresql, task_id=check_connect_to_Mongo, run_id=scheduled__2026-02-12T10:00:00+00:00, execution_date=20260212T100000, start_date=20260309T200343, end_date=20260309T200343
[2026-03-09T20:03:43.144+0000] {local_task_job_runner.py:266} INFO - Task exited with return code 0
[2026-03-09T20:03:43.153+0000] {taskinstance.py:3901} INFO - 0 downstream tasks scheduled from follow-on schedule check
[2026-03-09T20:03:43.154+0000] {local_task_job_runner.py:245} INFO - ::endgroup::
[2026-03-10T00:36:52.958+0000] {local_task_job_runner.py:123} INFO - ::group::Pre task execution logs
[2026-03-10T00:36:52.965+0000] {taskinstance.py:2614} INFO - Dependencies all met for dep_context=non-requeueable deps ti=<TaskInstance: replica_mongo_to_postgresql.check_connect_to_Mongo scheduled__2026-02-12T10:00:00+00:00 [queued]>
[2026-03-10T00:36:52.968+0000] {taskinstance.py:2614} INFO - Dependencies all met for dep_context=requeueable deps ti=<TaskInstance: replica_mongo_to_postgresql.check_connect_to_Mongo scheduled__2026-02-12T10:00:00+00:00 [queued]>
[2026-03-10T00:36:52.968+0000] {taskinstance.py:2867} INFO - Starting attempt 1 of 4
[2026-03-10T00:36:52.972+0000] {taskinstance.py:2890} INFO - Executing <Task(PythonSensor): check_connect_to_Mongo> on 2026-02-12 10:00:00+00:00
[2026-03-10T00:36:52.974+0000] {standard_task_runner.py:72} INFO - Started process 106 to run task
[2026-03-10T00:36:52.976+0000] {standard_task_runner.py:104} INFO - Running: ['***', 'tasks', 'run', 'replica_mongo_to_postgresql', 'check_connect_to_Mongo', 'scheduled__2026-02-12T10:00:00+00:00', '--job-id', '7', '--raw', '--subdir', 'DAGS_FOLDER/replica_mongo_to_postgres.py', '--cfg-path', '/tmp/tmp9eb0dk9u']
[2026-03-10T00:36:52.977+0000] {standard_task_runner.py:105} INFO - Job 7: Subtask check_connect_to_Mongo
[2026-03-10T00:36:52.983+0000] {warnings.py:109} WARNING - /home/***/.local/lib/python3.9/site-packages/***/settings.py:209: DeprecationWarning: The sql_alchemy_conn option in [core] has been moved to the sql_alchemy_conn option in [database] - the old setting has been used, but please update your config.
  SQL_ALCHEMY_CONN = conf.get("database", "SQL_ALCHEMY_CONN")

[2026-03-10T00:36:52.996+0000] {task_command.py:467} INFO - Running <TaskInstance: replica_mongo_to_postgresql.check_connect_to_Mongo scheduled__2026-02-12T10:00:00+00:00 [running]> on host 533364561d1f
[2026-03-10T00:36:52.997+0000] {warnings.py:109} WARNING - /home/***/.local/lib/python3.9/site-packages/***/settings.py:470: DeprecationWarning: The sql_alchemy_conn option in [core] has been moved to the sql_alchemy_conn option in [database] - the old setting has been used, but please update your config.
  if conf.get("database", "sql_alchemy_conn") == "none://":

[2026-03-10T00:36:53.022+0000] {taskinstance.py:3134} INFO - Exporting env vars: AIRFLOW_CTX_DAG_OWNER='a.sorokin' AIRFLOW_CTX_DAG_ID='replica_mongo_to_postgresql' AIRFLOW_CTX_TASK_ID='check_connect_to_Mongo' AIRFLOW_CTX_EXECUTION_DATE='2026-02-12T10:00:00+00:00' AIRFLOW_CTX_TRY_NUMBER='1' AIRFLOW_CTX_DAG_RUN_ID='scheduled__2026-02-12T10:00:00+00:00'
[2026-03-10T00:36:53.022+0000] {taskinstance.py:732} INFO - ::endgroup::
[2026-03-10T00:36:53.026+0000] {python.py:75} INFO - Poking callable: <function check_connect_to_Mongo at 0xffff86e22310>
[2026-03-10T00:36:53.032+0000] {base.py:84} INFO - Retrieving connection 'mongo-db'
[2026-03-10T00:36:53.043+0000] {logging_mixin.py:190} INFO - Сервер ответил
[2026-03-10T00:36:53.043+0000] {base.py:339} INFO - Success criteria met. Exiting.
[2026-03-10T00:36:53.047+0000] {taskinstance.py:341} INFO - ::group::Post task execution logs
[2026-03-10T00:36:53.047+0000] {taskinstance.py:353} INFO - Marking task as SUCCESS. dag_id=replica_mongo_to_postgresql, task_id=check_connect_to_Mongo, run_id=scheduled__2026-02-12T10:00:00+00:00, execution_date=20260212T100000, start_date=20260310T003652, end_date=20260310T003653
[2026-03-10T00:36:53.074+0000] {local_task_job_runner.py:266} INFO - Task exited with return code 0
[2026-03-10T00:36:53.085+0000] {taskinstance.py:3901} INFO - 1 downstream tasks scheduled from follow-on schedule check
[2026-03-10T00:36:53.085+0000] {local_task_job_runner.py:245} INFO - ::endgroup::
[2026-03-10T00:50:54.650+0000] {local_task_job_runner.py:123} INFO - ::group::Pre task execution logs
[2026-03-10T00:50:54.657+0000] {taskinstance.py:2614} INFO - Dependencies all met for dep_context=non-requeueable deps ti=<TaskInstance: replica_mongo_to_postgresql.check_connect_to_Mongo scheduled__2026-02-12T10:00:00+00:00 [queued]>
[2026-03-10T00:50:54.660+0000] {taskinstance.py:2614} INFO - Dependencies all met for dep_context=requeueable deps ti=<TaskInstance: replica_mongo_to_postgresql.check_connect_to_Mongo scheduled__2026-02-12T10:00:00+00:00 [queued]>
[2026-03-10T00:50:54.660+0000] {taskinstance.py:2867} INFO - Starting attempt 1 of 4
[2026-03-10T00:50:54.664+0000] {taskinstance.py:2890} INFO - Executing <Task(PythonSensor): check_connect_to_Mongo> on 2026-02-12 10:00:00+00:00
[2026-03-10T00:50:54.666+0000] {standard_task_runner.py:72} INFO - Started process 106 to run task
[2026-03-10T00:50:54.668+0000] {standard_task_runner.py:104} INFO - Running: ['***', 'tasks', 'run', 'replica_mongo_to_postgresql', 'check_connect_to_Mongo', 'scheduled__2026-02-12T10:00:00+00:00', '--job-id', '7', '--raw', '--subdir', 'DAGS_FOLDER/replica_mongo_to_postgres.py', '--cfg-path', '/tmp/tmpcy3a7qo4']
[2026-03-10T00:50:54.669+0000] {standard_task_runner.py:105} INFO - Job 7: Subtask check_connect_to_Mongo
[2026-03-10T00:50:54.675+0000] {warnings.py:109} WARNING - /home/***/.local/lib/python3.9/site-packages/***/settings.py:209: DeprecationWarning: The sql_alchemy_conn option in [core] has been moved to the sql_alchemy_conn option in [database] - the old setting has been used, but please update your config.
  SQL_ALCHEMY_CONN = conf.get("database", "SQL_ALCHEMY_CONN")

[2026-03-10T00:50:54.688+0000] {task_command.py:467} INFO - Running <TaskInstance: replica_mongo_to_postgresql.check_connect_to_Mongo scheduled__2026-02-12T10:00:00+00:00 [running]> on host 4b5206882624
[2026-03-10T00:50:54.689+0000] {warnings.py:109} WARNING - /home/***/.local/lib/python3.9/site-packages/***/settings.py:470: DeprecationWarning: The sql_alchemy_conn option in [core] has been moved to the sql_alchemy_conn option in [database] - the old setting has been used, but please update your config.
  if conf.get("database", "sql_alchemy_conn") == "none://":

[2026-03-10T00:50:54.712+0000] {taskinstance.py:3134} INFO - Exporting env vars: AIRFLOW_CTX_DAG_OWNER='a.sorokin' AIRFLOW_CTX_DAG_ID='replica_mongo_to_postgresql' AIRFLOW_CTX_TASK_ID='check_connect_to_Mongo' AIRFLOW_CTX_EXECUTION_DATE='2026-02-12T10:00:00+00:00' AIRFLOW_CTX_TRY_NUMBER='1' AIRFLOW_CTX_DAG_RUN_ID='scheduled__2026-02-12T10:00:00+00:00'
[2026-03-10T00:50:54.713+0000] {taskinstance.py:732} INFO - ::endgroup::
[2026-03-10T00:50:54.717+0000] {python.py:75} INFO - Poking callable: <function check_connect_to_Mongo at 0xffff82424310>
[2026-03-10T00:50:54.723+0000] {base.py:84} INFO - Retrieving connection 'mongo-db'
[2026-03-10T00:50:54.734+0000] {logging_mixin.py:190} INFO - Сервер ответил
[2026-03-10T00:50:54.734+0000] {base.py:339} INFO - Success criteria met. Exiting.
[2026-03-10T00:50:54.738+0000] {taskinstance.py:341} INFO - ::group::Post task execution logs
[2026-03-10T00:50:54.738+0000] {taskinstance.py:353} INFO - Marking task as SUCCESS. dag_id=replica_mongo_to_postgresql, task_id=check_connect_to_Mongo, run_id=scheduled__2026-02-12T10:00:00+00:00, execution_date=20260212T100000, start_date=20260310T005054, end_date=20260310T005054
[2026-03-10T00:50:54.767+0000] {local_task_job_runner.py:266} INFO - Task exited with return code 0
[2026-03-10T00:50:54.778+0000] {taskinstance.py:3901} INFO - 1 downstream tasks scheduled from follow-on schedule check
[2026-03-10T00:50:54.778+0000] {local_task_job_runner.py:245} INFO - ::endgroup::
