[2026-03-09T19:37:11.106+0000] {local_task_job_runner.py:123} INFO - ::group::Pre task execution logs
[2026-03-09T19:37:11.113+0000] {taskinstance.py:2614} INFO - Dependencies all met for dep_context=non-requeueable deps ti=<TaskInstance: replica_mongo_to_postgresql.check_connect_to_Mongo scheduled__2026-02-20T10:00:00+00:00 [queued]>
[2026-03-09T19:37:11.117+0000] {taskinstance.py:2614} INFO - Dependencies all met for dep_context=requeueable deps ti=<TaskInstance: replica_mongo_to_postgresql.check_connect_to_Mongo scheduled__2026-02-20T10:00:00+00:00 [queued]>
[2026-03-09T19:37:11.117+0000] {taskinstance.py:2867} INFO - Starting attempt 1 of 4
[2026-03-09T19:37:11.120+0000] {taskinstance.py:2890} INFO - Executing <Task(PythonSensor): check_connect_to_Mongo> on 2026-02-20 10:00:00+00:00
[2026-03-09T19:37:11.134+0000] {standard_task_runner.py:72} INFO - Started process 366 to run task
[2026-03-09T19:37:11.142+0000] {standard_task_runner.py:104} INFO - Running: ['***', 'tasks', 'run', 'replica_mongo_to_postgresql', 'check_connect_to_Mongo', 'scheduled__2026-02-20T10:00:00+00:00', '--job-id', '76', '--raw', '--subdir', 'DAGS_FOLDER/replica_mongo_to_postgres.py', '--cfg-path', '/tmp/tmpfjz9agiz']
[2026-03-09T19:37:11.145+0000] {standard_task_runner.py:105} INFO - Job 76: Subtask check_connect_to_Mongo
[2026-03-09T19:37:11.169+0000] {warnings.py:109} WARNING - /home/***/.local/lib/python3.9/site-packages/***/settings.py:209: DeprecationWarning: The sql_alchemy_conn option in [core] has been moved to the sql_alchemy_conn option in [database] - the old setting has been used, but please update your config.
  SQL_ALCHEMY_CONN = conf.get("database", "SQL_ALCHEMY_CONN")

[2026-03-09T19:37:11.189+0000] {task_command.py:467} INFO - Running <TaskInstance: replica_mongo_to_postgresql.check_connect_to_Mongo scheduled__2026-02-20T10:00:00+00:00 [running]> on host 6186f28317bc
[2026-03-09T19:37:11.189+0000] {warnings.py:109} WARNING - /home/***/.local/lib/python3.9/site-packages/***/settings.py:470: DeprecationWarning: The sql_alchemy_conn option in [core] has been moved to the sql_alchemy_conn option in [database] - the old setting has been used, but please update your config.
  if conf.get("database", "sql_alchemy_conn") == "none://":

[2026-03-09T19:37:11.216+0000] {taskinstance.py:3134} INFO - Exporting env vars: AIRFLOW_CTX_DAG_OWNER='a.sorokin' AIRFLOW_CTX_DAG_ID='replica_mongo_to_postgresql' AIRFLOW_CTX_TASK_ID='check_connect_to_Mongo' AIRFLOW_CTX_EXECUTION_DATE='2026-02-20T10:00:00+00:00' AIRFLOW_CTX_TRY_NUMBER='1' AIRFLOW_CTX_DAG_RUN_ID='scheduled__2026-02-20T10:00:00+00:00'
[2026-03-09T19:37:11.216+0000] {taskinstance.py:732} INFO - ::endgroup::
[2026-03-09T19:37:11.221+0000] {python.py:75} INFO - Poking callable: <function check_connect_to_Mongo at 0xffffa2c05310>
[2026-03-09T19:37:11.229+0000] {base.py:84} INFO - Retrieving connection 'mongo-db'
[2026-03-09T19:37:11.229+0000] {taskinstance.py:3313} ERROR - Task failed with exception
Traceback (most recent call last):
  File "/home/airflow/.local/lib/python3.9/site-packages/airflow/models/taskinstance.py", line 768, in _execute_task
    result = _execute_callable(context=context, **execute_callable_kwargs)
  File "/home/airflow/.local/lib/python3.9/site-packages/airflow/models/taskinstance.py", line 734, in _execute_callable
    return ExecutionCallableRunner(
  File "/home/airflow/.local/lib/python3.9/site-packages/airflow/utils/operator_helpers.py", line 252, in run
    return self.func(*args, **kwargs)
  File "/home/airflow/.local/lib/python3.9/site-packages/airflow/models/baseoperator.py", line 424, in wrapper
    return func(self, *args, **kwargs)
  File "/home/airflow/.local/lib/python3.9/site-packages/airflow/sensors/base.py", line 309, in execute
    raise e
  File "/home/airflow/.local/lib/python3.9/site-packages/airflow/sensors/base.py", line 289, in execute
    poke_return = self.poke(context)
  File "/home/airflow/.local/lib/python3.9/site-packages/airflow/sensors/python.py", line 76, in poke
    return_value = self.python_callable(*self.op_args, **self.op_kwargs)
  File "/opt/airflow/dags/replica_mongo_to_postgres.py", line 38, in check_connect_to_Mongo
    status, msg = hook.test_connection()
AttributeError: 'MongoHook' object has no attribute 'test_connection'
[2026-03-09T19:37:11.236+0000] {taskinstance.py:1226} INFO - Marking task as UP_FOR_RETRY. dag_id=replica_mongo_to_postgresql, task_id=check_connect_to_Mongo, run_id=scheduled__2026-02-20T10:00:00+00:00, execution_date=20260220T100000, start_date=20260309T193711, end_date=20260309T193711
[2026-03-09T19:37:11.248+0000] {taskinstance.py:341} INFO - ::group::Post task execution logs
[2026-03-09T19:37:11.248+0000] {standard_task_runner.py:124} ERROR - Failed to execute job 76 for task check_connect_to_Mongo ('MongoHook' object has no attribute 'test_connection'; 366)
Traceback (most recent call last):
  File "/home/airflow/.local/lib/python3.9/site-packages/airflow/task/task_runner/standard_task_runner.py", line 117, in _start_by_fork
    ret = args.func(args, dag=self.dag)
  File "/home/airflow/.local/lib/python3.9/site-packages/airflow/cli/cli_config.py", line 49, in command
    return func(*args, **kwargs)
  File "/home/airflow/.local/lib/python3.9/site-packages/airflow/utils/cli.py", line 116, in wrapper
    return f(*args, **kwargs)
  File "/home/airflow/.local/lib/python3.9/site-packages/airflow/cli/commands/task_command.py", line 483, in task_run
    task_return_code = _run_task_by_selected_method(args, _dag, ti)
  File "/home/airflow/.local/lib/python3.9/site-packages/airflow/cli/commands/task_command.py", line 256, in _run_task_by_selected_method
    return _run_raw_task(args, ti)
  File "/home/airflow/.local/lib/python3.9/site-packages/airflow/cli/commands/task_command.py", line 341, in _run_raw_task
    return ti._run_raw_task(
  File "/home/airflow/.local/lib/python3.9/site-packages/airflow/utils/session.py", line 97, in wrapper
    return func(*args, session=session, **kwargs)
  File "/home/airflow/.local/lib/python3.9/site-packages/airflow/models/taskinstance.py", line 3006, in _run_raw_task
    return _run_raw_task(
  File "/home/airflow/.local/lib/python3.9/site-packages/airflow/models/taskinstance.py", line 274, in _run_raw_task
    TaskInstance._execute_task_with_callbacks(
  File "/home/airflow/.local/lib/python3.9/site-packages/airflow/models/taskinstance.py", line 3161, in _execute_task_with_callbacks
    result = self._execute_task(context, task_orig)
  File "/home/airflow/.local/lib/python3.9/site-packages/airflow/models/taskinstance.py", line 3185, in _execute_task
    return _execute_task(self, context, task_orig)
  File "/home/airflow/.local/lib/python3.9/site-packages/airflow/models/taskinstance.py", line 768, in _execute_task
    result = _execute_callable(context=context, **execute_callable_kwargs)
  File "/home/airflow/.local/lib/python3.9/site-packages/airflow/models/taskinstance.py", line 734, in _execute_callable
    return ExecutionCallableRunner(
  File "/home/airflow/.local/lib/python3.9/site-packages/airflow/utils/operator_helpers.py", line 252, in run
    return self.func(*args, **kwargs)
  File "/home/airflow/.local/lib/python3.9/site-packages/airflow/models/baseoperator.py", line 424, in wrapper
    return func(self, *args, **kwargs)
  File "/home/airflow/.local/lib/python3.9/site-packages/airflow/sensors/base.py", line 309, in execute
    raise e
  File "/home/airflow/.local/lib/python3.9/site-packages/airflow/sensors/base.py", line 289, in execute
    poke_return = self.poke(context)
  File "/home/airflow/.local/lib/python3.9/site-packages/airflow/sensors/python.py", line 76, in poke
    return_value = self.python_callable(*self.op_args, **self.op_kwargs)
  File "/opt/airflow/dags/replica_mongo_to_postgres.py", line 38, in check_connect_to_Mongo
    status, msg = hook.test_connection()
AttributeError: 'MongoHook' object has no attribute 'test_connection'
[2026-03-09T19:37:11.283+0000] {local_task_job_runner.py:266} INFO - Task exited with return code 1
[2026-03-09T19:37:11.294+0000] {taskinstance.py:3901} INFO - 0 downstream tasks scheduled from follow-on schedule check
[2026-03-09T19:37:11.295+0000] {local_task_job_runner.py:245} INFO - ::endgroup::
[2026-03-09T20:03:51.931+0000] {local_task_job_runner.py:123} INFO - ::group::Pre task execution logs
[2026-03-09T20:03:51.939+0000] {taskinstance.py:2614} INFO - Dependencies all met for dep_context=non-requeueable deps ti=<TaskInstance: replica_mongo_to_postgresql.check_connect_to_Mongo scheduled__2026-02-20T10:00:00+00:00 [queued]>
[2026-03-09T20:03:51.942+0000] {taskinstance.py:2614} INFO - Dependencies all met for dep_context=requeueable deps ti=<TaskInstance: replica_mongo_to_postgresql.check_connect_to_Mongo scheduled__2026-02-20T10:00:00+00:00 [queued]>
[2026-03-09T20:03:51.942+0000] {taskinstance.py:2867} INFO - Starting attempt 1 of 4
[2026-03-09T20:03:51.946+0000] {taskinstance.py:2890} INFO - Executing <Task(PythonSensor): check_connect_to_Mongo> on 2026-02-20 10:00:00+00:00
[2026-03-09T20:03:51.948+0000] {standard_task_runner.py:72} INFO - Started process 580 to run task
[2026-03-09T20:03:51.950+0000] {standard_task_runner.py:104} INFO - Running: ['***', 'tasks', 'run', 'replica_mongo_to_postgresql', 'check_connect_to_Mongo', 'scheduled__2026-02-20T10:00:00+00:00', '--job-id', '101', '--raw', '--subdir', 'DAGS_FOLDER/replica_mongo_to_postgres.py', '--cfg-path', '/tmp/tmpd9pulraw']
[2026-03-09T20:03:51.956+0000] {standard_task_runner.py:105} INFO - Job 101: Subtask check_connect_to_Mongo
[2026-03-09T20:03:51.964+0000] {warnings.py:109} WARNING - /home/***/.local/lib/python3.9/site-packages/***/settings.py:209: DeprecationWarning: The sql_alchemy_conn option in [core] has been moved to the sql_alchemy_conn option in [database] - the old setting has been used, but please update your config.
  SQL_ALCHEMY_CONN = conf.get("database", "SQL_ALCHEMY_CONN")

[2026-03-09T20:03:51.982+0000] {task_command.py:467} INFO - Running <TaskInstance: replica_mongo_to_postgresql.check_connect_to_Mongo scheduled__2026-02-20T10:00:00+00:00 [running]> on host 6186f28317bc
[2026-03-09T20:03:51.983+0000] {warnings.py:109} WARNING - /home/***/.local/lib/python3.9/site-packages/***/settings.py:470: DeprecationWarning: The sql_alchemy_conn option in [core] has been moved to the sql_alchemy_conn option in [database] - the old setting has been used, but please update your config.
  if conf.get("database", "sql_alchemy_conn") == "none://":

[2026-03-09T20:03:52.010+0000] {taskinstance.py:3134} INFO - Exporting env vars: AIRFLOW_CTX_DAG_OWNER='a.sorokin' AIRFLOW_CTX_DAG_ID='replica_mongo_to_postgresql' AIRFLOW_CTX_TASK_ID='check_connect_to_Mongo' AIRFLOW_CTX_EXECUTION_DATE='2026-02-20T10:00:00+00:00' AIRFLOW_CTX_TRY_NUMBER='1' AIRFLOW_CTX_DAG_RUN_ID='scheduled__2026-02-20T10:00:00+00:00'
[2026-03-09T20:03:52.010+0000] {taskinstance.py:732} INFO - ::endgroup::
[2026-03-09T20:03:52.015+0000] {python.py:75} INFO - Poking callable: <function check_connect_to_Mongo at 0xffffa2c063a0>
[2026-03-09T20:03:52.021+0000] {base.py:84} INFO - Retrieving connection 'mongo-db'
[2026-03-09T20:03:52.032+0000] {logging_mixin.py:190} INFO - Сервер ответил
[2026-03-09T20:03:52.032+0000] {base.py:339} INFO - Success criteria met. Exiting.
[2026-03-09T20:03:52.036+0000] {taskinstance.py:341} INFO - ::group::Post task execution logs
[2026-03-09T20:03:52.036+0000] {taskinstance.py:353} INFO - Marking task as SUCCESS. dag_id=replica_mongo_to_postgresql, task_id=check_connect_to_Mongo, run_id=scheduled__2026-02-20T10:00:00+00:00, execution_date=20260220T100000, start_date=20260309T200351, end_date=20260309T200352
[2026-03-09T20:03:52.051+0000] {local_task_job_runner.py:266} INFO - Task exited with return code 0
[2026-03-09T20:03:52.060+0000] {taskinstance.py:3901} INFO - 0 downstream tasks scheduled from follow-on schedule check
[2026-03-09T20:03:52.060+0000] {local_task_job_runner.py:245} INFO - ::endgroup::
[2026-03-10T00:37:01.990+0000] {local_task_job_runner.py:123} INFO - ::group::Pre task execution logs
[2026-03-10T00:37:01.998+0000] {taskinstance.py:2614} INFO - Dependencies all met for dep_context=non-requeueable deps ti=<TaskInstance: replica_mongo_to_postgresql.check_connect_to_Mongo scheduled__2026-02-20T10:00:00+00:00 [queued]>
[2026-03-10T00:37:02.001+0000] {taskinstance.py:2614} INFO - Dependencies all met for dep_context=requeueable deps ti=<TaskInstance: replica_mongo_to_postgresql.check_connect_to_Mongo scheduled__2026-02-20T10:00:00+00:00 [queued]>
[2026-03-10T00:37:02.001+0000] {taskinstance.py:2867} INFO - Starting attempt 1 of 4
[2026-03-10T00:37:02.004+0000] {taskinstance.py:2890} INFO - Executing <Task(PythonSensor): check_connect_to_Mongo> on 2026-02-20 10:00:00+00:00
[2026-03-10T00:37:02.007+0000] {standard_task_runner.py:72} INFO - Started process 162 to run task
[2026-03-10T00:37:02.008+0000] {standard_task_runner.py:104} INFO - Running: ['***', 'tasks', 'run', 'replica_mongo_to_postgresql', 'check_connect_to_Mongo', 'scheduled__2026-02-20T10:00:00+00:00', '--job-id', '15', '--raw', '--subdir', 'DAGS_FOLDER/replica_mongo_to_postgres.py', '--cfg-path', '/tmp/tmphtabk8u8']
[2026-03-10T00:37:02.010+0000] {standard_task_runner.py:105} INFO - Job 15: Subtask check_connect_to_Mongo
[2026-03-10T00:37:02.015+0000] {warnings.py:109} WARNING - /home/***/.local/lib/python3.9/site-packages/***/settings.py:209: DeprecationWarning: The sql_alchemy_conn option in [core] has been moved to the sql_alchemy_conn option in [database] - the old setting has been used, but please update your config.
  SQL_ALCHEMY_CONN = conf.get("database", "SQL_ALCHEMY_CONN")

[2026-03-10T00:37:02.029+0000] {task_command.py:467} INFO - Running <TaskInstance: replica_mongo_to_postgresql.check_connect_to_Mongo scheduled__2026-02-20T10:00:00+00:00 [running]> on host 533364561d1f
[2026-03-10T00:37:02.029+0000] {warnings.py:109} WARNING - /home/***/.local/lib/python3.9/site-packages/***/settings.py:470: DeprecationWarning: The sql_alchemy_conn option in [core] has been moved to the sql_alchemy_conn option in [database] - the old setting has been used, but please update your config.
  if conf.get("database", "sql_alchemy_conn") == "none://":

[2026-03-10T00:37:02.053+0000] {taskinstance.py:3134} INFO - Exporting env vars: AIRFLOW_CTX_DAG_OWNER='a.sorokin' AIRFLOW_CTX_DAG_ID='replica_mongo_to_postgresql' AIRFLOW_CTX_TASK_ID='check_connect_to_Mongo' AIRFLOW_CTX_EXECUTION_DATE='2026-02-20T10:00:00+00:00' AIRFLOW_CTX_TRY_NUMBER='1' AIRFLOW_CTX_DAG_RUN_ID='scheduled__2026-02-20T10:00:00+00:00'
[2026-03-10T00:37:02.054+0000] {taskinstance.py:732} INFO - ::endgroup::
[2026-03-10T00:37:02.058+0000] {python.py:75} INFO - Poking callable: <function check_connect_to_Mongo at 0xffff86e23310>
[2026-03-10T00:37:02.064+0000] {base.py:84} INFO - Retrieving connection 'mongo-db'
[2026-03-10T00:37:02.074+0000] {logging_mixin.py:190} INFO - Сервер ответил
[2026-03-10T00:37:02.074+0000] {base.py:339} INFO - Success criteria met. Exiting.
[2026-03-10T00:37:02.078+0000] {taskinstance.py:341} INFO - ::group::Post task execution logs
[2026-03-10T00:37:02.078+0000] {taskinstance.py:353} INFO - Marking task as SUCCESS. dag_id=replica_mongo_to_postgresql, task_id=check_connect_to_Mongo, run_id=scheduled__2026-02-20T10:00:00+00:00, execution_date=20260220T100000, start_date=20260310T003701, end_date=20260310T003702
[2026-03-10T00:37:02.105+0000] {local_task_job_runner.py:266} INFO - Task exited with return code 0
[2026-03-10T00:37:02.116+0000] {taskinstance.py:3901} INFO - 1 downstream tasks scheduled from follow-on schedule check
[2026-03-10T00:37:02.117+0000] {local_task_job_runner.py:245} INFO - ::endgroup::
[2026-03-10T00:51:03.175+0000] {local_task_job_runner.py:123} INFO - ::group::Pre task execution logs
[2026-03-10T00:51:03.182+0000] {taskinstance.py:2614} INFO - Dependencies all met for dep_context=non-requeueable deps ti=<TaskInstance: replica_mongo_to_postgresql.check_connect_to_Mongo scheduled__2026-02-20T10:00:00+00:00 [queued]>
[2026-03-10T00:51:03.185+0000] {taskinstance.py:2614} INFO - Dependencies all met for dep_context=requeueable deps ti=<TaskInstance: replica_mongo_to_postgresql.check_connect_to_Mongo scheduled__2026-02-20T10:00:00+00:00 [queued]>
[2026-03-10T00:51:03.185+0000] {taskinstance.py:2867} INFO - Starting attempt 1 of 4
[2026-03-10T00:51:03.189+0000] {taskinstance.py:2890} INFO - Executing <Task(PythonSensor): check_connect_to_Mongo> on 2026-02-20 10:00:00+00:00
[2026-03-10T00:51:03.191+0000] {standard_task_runner.py:72} INFO - Started process 162 to run task
[2026-03-10T00:51:03.193+0000] {standard_task_runner.py:104} INFO - Running: ['***', 'tasks', 'run', 'replica_mongo_to_postgresql', 'check_connect_to_Mongo', 'scheduled__2026-02-20T10:00:00+00:00', '--job-id', '15', '--raw', '--subdir', 'DAGS_FOLDER/replica_mongo_to_postgres.py', '--cfg-path', '/tmp/tmpszgfvxcu']
[2026-03-10T00:51:03.194+0000] {standard_task_runner.py:105} INFO - Job 15: Subtask check_connect_to_Mongo
[2026-03-10T00:51:03.199+0000] {warnings.py:109} WARNING - /home/***/.local/lib/python3.9/site-packages/***/settings.py:209: DeprecationWarning: The sql_alchemy_conn option in [core] has been moved to the sql_alchemy_conn option in [database] - the old setting has been used, but please update your config.
  SQL_ALCHEMY_CONN = conf.get("database", "SQL_ALCHEMY_CONN")

[2026-03-10T00:51:03.213+0000] {task_command.py:467} INFO - Running <TaskInstance: replica_mongo_to_postgresql.check_connect_to_Mongo scheduled__2026-02-20T10:00:00+00:00 [running]> on host 4b5206882624
[2026-03-10T00:51:03.213+0000] {warnings.py:109} WARNING - /home/***/.local/lib/python3.9/site-packages/***/settings.py:470: DeprecationWarning: The sql_alchemy_conn option in [core] has been moved to the sql_alchemy_conn option in [database] - the old setting has been used, but please update your config.
  if conf.get("database", "sql_alchemy_conn") == "none://":

[2026-03-10T00:51:03.237+0000] {taskinstance.py:3134} INFO - Exporting env vars: AIRFLOW_CTX_DAG_OWNER='a.sorokin' AIRFLOW_CTX_DAG_ID='replica_mongo_to_postgresql' AIRFLOW_CTX_TASK_ID='check_connect_to_Mongo' AIRFLOW_CTX_EXECUTION_DATE='2026-02-20T10:00:00+00:00' AIRFLOW_CTX_TRY_NUMBER='1' AIRFLOW_CTX_DAG_RUN_ID='scheduled__2026-02-20T10:00:00+00:00'
[2026-03-10T00:51:03.237+0000] {taskinstance.py:732} INFO - ::endgroup::
[2026-03-10T00:51:03.241+0000] {python.py:75} INFO - Poking callable: <function check_connect_to_Mongo at 0xffff82425310>
[2026-03-10T00:51:03.248+0000] {base.py:84} INFO - Retrieving connection 'mongo-db'
[2026-03-10T00:51:03.259+0000] {logging_mixin.py:190} INFO - Сервер ответил
[2026-03-10T00:51:03.259+0000] {base.py:339} INFO - Success criteria met. Exiting.
[2026-03-10T00:51:03.264+0000] {taskinstance.py:341} INFO - ::group::Post task execution logs
[2026-03-10T00:51:03.264+0000] {taskinstance.py:353} INFO - Marking task as SUCCESS. dag_id=replica_mongo_to_postgresql, task_id=check_connect_to_Mongo, run_id=scheduled__2026-02-20T10:00:00+00:00, execution_date=20260220T100000, start_date=20260310T005103, end_date=20260310T005103
[2026-03-10T00:51:03.290+0000] {local_task_job_runner.py:266} INFO - Task exited with return code 0
[2026-03-10T00:51:03.305+0000] {taskinstance.py:3901} INFO - 1 downstream tasks scheduled from follow-on schedule check
[2026-03-10T00:51:03.306+0000] {local_task_job_runner.py:245} INFO - ::endgroup::
