[2026-03-10T00:51:22.092+0000] {local_task_job_runner.py:123} INFO - ::group::Pre task execution logs
[2026-03-10T00:51:22.098+0000] {taskinstance.py:2614} INFO - Dependencies all met for dep_context=non-requeueable deps ti=<TaskInstance: replica_mongo_to_postgresql.mongo_to_postgres manual__2026-03-10T00:50:48.811108+00:00 [queued]>
[2026-03-10T00:51:22.101+0000] {taskinstance.py:2614} INFO - Dependencies all met for dep_context=requeueable deps ti=<TaskInstance: replica_mongo_to_postgresql.mongo_to_postgres manual__2026-03-10T00:50:48.811108+00:00 [queued]>
[2026-03-10T00:51:22.101+0000] {taskinstance.py:2867} INFO - Starting attempt 1 of 4
[2026-03-10T00:51:22.105+0000] {taskinstance.py:2890} INFO - Executing <Task(PythonOperator): mongo_to_postgres> on 2026-03-10 00:50:48.811108+00:00
[2026-03-10T00:51:22.107+0000] {standard_task_runner.py:72} INFO - Started process 288 to run task
[2026-03-10T00:51:22.109+0000] {standard_task_runner.py:104} INFO - Running: ['***', 'tasks', 'run', 'replica_mongo_to_postgresql', 'mongo_to_postgres', 'manual__2026-03-10T00:50:48.811108+00:00', '--job-id', '33', '--raw', '--subdir', 'DAGS_FOLDER/replica_mongo_to_postgres.py', '--cfg-path', '/tmp/tmpnq9n_zfz']
[2026-03-10T00:51:22.110+0000] {standard_task_runner.py:105} INFO - Job 33: Subtask mongo_to_postgres
[2026-03-10T00:51:22.115+0000] {warnings.py:109} WARNING - /home/***/.local/lib/python3.9/site-packages/***/settings.py:209: DeprecationWarning: The sql_alchemy_conn option in [core] has been moved to the sql_alchemy_conn option in [database] - the old setting has been used, but please update your config.
  SQL_ALCHEMY_CONN = conf.get("database", "SQL_ALCHEMY_CONN")

[2026-03-10T00:51:22.127+0000] {task_command.py:467} INFO - Running <TaskInstance: replica_mongo_to_postgresql.mongo_to_postgres manual__2026-03-10T00:50:48.811108+00:00 [running]> on host 4b5206882624
[2026-03-10T00:51:22.152+0000] {taskinstance.py:3134} INFO - Exporting env vars: AIRFLOW_CTX_DAG_OWNER='a.sorokin' AIRFLOW_CTX_DAG_ID='replica_mongo_to_postgresql' AIRFLOW_CTX_TASK_ID='mongo_to_postgres' AIRFLOW_CTX_EXECUTION_DATE='2026-03-10T00:50:48.811108+00:00' AIRFLOW_CTX_TRY_NUMBER='1' AIRFLOW_CTX_DAG_RUN_ID='manual__2026-03-10T00:50:48.811108+00:00'
[2026-03-10T00:51:22.152+0000] {taskinstance.py:732} INFO - ::endgroup::
[2026-03-10T00:51:22.162+0000] {base.py:84} INFO - Retrieving connection 'mongo-db'
[2026-03-10T00:51:22.170+0000] {base.py:84} INFO - Retrieving connection '***-db'
[2026-03-10T00:51:22.179+0000] {python.py:240} INFO - Done. Returned value was: None
[2026-03-10T00:51:22.183+0000] {taskinstance.py:341} INFO - ::group::Post task execution logs
[2026-03-10T00:51:22.183+0000] {taskinstance.py:353} INFO - Marking task as SUCCESS. dag_id=replica_mongo_to_***ql, task_id=mongo_to_***, run_id=manual__2026-03-10T00:50:48.811108+00:00, execution_date=20260310T005048, start_date=20260310T005122, end_date=20260310T005122
[2026-03-10T00:51:22.209+0000] {local_task_job_runner.py:266} INFO - Task exited with return code 0
[2026-03-10T00:51:22.218+0000] {taskinstance.py:3901} INFO - 0 downstream tasks scheduled from follow-on schedule check
[2026-03-10T00:51:22.218+0000] {local_task_job_runner.py:245} INFO - ::endgroup::
