[2026-03-09T20:04:06.420+0000] {local_task_job_runner.py:123} INFO - ::group::Pre task execution logs
[2026-03-09T20:04:06.427+0000] {taskinstance.py:2614} INFO - Dependencies all met for dep_context=non-requeueable deps ti=<TaskInstance: replica_mongo_to_postgresql.check_connect_to_Mongo scheduled__2026-03-03T10:00:00+00:00 [queued]>
[2026-03-09T20:04:06.429+0000] {taskinstance.py:2614} INFO - Dependencies all met for dep_context=requeueable deps ti=<TaskInstance: replica_mongo_to_postgresql.check_connect_to_Mongo scheduled__2026-03-03T10:00:00+00:00 [queued]>
[2026-03-09T20:04:06.430+0000] {taskinstance.py:2867} INFO - Starting attempt 1 of 4
[2026-03-09T20:04:06.433+0000] {taskinstance.py:2890} INFO - Executing <Task(PythonSensor): check_connect_to_Mongo> on 2026-03-03 10:00:00+00:00
[2026-03-09T20:04:06.435+0000] {standard_task_runner.py:72} INFO - Started process 657 to run task
[2026-03-09T20:04:06.437+0000] {standard_task_runner.py:104} INFO - Running: ['***', 'tasks', 'run', 'replica_mongo_to_postgresql', 'check_connect_to_Mongo', 'scheduled__2026-03-03T10:00:00+00:00', '--job-id', '112', '--raw', '--subdir', 'DAGS_FOLDER/replica_mongo_to_postgres.py', '--cfg-path', '/tmp/tmpjvh92kay']
[2026-03-09T20:04:06.438+0000] {standard_task_runner.py:105} INFO - Job 112: Subtask check_connect_to_Mongo
[2026-03-09T20:04:06.443+0000] {warnings.py:109} WARNING - /home/***/.local/lib/python3.9/site-packages/***/settings.py:209: DeprecationWarning: The sql_alchemy_conn option in [core] has been moved to the sql_alchemy_conn option in [database] - the old setting has been used, but please update your config.
  SQL_ALCHEMY_CONN = conf.get("database", "SQL_ALCHEMY_CONN")

[2026-03-09T20:04:06.457+0000] {task_command.py:467} INFO - Running <TaskInstance: replica_mongo_to_postgresql.check_connect_to_Mongo scheduled__2026-03-03T10:00:00+00:00 [running]> on host 6186f28317bc
[2026-03-09T20:04:06.457+0000] {warnings.py:109} WARNING - /home/***/.local/lib/python3.9/site-packages/***/settings.py:470: DeprecationWarning: The sql_alchemy_conn option in [core] has been moved to the sql_alchemy_conn option in [database] - the old setting has been used, but please update your config.
  if conf.get("database", "sql_alchemy_conn") == "none://":

[2026-03-09T20:04:06.483+0000] {taskinstance.py:3134} INFO - Exporting env vars: AIRFLOW_CTX_DAG_OWNER='a.sorokin' AIRFLOW_CTX_DAG_ID='replica_mongo_to_postgresql' AIRFLOW_CTX_TASK_ID='check_connect_to_Mongo' AIRFLOW_CTX_EXECUTION_DATE='2026-03-03T10:00:00+00:00' AIRFLOW_CTX_TRY_NUMBER='1' AIRFLOW_CTX_DAG_RUN_ID='scheduled__2026-03-03T10:00:00+00:00'
[2026-03-09T20:04:06.484+0000] {taskinstance.py:732} INFO - ::endgroup::
[2026-03-09T20:04:06.488+0000] {python.py:75} INFO - Poking callable: <function check_connect_to_Mongo at 0xffffa2c063a0>
[2026-03-09T20:04:06.494+0000] {base.py:84} INFO - Retrieving connection 'mongo-db'
[2026-03-09T20:04:06.504+0000] {logging_mixin.py:190} INFO - Сервер ответил
[2026-03-09T20:04:06.505+0000] {base.py:339} INFO - Success criteria met. Exiting.
[2026-03-09T20:04:06.509+0000] {taskinstance.py:341} INFO - ::group::Post task execution logs
[2026-03-09T20:04:06.509+0000] {taskinstance.py:353} INFO - Marking task as SUCCESS. dag_id=replica_mongo_to_postgresql, task_id=check_connect_to_Mongo, run_id=scheduled__2026-03-03T10:00:00+00:00, execution_date=20260303T100000, start_date=20260309T200406, end_date=20260309T200406
[2026-03-09T20:04:06.535+0000] {local_task_job_runner.py:266} INFO - Task exited with return code 0
[2026-03-09T20:04:06.544+0000] {taskinstance.py:3901} INFO - 0 downstream tasks scheduled from follow-on schedule check
[2026-03-09T20:04:06.544+0000] {local_task_job_runner.py:245} INFO - ::endgroup::
[2026-03-10T00:51:32.325+0000] {local_task_job_runner.py:123} INFO - ::group::Pre task execution logs
[2026-03-10T00:51:32.331+0000] {taskinstance.py:2614} INFO - Dependencies all met for dep_context=non-requeueable deps ti=<TaskInstance: replica_mongo_to_postgresql.check_connect_to_Mongo scheduled__2026-03-03T10:00:00+00:00 [queued]>
[2026-03-10T00:51:32.334+0000] {taskinstance.py:2614} INFO - Dependencies all met for dep_context=requeueable deps ti=<TaskInstance: replica_mongo_to_postgresql.check_connect_to_Mongo scheduled__2026-03-03T10:00:00+00:00 [queued]>
[2026-03-10T00:51:32.334+0000] {taskinstance.py:2867} INFO - Starting attempt 1 of 4
[2026-03-10T00:51:32.338+0000] {taskinstance.py:2890} INFO - Executing <Task(PythonSensor): check_connect_to_Mongo> on 2026-03-03 10:00:00+00:00
[2026-03-10T00:51:32.340+0000] {standard_task_runner.py:72} INFO - Started process 358 to run task
[2026-03-10T00:51:32.341+0000] {standard_task_runner.py:104} INFO - Running: ['***', 'tasks', 'run', 'replica_mongo_to_postgresql', 'check_connect_to_Mongo', 'scheduled__2026-03-03T10:00:00+00:00', '--job-id', '43', '--raw', '--subdir', 'DAGS_FOLDER/replica_mongo_to_postgres.py', '--cfg-path', '/tmp/tmpnm26qxn7']
[2026-03-10T00:51:32.343+0000] {standard_task_runner.py:105} INFO - Job 43: Subtask check_connect_to_Mongo
[2026-03-10T00:51:32.349+0000] {warnings.py:109} WARNING - /home/***/.local/lib/python3.9/site-packages/***/settings.py:209: DeprecationWarning: The sql_alchemy_conn option in [core] has been moved to the sql_alchemy_conn option in [database] - the old setting has been used, but please update your config.
  SQL_ALCHEMY_CONN = conf.get("database", "SQL_ALCHEMY_CONN")

[2026-03-10T00:51:32.361+0000] {task_command.py:467} INFO - Running <TaskInstance: replica_mongo_to_postgresql.check_connect_to_Mongo scheduled__2026-03-03T10:00:00+00:00 [running]> on host 4b5206882624
[2026-03-10T00:51:32.361+0000] {warnings.py:109} WARNING - /home/***/.local/lib/python3.9/site-packages/***/settings.py:470: DeprecationWarning: The sql_alchemy_conn option in [core] has been moved to the sql_alchemy_conn option in [database] - the old setting has been used, but please update your config.
  if conf.get("database", "sql_alchemy_conn") == "none://":

[2026-03-10T00:51:32.388+0000] {taskinstance.py:3134} INFO - Exporting env vars: AIRFLOW_CTX_DAG_OWNER='a.sorokin' AIRFLOW_CTX_DAG_ID='replica_mongo_to_postgresql' AIRFLOW_CTX_TASK_ID='check_connect_to_Mongo' AIRFLOW_CTX_EXECUTION_DATE='2026-03-03T10:00:00+00:00' AIRFLOW_CTX_TRY_NUMBER='1' AIRFLOW_CTX_DAG_RUN_ID='scheduled__2026-03-03T10:00:00+00:00'
[2026-03-10T00:51:32.388+0000] {taskinstance.py:732} INFO - ::endgroup::
[2026-03-10T00:51:32.393+0000] {python.py:75} INFO - Poking callable: <function check_connect_to_Mongo at 0xffff82426310>
[2026-03-10T00:51:32.399+0000] {base.py:84} INFO - Retrieving connection 'mongo-db'
[2026-03-10T00:51:32.410+0000] {logging_mixin.py:190} INFO - Сервер ответил
[2026-03-10T00:51:32.410+0000] {base.py:339} INFO - Success criteria met. Exiting.
[2026-03-10T00:51:32.414+0000] {taskinstance.py:341} INFO - ::group::Post task execution logs
[2026-03-10T00:51:32.414+0000] {taskinstance.py:353} INFO - Marking task as SUCCESS. dag_id=replica_mongo_to_postgresql, task_id=check_connect_to_Mongo, run_id=scheduled__2026-03-03T10:00:00+00:00, execution_date=20260303T100000, start_date=20260310T005132, end_date=20260310T005132
[2026-03-10T00:51:32.440+0000] {local_task_job_runner.py:266} INFO - Task exited with return code 0
[2026-03-10T00:51:32.451+0000] {taskinstance.py:3901} INFO - 1 downstream tasks scheduled from follow-on schedule check
[2026-03-10T00:51:32.451+0000] {local_task_job_runner.py:245} INFO - ::endgroup::
