[2026-03-09T19:38:19.711+0000] {local_task_job_runner.py:123} INFO - ::group::Pre task execution logs
[2026-03-09T19:38:19.718+0000] {taskinstance.py:2614} INFO - Dependencies all met for dep_context=non-requeueable deps ti=<TaskInstance: replica_mongo_to_postgresql.check_connect_to_Mongo scheduled__2026-01-30T10:00:00+00:00 [queued]>
[2026-03-09T19:38:19.721+0000] {taskinstance.py:2614} INFO - Dependencies all met for dep_context=requeueable deps ti=<TaskInstance: replica_mongo_to_postgresql.check_connect_to_Mongo scheduled__2026-01-30T10:00:00+00:00 [queued]>
[2026-03-09T19:38:19.722+0000] {taskinstance.py:2867} INFO - Starting attempt 8 of 11
[2026-03-09T19:38:19.726+0000] {taskinstance.py:2890} INFO - Executing <Task(PythonSensor): check_connect_to_Mongo> on 2026-01-30 10:00:00+00:00
[2026-03-09T19:38:19.729+0000] {standard_task_runner.py:72} INFO - Started process 406 to run task
[2026-03-09T19:38:19.738+0000] {standard_task_runner.py:104} INFO - Running: ['***', 'tasks', 'run', 'replica_mongo_to_postgresql', 'check_connect_to_Mongo', 'scheduled__2026-01-30T10:00:00+00:00', '--job-id', '86', '--raw', '--subdir', 'DAGS_FOLDER/replica_mongo_to_postgres.py', '--cfg-path', '/tmp/tmpipw2artq']
[2026-03-09T19:38:19.740+0000] {standard_task_runner.py:105} INFO - Job 86: Subtask check_connect_to_Mongo
[2026-03-09T19:38:19.746+0000] {warnings.py:109} WARNING - /home/***/.local/lib/python3.9/site-packages/***/settings.py:209: DeprecationWarning: The sql_alchemy_conn option in [core] has been moved to the sql_alchemy_conn option in [database] - the old setting has been used, but please update your config.
  SQL_ALCHEMY_CONN = conf.get("database", "SQL_ALCHEMY_CONN")

[2026-03-09T19:38:19.763+0000] {task_command.py:467} INFO - Running <TaskInstance: replica_mongo_to_postgresql.check_connect_to_Mongo scheduled__2026-01-30T10:00:00+00:00 [running]> on host 6186f28317bc
[2026-03-09T19:38:19.764+0000] {warnings.py:109} WARNING - /home/***/.local/lib/python3.9/site-packages/***/settings.py:470: DeprecationWarning: The sql_alchemy_conn option in [core] has been moved to the sql_alchemy_conn option in [database] - the old setting has been used, but please update your config.
  if conf.get("database", "sql_alchemy_conn") == "none://":

[2026-03-09T19:38:19.793+0000] {taskinstance.py:3134} INFO - Exporting env vars: AIRFLOW_CTX_DAG_OWNER='a.sorokin' AIRFLOW_CTX_DAG_ID='replica_mongo_to_postgresql' AIRFLOW_CTX_TASK_ID='check_connect_to_Mongo' AIRFLOW_CTX_EXECUTION_DATE='2026-01-30T10:00:00+00:00' AIRFLOW_CTX_TRY_NUMBER='8' AIRFLOW_CTX_DAG_RUN_ID='scheduled__2026-01-30T10:00:00+00:00'
[2026-03-09T19:38:19.793+0000] {taskinstance.py:732} INFO - ::endgroup::
[2026-03-09T19:38:19.798+0000] {python.py:75} INFO - Poking callable: <function check_connect_to_Mongo at 0xffffa2c06310>
[2026-03-09T19:38:19.806+0000] {base.py:84} INFO - Retrieving connection 'mongo-db'
[2026-03-09T19:38:19.827+0000] {logging_mixin.py:190} INFO - Сервер не ответил
[2026-03-09T19:39:19.886+0000] {python.py:75} INFO - Poking callable: <function check_connect_to_Mongo at 0xffffa2c06310>
[2026-03-09T19:39:19.908+0000] {base.py:84} INFO - Retrieving connection 'mongo-db'
[2026-03-09T19:39:19.918+0000] {logging_mixin.py:190} INFO - Сервер не ответил
[2026-03-09T19:40:19.979+0000] {python.py:75} INFO - Poking callable: <function check_connect_to_Mongo at 0xffffa2c06310>
[2026-03-09T19:40:20.003+0000] {base.py:84} INFO - Retrieving connection 'mongo-db'
[2026-03-09T19:40:20.018+0000] {logging_mixin.py:190} INFO - Сервер не ответил
[2026-03-09T19:41:20.056+0000] {python.py:75} INFO - Poking callable: <function check_connect_to_Mongo at 0xffffa2c06310>
[2026-03-09T19:41:20.086+0000] {base.py:84} INFO - Retrieving connection 'mongo-db'
[2026-03-09T19:41:20.103+0000] {logging_mixin.py:190} INFO - Сервер не ответил
[2026-03-09T19:42:20.130+0000] {python.py:75} INFO - Poking callable: <function check_connect_to_Mongo at 0xffffa2c06310>
[2026-03-09T19:42:20.149+0000] {base.py:84} INFO - Retrieving connection 'mongo-db'
[2026-03-09T19:42:20.157+0000] {logging_mixin.py:190} INFO - Сервер не ответил
[2026-03-09T19:43:20.184+0000] {python.py:75} INFO - Poking callable: <function check_connect_to_Mongo at 0xffffa2c06310>
[2026-03-09T19:43:20.213+0000] {base.py:84} INFO - Retrieving connection 'mongo-db'
[2026-03-09T19:43:20.229+0000] {logging_mixin.py:190} INFO - Сервер не ответил
[2026-03-09T19:44:20.254+0000] {python.py:75} INFO - Poking callable: <function check_connect_to_Mongo at 0xffffa2c06310>
[2026-03-09T19:44:20.281+0000] {base.py:84} INFO - Retrieving connection 'mongo-db'
[2026-03-09T19:44:20.295+0000] {logging_mixin.py:190} INFO - Сервер не ответил
[2026-03-09T19:45:20.322+0000] {python.py:75} INFO - Poking callable: <function check_connect_to_Mongo at 0xffffa2c06310>
[2026-03-09T19:45:20.333+0000] {base.py:84} INFO - Retrieving connection 'mongo-db'
[2026-03-09T19:45:20.341+0000] {logging_mixin.py:190} INFO - Сервер не ответил
[2026-03-09T19:46:20.368+0000] {python.py:75} INFO - Poking callable: <function check_connect_to_Mongo at 0xffffa2c06310>
[2026-03-09T19:46:20.379+0000] {base.py:84} INFO - Retrieving connection 'mongo-db'
[2026-03-09T19:46:20.386+0000] {logging_mixin.py:190} INFO - Сервер не ответил
[2026-03-09T19:47:20.401+0000] {python.py:75} INFO - Poking callable: <function check_connect_to_Mongo at 0xffffa2c06310>
[2026-03-09T19:47:20.414+0000] {base.py:84} INFO - Retrieving connection 'mongo-db'
[2026-03-09T19:47:20.424+0000] {logging_mixin.py:190} INFO - Сервер не ответил
[2026-03-09T19:48:20.461+0000] {python.py:75} INFO - Poking callable: <function check_connect_to_Mongo at 0xffffa2c06310>
[2026-03-09T19:48:20.474+0000] {base.py:84} INFO - Retrieving connection 'mongo-db'
[2026-03-09T19:48:20.482+0000] {logging_mixin.py:190} INFO - Сервер не ответил
[2026-03-09T19:49:20.523+0000] {python.py:75} INFO - Poking callable: <function check_connect_to_Mongo at 0xffffa2c06310>
[2026-03-09T19:49:20.534+0000] {base.py:84} INFO - Retrieving connection 'mongo-db'
[2026-03-09T19:49:20.540+0000] {logging_mixin.py:190} INFO - Сервер не ответил
[2026-03-09T19:50:20.572+0000] {python.py:75} INFO - Poking callable: <function check_connect_to_Mongo at 0xffffa2c06310>
[2026-03-09T19:50:20.605+0000] {base.py:84} INFO - Retrieving connection 'mongo-db'
[2026-03-09T19:50:20.624+0000] {logging_mixin.py:190} INFO - Сервер не ответил
[2026-03-09T19:51:20.630+0000] {python.py:75} INFO - Poking callable: <function check_connect_to_Mongo at 0xffffa2c06310>
[2026-03-09T19:51:20.670+0000] {base.py:84} INFO - Retrieving connection 'mongo-db'
[2026-03-09T19:51:20.692+0000] {logging_mixin.py:190} INFO - Сервер не ответил
[2026-03-09T19:51:56.632+0000] {local_task_job_runner.py:346} WARNING - State of this instance has been externally set to None. Terminating instance.
[2026-03-09T19:51:56.639+0000] {local_task_job_runner.py:245} INFO - ::endgroup::
[2026-03-09T19:51:56.641+0000] {process_utils.py:132} INFO - Sending 15 to group 406. PIDs of all processes in the group: [406]
[2026-03-09T19:51:56.642+0000] {process_utils.py:87} INFO - Sending the signal 15 to group 406
[2026-03-09T19:51:56.643+0000] {taskinstance.py:3094} ERROR - Received SIGTERM. Terminating subprocesses.
[2026-03-09T19:51:56.647+0000] {taskinstance.py:3095} ERROR - Stacktrace: 
  File "/home/***/.local/bin/***", line 8, in <module>
    sys.exit(main())
  File "/home/***/.local/lib/python3.9/site-packages/***/__main__.py", line 62, in main
    args.func(args)
  File "/home/***/.local/lib/python3.9/site-packages/***/cli/cli_config.py", line 49, in command
    return func(*args, **kwargs)
  File "/home/***/.local/lib/python3.9/site-packages/***/utils/cli.py", line 116, in wrapper
    return f(*args, **kwargs)
  File "/home/***/.local/lib/python3.9/site-packages/***/providers/celery/cli/celery_command.py", line 64, in wrapper
    providers_configuration_loaded(func)(*args, **kwargs)
  File "/home/***/.local/lib/python3.9/site-packages/***/utils/providers_configuration_loader.py", line 55, in wrapped_function
    return func(*args, **kwargs)
  File "/home/***/.local/lib/python3.9/site-packages/***/providers/celery/cli/celery_command.py", line 237, in worker
    _run_command_with_daemon_option(
  File "/home/***/.local/lib/python3.9/site-packages/***/providers/celery/cli/celery_command.py", line 50, in _run_command_with_daemon_option
    run_command_with_daemon_option(*args, **kwargs)
  File "/home/***/.local/lib/python3.9/site-packages/***/cli/commands/daemon_utils.py", line 86, in run_command_with_daemon_option
    callback()
  File "/home/***/.local/lib/python3.9/site-packages/***/providers/celery/cli/celery_command.py", line 230, in run_celery_worker
    celery_app.worker_main(options)
  File "/home/***/.local/lib/python3.9/site-packages/celery/app/base.py", line 391, in worker_main
    self.start(argv=argv)
  File "/home/***/.local/lib/python3.9/site-packages/celery/app/base.py", line 371, in start
    celery.main(args=argv, standalone_mode=False)
  File "/home/***/.local/lib/python3.9/site-packages/click/core.py", line 1082, in main
    rv = self.invoke(ctx)
  File "/home/***/.local/lib/python3.9/site-packages/click/core.py", line 1697, in invoke
    return _process_result(sub_ctx.command.invoke(sub_ctx))
  File "/home/***/.local/lib/python3.9/site-packages/click/core.py", line 1443, in invoke
    return ctx.invoke(self.callback, **ctx.params)
  File "/home/***/.local/lib/python3.9/site-packages/click/core.py", line 788, in invoke
    return __callback(*args, **kwargs)
  File "/home/***/.local/lib/python3.9/site-packages/click/decorators.py", line 33, in new_func
    return f(get_current_context(), *args, **kwargs)
  File "/home/***/.local/lib/python3.9/site-packages/celery/bin/base.py", line 135, in caller
    return f(ctx, *args, **kwargs)
  File "/home/***/.local/lib/python3.9/site-packages/celery/bin/worker.py", line 356, in worker
    worker.start()
  File "/home/***/.local/lib/python3.9/site-packages/celery/worker/worker.py", line 202, in start
    self.blueprint.start(self)
  File "/home/***/.local/lib/python3.9/site-packages/celery/bootsteps.py", line 116, in start
    step.start(parent)
  File "/home/***/.local/lib/python3.9/site-packages/celery/bootsteps.py", line 365, in start
    return self.obj.start()
  File "/home/***/.local/lib/python3.9/site-packages/celery/concurrency/base.py", line 130, in start
    self.on_start()
  File "/home/***/.local/lib/python3.9/site-packages/celery/concurrency/prefork.py", line 109, in on_start
    P = self._pool = Pool(processes=self.limit,
  File "/home/***/.local/lib/python3.9/site-packages/celery/concurrency/asynpool.py", line 464, in __init__
    super().__init__(processes, *args, **kwargs)
  File "/home/***/.local/lib/python3.9/site-packages/billiard/pool.py", line 1046, in __init__
    self._create_worker_process(i)
  File "/home/***/.local/lib/python3.9/site-packages/celery/concurrency/asynpool.py", line 482, in _create_worker_process
    return super()._create_worker_process(i)
  File "/home/***/.local/lib/python3.9/site-packages/billiard/pool.py", line 1158, in _create_worker_process
    w.start()
  File "/home/***/.local/lib/python3.9/site-packages/billiard/process.py", line 120, in start
    self._popen = self._Popen(self)
  File "/home/***/.local/lib/python3.9/site-packages/billiard/context.py", line 331, in _Popen
    return Popen(process_obj)
  File "/home/***/.local/lib/python3.9/site-packages/billiard/popen_fork.py", line 22, in __init__
    self._launch(process_obj)
  File "/home/***/.local/lib/python3.9/site-packages/billiard/popen_fork.py", line 77, in _launch
    code = process_obj._bootstrap()
  File "/home/***/.local/lib/python3.9/site-packages/billiard/process.py", line 323, in _bootstrap
    self.run()
  File "/home/***/.local/lib/python3.9/site-packages/billiard/process.py", line 110, in run
    self._target(*self._args, **self._kwargs)
  File "/home/***/.local/lib/python3.9/site-packages/billiard/pool.py", line 292, in __call__
    sys.exit(self.workloop(pid=pid))
  File "/home/***/.local/lib/python3.9/site-packages/billiard/pool.py", line 362, in workloop
    result = (True, prepare_result(fun(*args, **kwargs)))
  File "/home/***/.local/lib/python3.9/site-packages/celery/app/trace.py", line 651, in fast_trace_task
    R, I, T, Rstr = tasks[task].__trace__(
  File "/home/***/.local/lib/python3.9/site-packages/celery/app/trace.py", line 453, in trace_task
    R = retval = fun(*args, **kwargs)
  File "/home/***/.local/lib/python3.9/site-packages/celery/app/trace.py", line 736, in __protected_call__
    return self.run(*args, **kwargs)
  File "/home/***/.local/lib/python3.9/site-packages/***/providers/celery/executors/celery_executor_utils.py", line 139, in execute_command
    _execute_in_fork(command_to_exec, celery_task_id)
  File "/home/***/.local/lib/python3.9/site-packages/***/providers/celery/executors/celery_executor_utils.py", line 171, in _execute_in_fork
    args.func(args)
  File "/home/***/.local/lib/python3.9/site-packages/***/cli/cli_config.py", line 49, in command
    return func(*args, **kwargs)
  File "/home/***/.local/lib/python3.9/site-packages/***/utils/cli.py", line 116, in wrapper
    return f(*args, **kwargs)
  File "/home/***/.local/lib/python3.9/site-packages/***/cli/commands/task_command.py", line 483, in task_run
    task_return_code = _run_task_by_selected_method(args, _dag, ti)
  File "/home/***/.local/lib/python3.9/site-packages/***/cli/commands/task_command.py", line 254, in _run_task_by_selected_method
    return _run_task_by_local_task_job(args, ti)
  File "/home/***/.local/lib/python3.9/site-packages/***/cli/commands/task_command.py", line 322, in _run_task_by_local_task_job
    ret = run_job(job=job_runner.job, execute_callable=job_runner._execute)
  File "/home/***/.local/lib/python3.9/site-packages/***/utils/session.py", line 97, in wrapper
    return func(*args, session=session, **kwargs)
  File "/home/***/.local/lib/python3.9/site-packages/***/jobs/job.py", line 421, in run_job
    return execute_job(job, execute_callable=execute_callable)
  File "/home/***/.local/lib/python3.9/site-packages/***/jobs/job.py", line 450, in execute_job
    ret = execute_callable()
  File "/home/***/.local/lib/python3.9/site-packages/***/jobs/local_task_job_runner.py", line 171, in _execute
    self.task_runner.start()
  File "/home/***/.local/lib/python3.9/site-packages/***/task/task_runner/standard_task_runner.py", line 55, in start
    self.process = self._start_by_fork()
  File "/home/***/.local/lib/python3.9/site-packages/***/task/task_runner/standard_task_runner.py", line 117, in _start_by_fork
    ret = args.func(args, dag=self.dag)
  File "/home/***/.local/lib/python3.9/site-packages/***/cli/cli_config.py", line 49, in command
    return func(*args, **kwargs)
  File "/home/***/.local/lib/python3.9/site-packages/***/utils/cli.py", line 116, in wrapper
    return f(*args, **kwargs)
  File "/home/***/.local/lib/python3.9/site-packages/***/cli/commands/task_command.py", line 483, in task_run
    task_return_code = _run_task_by_selected_method(args, _dag, ti)
  File "/home/***/.local/lib/python3.9/site-packages/***/cli/commands/task_command.py", line 256, in _run_task_by_selected_method
    return _run_raw_task(args, ti)
  File "/home/***/.local/lib/python3.9/site-packages/***/cli/commands/task_command.py", line 341, in _run_raw_task
    return ti._run_raw_task(
  File "/home/***/.local/lib/python3.9/site-packages/***/utils/session.py", line 97, in wrapper
    return func(*args, session=session, **kwargs)
  File "/home/***/.local/lib/python3.9/site-packages/***/models/taskinstance.py", line 3006, in _run_raw_task
    return _run_raw_task(
  File "/home/***/.local/lib/python3.9/site-packages/***/models/taskinstance.py", line 274, in _run_raw_task
    TaskInstance._execute_task_with_callbacks(
  File "/home/***/.local/lib/python3.9/site-packages/***/models/taskinstance.py", line 3161, in _execute_task_with_callbacks
    result = self._execute_task(context, task_orig)
  File "/home/***/.local/lib/python3.9/site-packages/***/models/taskinstance.py", line 3185, in _execute_task
    return _execute_task(self, context, task_orig)
  File "/home/***/.local/lib/python3.9/site-packages/***/models/taskinstance.py", line 768, in _execute_task
    result = _execute_callable(context=context, **execute_callable_kwargs)
  File "/home/***/.local/lib/python3.9/site-packages/***/models/taskinstance.py", line 734, in _execute_callable
    return ExecutionCallableRunner(
  File "/home/***/.local/lib/python3.9/site-packages/***/utils/operator_helpers.py", line 252, in run
    return self.func(*args, **kwargs)
  File "/home/***/.local/lib/python3.9/site-packages/***/models/baseoperator.py", line 424, in wrapper
    return func(self, *args, **kwargs)
  File "/home/***/.local/lib/python3.9/site-packages/***/sensors/base.py", line 337, in execute
    time.sleep(self._get_next_poke_interval(started_at, run_duration, poke_count))
  File "/home/***/.local/lib/python3.9/site-packages/***/models/taskinstance.py", line 3095, in signal_handler
    self.log.error("Stacktrace: \n%s", "".join(traceback.format_stack()))

[2026-03-09T19:51:56.660+0000] {taskinstance.py:3313} ERROR - Task failed with exception
Traceback (most recent call last):
  File "/home/airflow/.local/lib/python3.9/site-packages/airflow/models/taskinstance.py", line 768, in _execute_task
    result = _execute_callable(context=context, **execute_callable_kwargs)
  File "/home/airflow/.local/lib/python3.9/site-packages/airflow/models/taskinstance.py", line 734, in _execute_callable
    return ExecutionCallableRunner(
  File "/home/airflow/.local/lib/python3.9/site-packages/airflow/utils/operator_helpers.py", line 252, in run
    return self.func(*args, **kwargs)
  File "/home/airflow/.local/lib/python3.9/site-packages/airflow/models/baseoperator.py", line 424, in wrapper
    return func(self, *args, **kwargs)
  File "/home/airflow/.local/lib/python3.9/site-packages/airflow/sensors/base.py", line 337, in execute
    time.sleep(self._get_next_poke_interval(started_at, run_duration, poke_count))
  File "/home/airflow/.local/lib/python3.9/site-packages/airflow/models/taskinstance.py", line 3097, in signal_handler
    raise AirflowTaskTerminated("Task received SIGTERM signal")
airflow.exceptions.AirflowTaskTerminated: Task received SIGTERM signal
[2026-03-09T19:51:56.662+0000] {taskinstance.py:1226} INFO - Marking task as UP_FOR_RETRY. dag_id=replica_mongo_to_postgresql, task_id=check_connect_to_Mongo, run_id=scheduled__2026-01-30T10:00:00+00:00, execution_date=20260130T100000, start_date=20260309T193819, end_date=20260309T195156
[2026-03-09T19:51:56.666+0000] {taskinstance.py:341} INFO - ::group::Post task execution logs
[2026-03-09T19:51:56.666+0000] {standard_task_runner.py:124} ERROR - Failed to execute job 86 for task check_connect_to_Mongo ((psycopg2.errors.ForeignKeyViolation) insert or update on table "task_fail" violates foreign key constraint "task_fail_ti_fkey"
DETAIL:  Key (dag_id, task_id, run_id, map_index)=(replica_mongo_to_postgresql, check_connect_to_Mongo, scheduled__2026-01-30T10:00:00+00:00, -1) is not present in table "task_instance".

[SQL: INSERT INTO task_fail (task_id, dag_id, run_id, map_index, start_date, end_date, duration) VALUES (%(task_id)s, %(dag_id)s, %(run_id)s, %(map_index)s, %(start_date)s, %(end_date)s, %(duration)s) RETURNING task_fail.id]
[parameters: {'task_id': 'check_connect_to_Mongo', 'dag_id': 'replica_mongo_to_postgresql', 'run_id': 'scheduled__2026-01-30T10:00:00+00:00', 'map_index': -1, 'start_date': datetime.datetime(2026, 3, 9, 19, 38, 19, 719027, tzinfo=Timezone('UTC')), 'end_date': datetime.datetime(2026, 3, 9, 19, 51, 56, 661717, tzinfo=Timezone('UTC')), 'duration': 816}]
(Background on this error at: https://sqlalche.me/e/14/gkpj); 406)
Traceback (most recent call last):
  File "/home/airflow/.local/lib/python3.9/site-packages/airflow/models/taskinstance.py", line 274, in _run_raw_task
    TaskInstance._execute_task_with_callbacks(
  File "/home/airflow/.local/lib/python3.9/site-packages/airflow/models/taskinstance.py", line 3161, in _execute_task_with_callbacks
    result = self._execute_task(context, task_orig)
  File "/home/airflow/.local/lib/python3.9/site-packages/airflow/models/taskinstance.py", line 3185, in _execute_task
    return _execute_task(self, context, task_orig)
  File "/home/airflow/.local/lib/python3.9/site-packages/airflow/models/taskinstance.py", line 768, in _execute_task
    result = _execute_callable(context=context, **execute_callable_kwargs)
  File "/home/airflow/.local/lib/python3.9/site-packages/airflow/models/taskinstance.py", line 734, in _execute_callable
    return ExecutionCallableRunner(
  File "/home/airflow/.local/lib/python3.9/site-packages/airflow/utils/operator_helpers.py", line 252, in run
    return self.func(*args, **kwargs)
  File "/home/airflow/.local/lib/python3.9/site-packages/airflow/models/baseoperator.py", line 424, in wrapper
    return func(self, *args, **kwargs)
  File "/home/airflow/.local/lib/python3.9/site-packages/airflow/sensors/base.py", line 337, in execute
    time.sleep(self._get_next_poke_interval(started_at, run_duration, poke_count))
  File "/home/airflow/.local/lib/python3.9/site-packages/airflow/models/taskinstance.py", line 3097, in signal_handler
    raise AirflowTaskTerminated("Task received SIGTERM signal")
airflow.exceptions.AirflowTaskTerminated: Task received SIGTERM signal

During handling of the above exception, another exception occurred:

Traceback (most recent call last):
  File "/home/airflow/.local/lib/python3.9/site-packages/sqlalchemy/engine/base.py", line 1910, in _execute_context
    self.dialect.do_execute(
  File "/home/airflow/.local/lib/python3.9/site-packages/sqlalchemy/engine/default.py", line 736, in do_execute
    cursor.execute(statement, parameters)
psycopg2.errors.ForeignKeyViolation: insert or update on table "task_fail" violates foreign key constraint "task_fail_ti_fkey"
DETAIL:  Key (dag_id, task_id, run_id, map_index)=(replica_mongo_to_postgresql, check_connect_to_Mongo, scheduled__2026-01-30T10:00:00+00:00, -1) is not present in table "task_instance".


The above exception was the direct cause of the following exception:

Traceback (most recent call last):
  File "/home/airflow/.local/lib/python3.9/site-packages/airflow/task/task_runner/standard_task_runner.py", line 117, in _start_by_fork
    ret = args.func(args, dag=self.dag)
  File "/home/airflow/.local/lib/python3.9/site-packages/airflow/cli/cli_config.py", line 49, in command
    return func(*args, **kwargs)
  File "/home/airflow/.local/lib/python3.9/site-packages/airflow/utils/cli.py", line 116, in wrapper
    return f(*args, **kwargs)
  File "/home/airflow/.local/lib/python3.9/site-packages/airflow/cli/commands/task_command.py", line 483, in task_run
    task_return_code = _run_task_by_selected_method(args, _dag, ti)
  File "/home/airflow/.local/lib/python3.9/site-packages/airflow/cli/commands/task_command.py", line 256, in _run_task_by_selected_method
    return _run_raw_task(args, ti)
  File "/home/airflow/.local/lib/python3.9/site-packages/airflow/cli/commands/task_command.py", line 341, in _run_raw_task
    return ti._run_raw_task(
  File "/home/airflow/.local/lib/python3.9/site-packages/airflow/utils/session.py", line 97, in wrapper
    return func(*args, session=session, **kwargs)
  File "/home/airflow/.local/lib/python3.9/site-packages/airflow/models/taskinstance.py", line 3006, in _run_raw_task
    return _run_raw_task(
  File "/home/airflow/.local/lib/python3.9/site-packages/airflow/models/taskinstance.py", line 328, in _run_raw_task
    ti.handle_failure(e, test_mode, context, session=session)
  File "/home/airflow/.local/lib/python3.9/site-packages/airflow/utils/session.py", line 94, in wrapper
    return func(*args, **kwargs)
  File "/home/airflow/.local/lib/python3.9/site-packages/airflow/models/taskinstance.py", line 3434, in handle_failure
    _handle_failure(
  File "/home/airflow/.local/lib/python3.9/site-packages/airflow/utils/session.py", line 94, in wrapper
    return func(*args, **kwargs)
  File "/home/airflow/.local/lib/python3.9/site-packages/airflow/api_internal/internal_api_call.py", line 166, in wrapper
    return func(*args, **kwargs)
  File "/home/airflow/.local/lib/python3.9/site-packages/airflow/models/taskinstance.py", line 1244, in _handle_failure
    TaskInstance.save_to_db(task_instance, session)
  File "/home/airflow/.local/lib/python3.9/site-packages/airflow/api_internal/internal_api_call.py", line 166, in wrapper
    return func(*args, **kwargs)
  File "/home/airflow/.local/lib/python3.9/site-packages/airflow/utils/session.py", line 94, in wrapper
    return func(*args, **kwargs)
  File "/home/airflow/.local/lib/python3.9/site-packages/airflow/models/taskinstance.py", line 3402, in save_to_db
    ti.get_dagrun().refresh_from_db()
  File "/home/airflow/.local/lib/python3.9/site-packages/airflow/utils/session.py", line 97, in wrapper
    return func(*args, session=session, **kwargs)
  File "/usr/local/lib/python3.9/contextlib.py", line 126, in __exit__
    next(self.gen)
  File "/home/airflow/.local/lib/python3.9/site-packages/airflow/utils/session.py", line 57, in create_session
    session.commit()
  File "/home/airflow/.local/lib/python3.9/site-packages/sqlalchemy/orm/session.py", line 1454, in commit
    self._transaction.commit(_to_root=self.future)
  File "/home/airflow/.local/lib/python3.9/site-packages/sqlalchemy/orm/session.py", line 832, in commit
    self._prepare_impl()
  File "/home/airflow/.local/lib/python3.9/site-packages/sqlalchemy/orm/session.py", line 811, in _prepare_impl
    self.session.flush()
  File "/home/airflow/.local/lib/python3.9/site-packages/sqlalchemy/orm/session.py", line 3449, in flush
    self._flush(objects)
  File "/home/airflow/.local/lib/python3.9/site-packages/sqlalchemy/orm/session.py", line 3589, in _flush
    transaction.rollback(_capture_exception=True)
  File "/home/airflow/.local/lib/python3.9/site-packages/sqlalchemy/util/langhelpers.py", line 70, in __exit__
    compat.raise_(
  File "/home/airflow/.local/lib/python3.9/site-packages/sqlalchemy/util/compat.py", line 211, in raise_
    raise exception
  File "/home/airflow/.local/lib/python3.9/site-packages/sqlalchemy/orm/session.py", line 3549, in _flush
    flush_context.execute()
  File "/home/airflow/.local/lib/python3.9/site-packages/sqlalchemy/orm/unitofwork.py", line 456, in execute
    rec.execute(self)
  File "/home/airflow/.local/lib/python3.9/site-packages/sqlalchemy/orm/unitofwork.py", line 630, in execute
    util.preloaded.orm_persistence.save_obj(
  File "/home/airflow/.local/lib/python3.9/site-packages/sqlalchemy/orm/persistence.py", line 245, in save_obj
    _emit_insert_statements(
  File "/home/airflow/.local/lib/python3.9/site-packages/sqlalchemy/orm/persistence.py", line 1238, in _emit_insert_statements
    result = connection._execute_20(
  File "/home/airflow/.local/lib/python3.9/site-packages/sqlalchemy/engine/base.py", line 1710, in _execute_20
    return meth(self, args_10style, kwargs_10style, execution_options)
  File "/home/airflow/.local/lib/python3.9/site-packages/sqlalchemy/sql/elements.py", line 334, in _execute_on_connection
    return connection._execute_clauseelement(
  File "/home/airflow/.local/lib/python3.9/site-packages/sqlalchemy/engine/base.py", line 1577, in _execute_clauseelement
    ret = self._execute_context(
  File "/home/airflow/.local/lib/python3.9/site-packages/sqlalchemy/engine/base.py", line 1953, in _execute_context
    self._handle_dbapi_exception(
  File "/home/airflow/.local/lib/python3.9/site-packages/sqlalchemy/engine/base.py", line 2134, in _handle_dbapi_exception
    util.raise_(
  File "/home/airflow/.local/lib/python3.9/site-packages/sqlalchemy/util/compat.py", line 211, in raise_
    raise exception
  File "/home/airflow/.local/lib/python3.9/site-packages/sqlalchemy/engine/base.py", line 1910, in _execute_context
    self.dialect.do_execute(
  File "/home/airflow/.local/lib/python3.9/site-packages/sqlalchemy/engine/default.py", line 736, in do_execute
    cursor.execute(statement, parameters)
sqlalchemy.exc.IntegrityError: (psycopg2.errors.ForeignKeyViolation) insert or update on table "task_fail" violates foreign key constraint "task_fail_ti_fkey"
DETAIL:  Key (dag_id, task_id, run_id, map_index)=(replica_mongo_to_postgresql, check_connect_to_Mongo, scheduled__2026-01-30T10:00:00+00:00, -1) is not present in table "task_instance".

[SQL: INSERT INTO task_fail (task_id, dag_id, run_id, map_index, start_date, end_date, duration) VALUES (%(task_id)s, %(dag_id)s, %(run_id)s, %(map_index)s, %(start_date)s, %(end_date)s, %(duration)s) RETURNING task_fail.id]
[parameters: {'task_id': 'check_connect_to_Mongo', 'dag_id': 'replica_mongo_to_postgresql', 'run_id': 'scheduled__2026-01-30T10:00:00+00:00', 'map_index': -1, 'start_date': datetime.datetime(2026, 3, 9, 19, 38, 19, 719027, tzinfo=Timezone('UTC')), 'end_date': datetime.datetime(2026, 3, 9, 19, 51, 56, 661717, tzinfo=Timezone('UTC')), 'duration': 816}]
(Background on this error at: https://sqlalche.me/e/14/gkpj)
[2026-03-09T19:51:56.701+0000] {process_utils.py:80} INFO - Process psutil.Process(pid=406, status='terminated', exitcode=1, started='19:38:19') (406) terminated with exit code 1
