[2026-03-09T17:02:40.842+0000] {processor.py:186} INFO - Started process (PID=54) to work on /opt/airflow/dags/replica_mongo_to_postgres.py
[2026-03-09T17:02:40.842+0000] {processor.py:914} INFO - Processing file /opt/airflow/dags/replica_mongo_to_postgres.py for tasks to queue
[2026-03-09T17:02:40.843+0000] {logging_mixin.py:190} INFO - [2026-03-09T17:02:40.843+0000] {dagbag.py:588} INFO - Filling up the DagBag from /opt/airflow/dags/replica_mongo_to_postgres.py
[2026-03-09T17:02:41.734+0000] {logging_mixin.py:190} INFO - [2026-03-09T17:02:41.734+0000] {dagbag.py:387} ERROR - Failed to import: /opt/airflow/dags/replica_mongo_to_postgres.py
Traceback (most recent call last):
  File "/home/airflow/.local/lib/python3.9/site-packages/airflow/models/dagbag.py", line 383, in parse
    loader.exec_module(new_module)
  File "<frozen importlib._bootstrap_external>", line 850, in exec_module
  File "<frozen importlib._bootstrap>", line 228, in _call_with_frames_removed
  File "/opt/airflow/dags/replica_mongo_to_postgres.py", line 69, in <module>
    dag.doc_md=LONG_DESCRIPTION
NameError: name 'LONG_DESCRIPTION' is not defined
[2026-03-09T17:02:41.734+0000] {processor.py:927} WARNING - No viable dags retrieved from /opt/airflow/dags/replica_mongo_to_postgres.py
[2026-03-09T17:02:41.745+0000] {processor.py:208} INFO - Processing /opt/airflow/dags/replica_mongo_to_postgres.py took 0.907 seconds
[2026-03-09T17:03:11.892+0000] {processor.py:186} INFO - Started process (PID=56) to work on /opt/airflow/dags/replica_mongo_to_postgres.py
[2026-03-09T17:03:11.892+0000] {processor.py:914} INFO - Processing file /opt/airflow/dags/replica_mongo_to_postgres.py for tasks to queue
[2026-03-09T17:03:11.893+0000] {logging_mixin.py:190} INFO - [2026-03-09T17:03:11.893+0000] {dagbag.py:588} INFO - Filling up the DagBag from /opt/airflow/dags/replica_mongo_to_postgres.py
[2026-03-09T17:03:12.116+0000] {logging_mixin.py:190} INFO - [2026-03-09T17:03:12.116+0000] {dagbag.py:387} ERROR - Failed to import: /opt/airflow/dags/replica_mongo_to_postgres.py
Traceback (most recent call last):
  File "/home/airflow/.local/lib/python3.9/site-packages/airflow/models/dagbag.py", line 383, in parse
    loader.exec_module(new_module)
  File "<frozen importlib._bootstrap_external>", line 850, in exec_module
  File "<frozen importlib._bootstrap>", line 228, in _call_with_frames_removed
  File "/opt/airflow/dags/replica_mongo_to_postgres.py", line 69, in <module>
    dag.doc_md=LONG_DESCRIPTION
NameError: name 'LONG_DESCRIPTION' is not defined
[2026-03-09T17:03:12.116+0000] {processor.py:927} WARNING - No viable dags retrieved from /opt/airflow/dags/replica_mongo_to_postgres.py
[2026-03-09T17:03:12.126+0000] {processor.py:208} INFO - Processing /opt/airflow/dags/replica_mongo_to_postgres.py took 0.237 seconds
[2026-03-09T17:03:42.223+0000] {processor.py:186} INFO - Started process (PID=58) to work on /opt/airflow/dags/replica_mongo_to_postgres.py
[2026-03-09T17:03:42.223+0000] {processor.py:914} INFO - Processing file /opt/airflow/dags/replica_mongo_to_postgres.py for tasks to queue
[2026-03-09T17:03:42.224+0000] {logging_mixin.py:190} INFO - [2026-03-09T17:03:42.224+0000] {dagbag.py:588} INFO - Filling up the DagBag from /opt/airflow/dags/replica_mongo_to_postgres.py
[2026-03-09T17:03:42.447+0000] {logging_mixin.py:190} INFO - [2026-03-09T17:03:42.446+0000] {dagbag.py:387} ERROR - Failed to import: /opt/airflow/dags/replica_mongo_to_postgres.py
Traceback (most recent call last):
  File "/home/airflow/.local/lib/python3.9/site-packages/airflow/models/dagbag.py", line 383, in parse
    loader.exec_module(new_module)
  File "<frozen importlib._bootstrap_external>", line 850, in exec_module
  File "<frozen importlib._bootstrap>", line 228, in _call_with_frames_removed
  File "/opt/airflow/dags/replica_mongo_to_postgres.py", line 69, in <module>
    dag.doc_md=LONG_DESCRIPTION
NameError: name 'LONG_DESCRIPTION' is not defined
[2026-03-09T17:03:42.447+0000] {processor.py:927} WARNING - No viable dags retrieved from /opt/airflow/dags/replica_mongo_to_postgres.py
[2026-03-09T17:03:42.460+0000] {processor.py:208} INFO - Processing /opt/airflow/dags/replica_mongo_to_postgres.py took 0.241 seconds
[2026-03-09T17:04:12.543+0000] {processor.py:186} INFO - Started process (PID=60) to work on /opt/airflow/dags/replica_mongo_to_postgres.py
[2026-03-09T17:04:12.549+0000] {processor.py:914} INFO - Processing file /opt/airflow/dags/replica_mongo_to_postgres.py for tasks to queue
[2026-03-09T17:04:12.550+0000] {logging_mixin.py:190} INFO - [2026-03-09T17:04:12.550+0000] {dagbag.py:588} INFO - Filling up the DagBag from /opt/airflow/dags/replica_mongo_to_postgres.py
[2026-03-09T17:04:12.773+0000] {logging_mixin.py:190} INFO - [2026-03-09T17:04:12.772+0000] {dagbag.py:387} ERROR - Failed to import: /opt/airflow/dags/replica_mongo_to_postgres.py
Traceback (most recent call last):
  File "/home/airflow/.local/lib/python3.9/site-packages/airflow/models/dagbag.py", line 383, in parse
    loader.exec_module(new_module)
  File "<frozen importlib._bootstrap_external>", line 850, in exec_module
  File "<frozen importlib._bootstrap>", line 228, in _call_with_frames_removed
  File "/opt/airflow/dags/replica_mongo_to_postgres.py", line 69, in <module>
    dag.doc_md=LONG_DESCRIPTION
NameError: name 'LONG_DESCRIPTION' is not defined
[2026-03-09T17:04:12.773+0000] {processor.py:927} WARNING - No viable dags retrieved from /opt/airflow/dags/replica_mongo_to_postgres.py
[2026-03-09T17:04:12.786+0000] {processor.py:208} INFO - Processing /opt/airflow/dags/replica_mongo_to_postgres.py took 0.246 seconds
[2026-03-09T17:04:42.866+0000] {processor.py:186} INFO - Started process (PID=62) to work on /opt/airflow/dags/replica_mongo_to_postgres.py
[2026-03-09T17:04:42.866+0000] {processor.py:914} INFO - Processing file /opt/airflow/dags/replica_mongo_to_postgres.py for tasks to queue
[2026-03-09T17:04:42.867+0000] {logging_mixin.py:190} INFO - [2026-03-09T17:04:42.867+0000] {dagbag.py:588} INFO - Filling up the DagBag from /opt/airflow/dags/replica_mongo_to_postgres.py
[2026-03-09T17:04:43.096+0000] {logging_mixin.py:190} INFO - [2026-03-09T17:04:43.096+0000] {dagbag.py:387} ERROR - Failed to import: /opt/airflow/dags/replica_mongo_to_postgres.py
Traceback (most recent call last):
  File "/home/airflow/.local/lib/python3.9/site-packages/airflow/models/dagbag.py", line 383, in parse
    loader.exec_module(new_module)
  File "<frozen importlib._bootstrap_external>", line 850, in exec_module
  File "<frozen importlib._bootstrap>", line 228, in _call_with_frames_removed
  File "/opt/airflow/dags/replica_mongo_to_postgres.py", line 69, in <module>
    dag.doc_md=LONG_DESCRIPTION
NameError: name 'LONG_DESCRIPTION' is not defined
[2026-03-09T17:04:43.097+0000] {processor.py:927} WARNING - No viable dags retrieved from /opt/airflow/dags/replica_mongo_to_postgres.py
[2026-03-09T17:04:43.106+0000] {processor.py:208} INFO - Processing /opt/airflow/dags/replica_mongo_to_postgres.py took 0.243 seconds
[2026-03-09T17:05:13.202+0000] {processor.py:186} INFO - Started process (PID=64) to work on /opt/airflow/dags/replica_mongo_to_postgres.py
[2026-03-09T17:05:13.207+0000] {processor.py:914} INFO - Processing file /opt/airflow/dags/replica_mongo_to_postgres.py for tasks to queue
[2026-03-09T17:05:13.208+0000] {logging_mixin.py:190} INFO - [2026-03-09T17:05:13.208+0000] {dagbag.py:588} INFO - Filling up the DagBag from /opt/airflow/dags/replica_mongo_to_postgres.py
[2026-03-09T17:05:13.440+0000] {logging_mixin.py:190} INFO - [2026-03-09T17:05:13.439+0000] {dagbag.py:387} ERROR - Failed to import: /opt/airflow/dags/replica_mongo_to_postgres.py
Traceback (most recent call last):
  File "/home/airflow/.local/lib/python3.9/site-packages/airflow/models/dagbag.py", line 383, in parse
    loader.exec_module(new_module)
  File "<frozen importlib._bootstrap_external>", line 850, in exec_module
  File "<frozen importlib._bootstrap>", line 228, in _call_with_frames_removed
  File "/opt/airflow/dags/replica_mongo_to_postgres.py", line 69, in <module>
    dag.doc_md=LONG_DESCRIPTION
NameError: name 'LONG_DESCRIPTION' is not defined
[2026-03-09T17:05:13.440+0000] {processor.py:927} WARNING - No viable dags retrieved from /opt/airflow/dags/replica_mongo_to_postgres.py
[2026-03-09T17:05:13.454+0000] {processor.py:208} INFO - Processing /opt/airflow/dags/replica_mongo_to_postgres.py took 0.255 seconds
[2026-03-09T17:05:43.558+0000] {processor.py:186} INFO - Started process (PID=66) to work on /opt/airflow/dags/replica_mongo_to_postgres.py
[2026-03-09T17:05:43.559+0000] {processor.py:914} INFO - Processing file /opt/airflow/dags/replica_mongo_to_postgres.py for tasks to queue
[2026-03-09T17:05:43.560+0000] {logging_mixin.py:190} INFO - [2026-03-09T17:05:43.560+0000] {dagbag.py:588} INFO - Filling up the DagBag from /opt/airflow/dags/replica_mongo_to_postgres.py
[2026-03-09T17:05:43.807+0000] {logging_mixin.py:190} INFO - [2026-03-09T17:05:43.807+0000] {dagbag.py:387} ERROR - Failed to import: /opt/airflow/dags/replica_mongo_to_postgres.py
Traceback (most recent call last):
  File "/home/airflow/.local/lib/python3.9/site-packages/airflow/models/dagbag.py", line 383, in parse
    loader.exec_module(new_module)
  File "<frozen importlib._bootstrap_external>", line 850, in exec_module
  File "<frozen importlib._bootstrap>", line 228, in _call_with_frames_removed
  File "/opt/airflow/dags/replica_mongo_to_postgres.py", line 69, in <module>
    dag.doc_md=LONG_DESCRIPTION
NameError: name 'LONG_DESCRIPTION' is not defined
[2026-03-09T17:05:43.807+0000] {processor.py:927} WARNING - No viable dags retrieved from /opt/airflow/dags/replica_mongo_to_postgres.py
[2026-03-09T17:05:43.821+0000] {processor.py:208} INFO - Processing /opt/airflow/dags/replica_mongo_to_postgres.py took 0.266 seconds
[2026-03-09T17:06:13.930+0000] {processor.py:186} INFO - Started process (PID=68) to work on /opt/airflow/dags/replica_mongo_to_postgres.py
[2026-03-09T17:06:13.930+0000] {processor.py:914} INFO - Processing file /opt/airflow/dags/replica_mongo_to_postgres.py for tasks to queue
[2026-03-09T17:06:13.931+0000] {logging_mixin.py:190} INFO - [2026-03-09T17:06:13.931+0000] {dagbag.py:588} INFO - Filling up the DagBag from /opt/airflow/dags/replica_mongo_to_postgres.py
[2026-03-09T17:06:14.157+0000] {logging_mixin.py:190} INFO - [2026-03-09T17:06:14.157+0000] {dagbag.py:387} ERROR - Failed to import: /opt/airflow/dags/replica_mongo_to_postgres.py
Traceback (most recent call last):
  File "/home/airflow/.local/lib/python3.9/site-packages/airflow/models/dagbag.py", line 383, in parse
    loader.exec_module(new_module)
  File "<frozen importlib._bootstrap_external>", line 850, in exec_module
  File "<frozen importlib._bootstrap>", line 228, in _call_with_frames_removed
  File "/opt/airflow/dags/replica_mongo_to_postgres.py", line 69, in <module>
    dag.doc_md=LONG_DESCRIPTION
NameError: name 'LONG_DESCRIPTION' is not defined
[2026-03-09T17:06:14.158+0000] {processor.py:927} WARNING - No viable dags retrieved from /opt/airflow/dags/replica_mongo_to_postgres.py
[2026-03-09T17:06:14.172+0000] {processor.py:208} INFO - Processing /opt/airflow/dags/replica_mongo_to_postgres.py took 0.245 seconds
[2026-03-09T17:06:44.272+0000] {processor.py:186} INFO - Started process (PID=70) to work on /opt/airflow/dags/replica_mongo_to_postgres.py
[2026-03-09T17:06:44.273+0000] {processor.py:914} INFO - Processing file /opt/airflow/dags/replica_mongo_to_postgres.py for tasks to queue
[2026-03-09T17:06:44.274+0000] {logging_mixin.py:190} INFO - [2026-03-09T17:06:44.274+0000] {dagbag.py:588} INFO - Filling up the DagBag from /opt/airflow/dags/replica_mongo_to_postgres.py
[2026-03-09T17:06:44.497+0000] {logging_mixin.py:190} INFO - [2026-03-09T17:06:44.497+0000] {dagbag.py:387} ERROR - Failed to import: /opt/airflow/dags/replica_mongo_to_postgres.py
Traceback (most recent call last):
  File "/home/airflow/.local/lib/python3.9/site-packages/airflow/models/dagbag.py", line 383, in parse
    loader.exec_module(new_module)
  File "<frozen importlib._bootstrap_external>", line 850, in exec_module
  File "<frozen importlib._bootstrap>", line 228, in _call_with_frames_removed
  File "/opt/airflow/dags/replica_mongo_to_postgres.py", line 69, in <module>
    dag.doc_md=LONG_DESCRIPTION
NameError: name 'LONG_DESCRIPTION' is not defined
[2026-03-09T17:06:44.497+0000] {processor.py:927} WARNING - No viable dags retrieved from /opt/airflow/dags/replica_mongo_to_postgres.py
[2026-03-09T17:06:44.511+0000] {processor.py:208} INFO - Processing /opt/airflow/dags/replica_mongo_to_postgres.py took 0.242 seconds
[2026-03-09T17:07:14.612+0000] {processor.py:186} INFO - Started process (PID=72) to work on /opt/airflow/dags/replica_mongo_to_postgres.py
[2026-03-09T17:07:14.618+0000] {processor.py:914} INFO - Processing file /opt/airflow/dags/replica_mongo_to_postgres.py for tasks to queue
[2026-03-09T17:07:14.619+0000] {logging_mixin.py:190} INFO - [2026-03-09T17:07:14.618+0000] {dagbag.py:588} INFO - Filling up the DagBag from /opt/airflow/dags/replica_mongo_to_postgres.py
[2026-03-09T17:07:14.842+0000] {logging_mixin.py:190} INFO - [2026-03-09T17:07:14.842+0000] {dagbag.py:387} ERROR - Failed to import: /opt/airflow/dags/replica_mongo_to_postgres.py
Traceback (most recent call last):
  File "/home/airflow/.local/lib/python3.9/site-packages/airflow/models/dagbag.py", line 383, in parse
    loader.exec_module(new_module)
  File "<frozen importlib._bootstrap_external>", line 850, in exec_module
  File "<frozen importlib._bootstrap>", line 228, in _call_with_frames_removed
  File "/opt/airflow/dags/replica_mongo_to_postgres.py", line 69, in <module>
    dag.doc_md=LONG_DESCRIPTION
NameError: name 'LONG_DESCRIPTION' is not defined
[2026-03-09T17:07:14.842+0000] {processor.py:927} WARNING - No viable dags retrieved from /opt/airflow/dags/replica_mongo_to_postgres.py
[2026-03-09T17:07:14.856+0000] {processor.py:208} INFO - Processing /opt/airflow/dags/replica_mongo_to_postgres.py took 0.247 seconds
[2026-03-09T17:07:44.962+0000] {processor.py:186} INFO - Started process (PID=74) to work on /opt/airflow/dags/replica_mongo_to_postgres.py
[2026-03-09T17:07:44.967+0000] {processor.py:914} INFO - Processing file /opt/airflow/dags/replica_mongo_to_postgres.py for tasks to queue
[2026-03-09T17:07:44.968+0000] {logging_mixin.py:190} INFO - [2026-03-09T17:07:44.968+0000] {dagbag.py:588} INFO - Filling up the DagBag from /opt/airflow/dags/replica_mongo_to_postgres.py
[2026-03-09T17:07:45.194+0000] {logging_mixin.py:190} INFO - [2026-03-09T17:07:45.193+0000] {dagbag.py:387} ERROR - Failed to import: /opt/airflow/dags/replica_mongo_to_postgres.py
Traceback (most recent call last):
  File "/home/airflow/.local/lib/python3.9/site-packages/airflow/models/dagbag.py", line 383, in parse
    loader.exec_module(new_module)
  File "<frozen importlib._bootstrap_external>", line 850, in exec_module
  File "<frozen importlib._bootstrap>", line 228, in _call_with_frames_removed
  File "/opt/airflow/dags/replica_mongo_to_postgres.py", line 69, in <module>
    dag.doc_md=LONG_DESCRIPTION
NameError: name 'LONG_DESCRIPTION' is not defined
[2026-03-09T17:07:45.194+0000] {processor.py:927} WARNING - No viable dags retrieved from /opt/airflow/dags/replica_mongo_to_postgres.py
[2026-03-09T17:07:45.208+0000] {processor.py:208} INFO - Processing /opt/airflow/dags/replica_mongo_to_postgres.py took 0.250 seconds
[2026-03-09T17:08:15.306+0000] {processor.py:186} INFO - Started process (PID=76) to work on /opt/airflow/dags/replica_mongo_to_postgres.py
[2026-03-09T17:08:15.306+0000] {processor.py:914} INFO - Processing file /opt/airflow/dags/replica_mongo_to_postgres.py for tasks to queue
[2026-03-09T17:08:15.307+0000] {logging_mixin.py:190} INFO - [2026-03-09T17:08:15.307+0000] {dagbag.py:588} INFO - Filling up the DagBag from /opt/airflow/dags/replica_mongo_to_postgres.py
[2026-03-09T17:08:15.539+0000] {logging_mixin.py:190} INFO - [2026-03-09T17:08:15.538+0000] {dagbag.py:387} ERROR - Failed to import: /opt/airflow/dags/replica_mongo_to_postgres.py
Traceback (most recent call last):
  File "/home/airflow/.local/lib/python3.9/site-packages/airflow/models/dagbag.py", line 383, in parse
    loader.exec_module(new_module)
  File "<frozen importlib._bootstrap_external>", line 850, in exec_module
  File "<frozen importlib._bootstrap>", line 228, in _call_with_frames_removed
  File "/opt/airflow/dags/replica_mongo_to_postgres.py", line 69, in <module>
    dag.doc_md=LONG_DESCRIPTION
NameError: name 'LONG_DESCRIPTION' is not defined
[2026-03-09T17:08:15.539+0000] {processor.py:927} WARNING - No viable dags retrieved from /opt/airflow/dags/replica_mongo_to_postgres.py
[2026-03-09T17:08:15.553+0000] {processor.py:208} INFO - Processing /opt/airflow/dags/replica_mongo_to_postgres.py took 0.250 seconds
[2026-03-09T17:08:45.648+0000] {processor.py:186} INFO - Started process (PID=78) to work on /opt/airflow/dags/replica_mongo_to_postgres.py
[2026-03-09T17:08:45.654+0000] {processor.py:914} INFO - Processing file /opt/airflow/dags/replica_mongo_to_postgres.py for tasks to queue
[2026-03-09T17:08:45.655+0000] {logging_mixin.py:190} INFO - [2026-03-09T17:08:45.655+0000] {dagbag.py:588} INFO - Filling up the DagBag from /opt/airflow/dags/replica_mongo_to_postgres.py
[2026-03-09T17:08:45.890+0000] {logging_mixin.py:190} INFO - [2026-03-09T17:08:45.890+0000] {dagbag.py:387} ERROR - Failed to import: /opt/airflow/dags/replica_mongo_to_postgres.py
Traceback (most recent call last):
  File "/home/airflow/.local/lib/python3.9/site-packages/airflow/models/dagbag.py", line 383, in parse
    loader.exec_module(new_module)
  File "<frozen importlib._bootstrap_external>", line 850, in exec_module
  File "<frozen importlib._bootstrap>", line 228, in _call_with_frames_removed
  File "/opt/airflow/dags/replica_mongo_to_postgres.py", line 69, in <module>
    dag.doc_md=LONG_DESCRIPTION
NameError: name 'LONG_DESCRIPTION' is not defined
[2026-03-09T17:08:45.890+0000] {processor.py:927} WARNING - No viable dags retrieved from /opt/airflow/dags/replica_mongo_to_postgres.py
[2026-03-09T17:08:45.904+0000] {processor.py:208} INFO - Processing /opt/airflow/dags/replica_mongo_to_postgres.py took 0.259 seconds
[2026-03-09T17:09:16.003+0000] {processor.py:186} INFO - Started process (PID=80) to work on /opt/airflow/dags/replica_mongo_to_postgres.py
[2026-03-09T17:09:16.004+0000] {processor.py:914} INFO - Processing file /opt/airflow/dags/replica_mongo_to_postgres.py for tasks to queue
[2026-03-09T17:09:16.005+0000] {logging_mixin.py:190} INFO - [2026-03-09T17:09:16.004+0000] {dagbag.py:588} INFO - Filling up the DagBag from /opt/airflow/dags/replica_mongo_to_postgres.py
[2026-03-09T17:09:16.238+0000] {logging_mixin.py:190} INFO - [2026-03-09T17:09:16.238+0000] {dagbag.py:387} ERROR - Failed to import: /opt/airflow/dags/replica_mongo_to_postgres.py
Traceback (most recent call last):
  File "/home/airflow/.local/lib/python3.9/site-packages/airflow/models/dagbag.py", line 383, in parse
    loader.exec_module(new_module)
  File "<frozen importlib._bootstrap_external>", line 850, in exec_module
  File "<frozen importlib._bootstrap>", line 228, in _call_with_frames_removed
  File "/opt/airflow/dags/replica_mongo_to_postgres.py", line 69, in <module>
    dag.doc_md=LONG_DESCRIPTION
NameError: name 'LONG_DESCRIPTION' is not defined
[2026-03-09T17:09:16.239+0000] {processor.py:927} WARNING - No viable dags retrieved from /opt/airflow/dags/replica_mongo_to_postgres.py
[2026-03-09T17:09:16.255+0000] {processor.py:208} INFO - Processing /opt/airflow/dags/replica_mongo_to_postgres.py took 0.255 seconds
[2026-03-09T17:09:46.357+0000] {processor.py:186} INFO - Started process (PID=82) to work on /opt/airflow/dags/replica_mongo_to_postgres.py
[2026-03-09T17:09:46.362+0000] {processor.py:914} INFO - Processing file /opt/airflow/dags/replica_mongo_to_postgres.py for tasks to queue
[2026-03-09T17:09:46.363+0000] {logging_mixin.py:190} INFO - [2026-03-09T17:09:46.363+0000] {dagbag.py:588} INFO - Filling up the DagBag from /opt/airflow/dags/replica_mongo_to_postgres.py
[2026-03-09T17:09:46.596+0000] {logging_mixin.py:190} INFO - [2026-03-09T17:09:46.596+0000] {dagbag.py:387} ERROR - Failed to import: /opt/airflow/dags/replica_mongo_to_postgres.py
Traceback (most recent call last):
  File "/home/airflow/.local/lib/python3.9/site-packages/airflow/models/dagbag.py", line 383, in parse
    loader.exec_module(new_module)
  File "<frozen importlib._bootstrap_external>", line 850, in exec_module
  File "<frozen importlib._bootstrap>", line 228, in _call_with_frames_removed
  File "/opt/airflow/dags/replica_mongo_to_postgres.py", line 69, in <module>
    dag.doc_md=LONG_DESCRIPTION
NameError: name 'LONG_DESCRIPTION' is not defined
[2026-03-09T17:09:46.596+0000] {processor.py:927} WARNING - No viable dags retrieved from /opt/airflow/dags/replica_mongo_to_postgres.py
[2026-03-09T17:09:46.605+0000] {processor.py:208} INFO - Processing /opt/airflow/dags/replica_mongo_to_postgres.py took 0.252 seconds
[2026-03-09T17:10:16.711+0000] {processor.py:186} INFO - Started process (PID=84) to work on /opt/airflow/dags/replica_mongo_to_postgres.py
[2026-03-09T17:10:16.711+0000] {processor.py:914} INFO - Processing file /opt/airflow/dags/replica_mongo_to_postgres.py for tasks to queue
[2026-03-09T17:10:16.712+0000] {logging_mixin.py:190} INFO - [2026-03-09T17:10:16.712+0000] {dagbag.py:588} INFO - Filling up the DagBag from /opt/airflow/dags/replica_mongo_to_postgres.py
[2026-03-09T17:10:16.935+0000] {logging_mixin.py:190} INFO - [2026-03-09T17:10:16.935+0000] {dagbag.py:387} ERROR - Failed to import: /opt/airflow/dags/replica_mongo_to_postgres.py
Traceback (most recent call last):
  File "/home/airflow/.local/lib/python3.9/site-packages/airflow/models/dagbag.py", line 383, in parse
    loader.exec_module(new_module)
  File "<frozen importlib._bootstrap_external>", line 850, in exec_module
  File "<frozen importlib._bootstrap>", line 228, in _call_with_frames_removed
  File "/opt/airflow/dags/replica_mongo_to_postgres.py", line 69, in <module>
    dag.doc_md=LONG_DESCRIPTION
NameError: name 'LONG_DESCRIPTION' is not defined
[2026-03-09T17:10:16.936+0000] {processor.py:927} WARNING - No viable dags retrieved from /opt/airflow/dags/replica_mongo_to_postgres.py
[2026-03-09T17:10:16.949+0000] {processor.py:208} INFO - Processing /opt/airflow/dags/replica_mongo_to_postgres.py took 0.241 seconds
[2026-03-09T17:22:03.887+0000] {processor.py:186} INFO - Started process (PID=54) to work on /opt/airflow/dags/replica_mongo_to_postgres.py
[2026-03-09T17:22:03.888+0000] {processor.py:914} INFO - Processing file /opt/airflow/dags/replica_mongo_to_postgres.py for tasks to queue
[2026-03-09T17:22:03.889+0000] {logging_mixin.py:190} INFO - [2026-03-09T17:22:03.889+0000] {dagbag.py:588} INFO - Filling up the DagBag from /opt/airflow/dags/replica_mongo_to_postgres.py
[2026-03-09T17:22:04.854+0000] {logging_mixin.py:190} INFO - [2026-03-09T17:22:04.853+0000] {dagbag.py:387} ERROR - Failed to import: /opt/airflow/dags/replica_mongo_to_postgres.py
Traceback (most recent call last):
  File "/home/airflow/.local/lib/python3.9/site-packages/airflow/models/dagbag.py", line 383, in parse
    loader.exec_module(new_module)
  File "<frozen importlib._bootstrap_external>", line 850, in exec_module
  File "<frozen importlib._bootstrap>", line 228, in _call_with_frames_removed
  File "/opt/airflow/dags/replica_mongo_to_postgres.py", line 69, in <module>
    dag.doc_md=LONG_DESCRIPTION
NameError: name 'LONG_DESCRIPTION' is not defined
[2026-03-09T17:22:04.854+0000] {processor.py:927} WARNING - No viable dags retrieved from /opt/airflow/dags/replica_mongo_to_postgres.py
[2026-03-09T17:22:04.865+0000] {processor.py:208} INFO - Processing /opt/airflow/dags/replica_mongo_to_postgres.py took 0.981 seconds
[2026-03-09T17:22:35.004+0000] {processor.py:186} INFO - Started process (PID=56) to work on /opt/airflow/dags/replica_mongo_to_postgres.py
[2026-03-09T17:22:35.004+0000] {processor.py:914} INFO - Processing file /opt/airflow/dags/replica_mongo_to_postgres.py for tasks to queue
[2026-03-09T17:22:35.005+0000] {logging_mixin.py:190} INFO - [2026-03-09T17:22:35.005+0000] {dagbag.py:588} INFO - Filling up the DagBag from /opt/airflow/dags/replica_mongo_to_postgres.py
[2026-03-09T17:22:35.236+0000] {logging_mixin.py:190} INFO - [2026-03-09T17:22:35.236+0000] {dagbag.py:387} ERROR - Failed to import: /opt/airflow/dags/replica_mongo_to_postgres.py
Traceback (most recent call last):
  File "/home/airflow/.local/lib/python3.9/site-packages/airflow/models/dagbag.py", line 383, in parse
    loader.exec_module(new_module)
  File "<frozen importlib._bootstrap_external>", line 850, in exec_module
  File "<frozen importlib._bootstrap>", line 228, in _call_with_frames_removed
  File "/opt/airflow/dags/replica_mongo_to_postgres.py", line 69, in <module>
    dag.doc_md=LONG_DESCRIPTION
NameError: name 'LONG_DESCRIPTION' is not defined
[2026-03-09T17:22:35.236+0000] {processor.py:927} WARNING - No viable dags retrieved from /opt/airflow/dags/replica_mongo_to_postgres.py
[2026-03-09T17:22:35.246+0000] {processor.py:208} INFO - Processing /opt/airflow/dags/replica_mongo_to_postgres.py took 0.245 seconds
[2026-03-09T17:23:05.342+0000] {processor.py:186} INFO - Started process (PID=58) to work on /opt/airflow/dags/replica_mongo_to_postgres.py
[2026-03-09T17:23:05.343+0000] {processor.py:914} INFO - Processing file /opt/airflow/dags/replica_mongo_to_postgres.py for tasks to queue
[2026-03-09T17:23:05.344+0000] {logging_mixin.py:190} INFO - [2026-03-09T17:23:05.344+0000] {dagbag.py:588} INFO - Filling up the DagBag from /opt/airflow/dags/replica_mongo_to_postgres.py
[2026-03-09T17:23:05.570+0000] {logging_mixin.py:190} INFO - [2026-03-09T17:23:05.570+0000] {dagbag.py:387} ERROR - Failed to import: /opt/airflow/dags/replica_mongo_to_postgres.py
Traceback (most recent call last):
  File "/home/airflow/.local/lib/python3.9/site-packages/airflow/models/dagbag.py", line 383, in parse
    loader.exec_module(new_module)
  File "<frozen importlib._bootstrap_external>", line 850, in exec_module
  File "<frozen importlib._bootstrap>", line 228, in _call_with_frames_removed
  File "/opt/airflow/dags/replica_mongo_to_postgres.py", line 69, in <module>
    dag.doc_md=LONG_DESCRIPTION
NameError: name 'LONG_DESCRIPTION' is not defined
[2026-03-09T17:23:05.570+0000] {processor.py:927} WARNING - No viable dags retrieved from /opt/airflow/dags/replica_mongo_to_postgres.py
[2026-03-09T17:23:05.585+0000] {processor.py:208} INFO - Processing /opt/airflow/dags/replica_mongo_to_postgres.py took 0.246 seconds
[2026-03-09T17:23:35.690+0000] {processor.py:186} INFO - Started process (PID=60) to work on /opt/airflow/dags/replica_mongo_to_postgres.py
[2026-03-09T17:23:35.695+0000] {processor.py:914} INFO - Processing file /opt/airflow/dags/replica_mongo_to_postgres.py for tasks to queue
[2026-03-09T17:23:35.696+0000] {logging_mixin.py:190} INFO - [2026-03-09T17:23:35.696+0000] {dagbag.py:588} INFO - Filling up the DagBag from /opt/airflow/dags/replica_mongo_to_postgres.py
[2026-03-09T17:23:35.924+0000] {logging_mixin.py:190} INFO - [2026-03-09T17:23:35.924+0000] {dagbag.py:387} ERROR - Failed to import: /opt/airflow/dags/replica_mongo_to_postgres.py
Traceback (most recent call last):
  File "/home/airflow/.local/lib/python3.9/site-packages/airflow/models/dagbag.py", line 383, in parse
    loader.exec_module(new_module)
  File "<frozen importlib._bootstrap_external>", line 850, in exec_module
  File "<frozen importlib._bootstrap>", line 228, in _call_with_frames_removed
  File "/opt/airflow/dags/replica_mongo_to_postgres.py", line 69, in <module>
    dag.doc_md=LONG_DESCRIPTION
NameError: name 'LONG_DESCRIPTION' is not defined
[2026-03-09T17:23:35.925+0000] {processor.py:927} WARNING - No viable dags retrieved from /opt/airflow/dags/replica_mongo_to_postgres.py
[2026-03-09T17:23:35.939+0000] {processor.py:208} INFO - Processing /opt/airflow/dags/replica_mongo_to_postgres.py took 0.252 seconds
[2026-03-09T17:24:06.036+0000] {processor.py:186} INFO - Started process (PID=62) to work on /opt/airflow/dags/replica_mongo_to_postgres.py
[2026-03-09T17:24:06.037+0000] {processor.py:914} INFO - Processing file /opt/airflow/dags/replica_mongo_to_postgres.py for tasks to queue
[2026-03-09T17:24:06.038+0000] {logging_mixin.py:190} INFO - [2026-03-09T17:24:06.038+0000] {dagbag.py:588} INFO - Filling up the DagBag from /opt/airflow/dags/replica_mongo_to_postgres.py
[2026-03-09T17:24:06.274+0000] {logging_mixin.py:190} INFO - [2026-03-09T17:24:06.273+0000] {dagbag.py:387} ERROR - Failed to import: /opt/airflow/dags/replica_mongo_to_postgres.py
Traceback (most recent call last):
  File "/home/airflow/.local/lib/python3.9/site-packages/airflow/models/dagbag.py", line 383, in parse
    loader.exec_module(new_module)
  File "<frozen importlib._bootstrap_external>", line 850, in exec_module
  File "<frozen importlib._bootstrap>", line 228, in _call_with_frames_removed
  File "/opt/airflow/dags/replica_mongo_to_postgres.py", line 69, in <module>
    dag.doc_md=LONG_DESCRIPTION
NameError: name 'LONG_DESCRIPTION' is not defined
[2026-03-09T17:24:06.274+0000] {processor.py:927} WARNING - No viable dags retrieved from /opt/airflow/dags/replica_mongo_to_postgres.py
[2026-03-09T17:24:06.288+0000] {processor.py:208} INFO - Processing /opt/airflow/dags/replica_mongo_to_postgres.py took 0.254 seconds
[2026-03-09T17:24:36.384+0000] {processor.py:186} INFO - Started process (PID=64) to work on /opt/airflow/dags/replica_mongo_to_postgres.py
[2026-03-09T17:24:36.385+0000] {processor.py:914} INFO - Processing file /opt/airflow/dags/replica_mongo_to_postgres.py for tasks to queue
[2026-03-09T17:24:36.386+0000] {logging_mixin.py:190} INFO - [2026-03-09T17:24:36.386+0000] {dagbag.py:588} INFO - Filling up the DagBag from /opt/airflow/dags/replica_mongo_to_postgres.py
[2026-03-09T17:24:36.614+0000] {logging_mixin.py:190} INFO - [2026-03-09T17:24:36.613+0000] {dagbag.py:387} ERROR - Failed to import: /opt/airflow/dags/replica_mongo_to_postgres.py
Traceback (most recent call last):
  File "/home/airflow/.local/lib/python3.9/site-packages/airflow/models/dagbag.py", line 383, in parse
    loader.exec_module(new_module)
  File "<frozen importlib._bootstrap_external>", line 850, in exec_module
  File "<frozen importlib._bootstrap>", line 228, in _call_with_frames_removed
  File "/opt/airflow/dags/replica_mongo_to_postgres.py", line 69, in <module>
    dag.doc_md=LONG_DESCRIPTION
NameError: name 'LONG_DESCRIPTION' is not defined
[2026-03-09T17:24:36.614+0000] {processor.py:927} WARNING - No viable dags retrieved from /opt/airflow/dags/replica_mongo_to_postgres.py
[2026-03-09T17:24:36.628+0000] {processor.py:208} INFO - Processing /opt/airflow/dags/replica_mongo_to_postgres.py took 0.246 seconds
[2026-03-09T17:25:06.727+0000] {processor.py:186} INFO - Started process (PID=66) to work on /opt/airflow/dags/replica_mongo_to_postgres.py
[2026-03-09T17:25:06.733+0000] {processor.py:914} INFO - Processing file /opt/airflow/dags/replica_mongo_to_postgres.py for tasks to queue
[2026-03-09T17:25:06.734+0000] {logging_mixin.py:190} INFO - [2026-03-09T17:25:06.734+0000] {dagbag.py:588} INFO - Filling up the DagBag from /opt/airflow/dags/replica_mongo_to_postgres.py
[2026-03-09T17:25:06.965+0000] {logging_mixin.py:190} INFO - [2026-03-09T17:25:06.964+0000] {dagbag.py:387} ERROR - Failed to import: /opt/airflow/dags/replica_mongo_to_postgres.py
Traceback (most recent call last):
  File "/home/airflow/.local/lib/python3.9/site-packages/airflow/models/dagbag.py", line 383, in parse
    loader.exec_module(new_module)
  File "<frozen importlib._bootstrap_external>", line 850, in exec_module
  File "<frozen importlib._bootstrap>", line 228, in _call_with_frames_removed
  File "/opt/airflow/dags/replica_mongo_to_postgres.py", line 69, in <module>
    dag.doc_md=LONG_DESCRIPTION
NameError: name 'LONG_DESCRIPTION' is not defined
[2026-03-09T17:25:06.965+0000] {processor.py:927} WARNING - No viable dags retrieved from /opt/airflow/dags/replica_mongo_to_postgres.py
[2026-03-09T17:25:06.979+0000] {processor.py:208} INFO - Processing /opt/airflow/dags/replica_mongo_to_postgres.py took 0.255 seconds
[2026-03-09T17:25:37.075+0000] {processor.py:186} INFO - Started process (PID=68) to work on /opt/airflow/dags/replica_mongo_to_postgres.py
[2026-03-09T17:25:37.076+0000] {processor.py:914} INFO - Processing file /opt/airflow/dags/replica_mongo_to_postgres.py for tasks to queue
[2026-03-09T17:25:37.076+0000] {logging_mixin.py:190} INFO - [2026-03-09T17:25:37.076+0000] {dagbag.py:588} INFO - Filling up the DagBag from /opt/airflow/dags/replica_mongo_to_postgres.py
[2026-03-09T17:25:37.308+0000] {logging_mixin.py:190} INFO - [2026-03-09T17:25:37.307+0000] {dagbag.py:387} ERROR - Failed to import: /opt/airflow/dags/replica_mongo_to_postgres.py
Traceback (most recent call last):
  File "/home/airflow/.local/lib/python3.9/site-packages/airflow/models/dagbag.py", line 383, in parse
    loader.exec_module(new_module)
  File "<frozen importlib._bootstrap_external>", line 850, in exec_module
  File "<frozen importlib._bootstrap>", line 228, in _call_with_frames_removed
  File "/opt/airflow/dags/replica_mongo_to_postgres.py", line 69, in <module>
    dag.doc_md=LONG_DESCRIPTION
NameError: name 'LONG_DESCRIPTION' is not defined
[2026-03-09T17:25:37.308+0000] {processor.py:927} WARNING - No viable dags retrieved from /opt/airflow/dags/replica_mongo_to_postgres.py
[2026-03-09T17:25:37.322+0000] {processor.py:208} INFO - Processing /opt/airflow/dags/replica_mongo_to_postgres.py took 0.250 seconds
[2026-03-09T17:26:07.415+0000] {processor.py:186} INFO - Started process (PID=70) to work on /opt/airflow/dags/replica_mongo_to_postgres.py
[2026-03-09T17:26:07.421+0000] {processor.py:914} INFO - Processing file /opt/airflow/dags/replica_mongo_to_postgres.py for tasks to queue
[2026-03-09T17:26:07.422+0000] {logging_mixin.py:190} INFO - [2026-03-09T17:26:07.422+0000] {dagbag.py:588} INFO - Filling up the DagBag from /opt/airflow/dags/replica_mongo_to_postgres.py
[2026-03-09T17:26:07.647+0000] {logging_mixin.py:190} INFO - [2026-03-09T17:26:07.647+0000] {dagbag.py:387} ERROR - Failed to import: /opt/airflow/dags/replica_mongo_to_postgres.py
Traceback (most recent call last):
  File "/home/airflow/.local/lib/python3.9/site-packages/airflow/models/dagbag.py", line 383, in parse
    loader.exec_module(new_module)
  File "<frozen importlib._bootstrap_external>", line 850, in exec_module
  File "<frozen importlib._bootstrap>", line 228, in _call_with_frames_removed
  File "/opt/airflow/dags/replica_mongo_to_postgres.py", line 69, in <module>
    dag.doc_md=LONG_DESCRIPTION
NameError: name 'LONG_DESCRIPTION' is not defined
[2026-03-09T17:26:07.647+0000] {processor.py:927} WARNING - No viable dags retrieved from /opt/airflow/dags/replica_mongo_to_postgres.py
[2026-03-09T17:26:07.661+0000] {processor.py:208} INFO - Processing /opt/airflow/dags/replica_mongo_to_postgres.py took 0.249 seconds
[2026-03-09T17:26:37.763+0000] {processor.py:186} INFO - Started process (PID=72) to work on /opt/airflow/dags/replica_mongo_to_postgres.py
[2026-03-09T17:26:37.764+0000] {processor.py:914} INFO - Processing file /opt/airflow/dags/replica_mongo_to_postgres.py for tasks to queue
[2026-03-09T17:26:37.765+0000] {logging_mixin.py:190} INFO - [2026-03-09T17:26:37.764+0000] {dagbag.py:588} INFO - Filling up the DagBag from /opt/airflow/dags/replica_mongo_to_postgres.py
[2026-03-09T17:26:37.990+0000] {logging_mixin.py:190} INFO - [2026-03-09T17:26:37.990+0000] {dagbag.py:387} ERROR - Failed to import: /opt/airflow/dags/replica_mongo_to_postgres.py
Traceback (most recent call last):
  File "/home/airflow/.local/lib/python3.9/site-packages/airflow/models/dagbag.py", line 383, in parse
    loader.exec_module(new_module)
  File "<frozen importlib._bootstrap_external>", line 850, in exec_module
  File "<frozen importlib._bootstrap>", line 228, in _call_with_frames_removed
  File "/opt/airflow/dags/replica_mongo_to_postgres.py", line 69, in <module>
    dag.doc_md=LONG_DESCRIPTION
NameError: name 'LONG_DESCRIPTION' is not defined
[2026-03-09T17:26:37.990+0000] {processor.py:927} WARNING - No viable dags retrieved from /opt/airflow/dags/replica_mongo_to_postgres.py
[2026-03-09T17:26:38.004+0000] {processor.py:208} INFO - Processing /opt/airflow/dags/replica_mongo_to_postgres.py took 0.245 seconds
[2026-03-09T17:27:08.103+0000] {processor.py:186} INFO - Started process (PID=74) to work on /opt/airflow/dags/replica_mongo_to_postgres.py
[2026-03-09T17:27:08.109+0000] {processor.py:914} INFO - Processing file /opt/airflow/dags/replica_mongo_to_postgres.py for tasks to queue
[2026-03-09T17:27:08.110+0000] {logging_mixin.py:190} INFO - [2026-03-09T17:27:08.109+0000] {dagbag.py:588} INFO - Filling up the DagBag from /opt/airflow/dags/replica_mongo_to_postgres.py
[2026-03-09T17:27:08.346+0000] {logging_mixin.py:190} INFO - [2026-03-09T17:27:08.346+0000] {dagbag.py:387} ERROR - Failed to import: /opt/airflow/dags/replica_mongo_to_postgres.py
Traceback (most recent call last):
  File "/home/airflow/.local/lib/python3.9/site-packages/airflow/models/dagbag.py", line 383, in parse
    loader.exec_module(new_module)
  File "<frozen importlib._bootstrap_external>", line 850, in exec_module
  File "<frozen importlib._bootstrap>", line 228, in _call_with_frames_removed
  File "/opt/airflow/dags/replica_mongo_to_postgres.py", line 69, in <module>
    dag.doc_md=LONG_DESCRIPTION
NameError: name 'LONG_DESCRIPTION' is not defined
[2026-03-09T17:27:08.347+0000] {processor.py:927} WARNING - No viable dags retrieved from /opt/airflow/dags/replica_mongo_to_postgres.py
[2026-03-09T17:27:08.361+0000] {processor.py:208} INFO - Processing /opt/airflow/dags/replica_mongo_to_postgres.py took 0.261 seconds
[2026-03-09T17:29:14.744+0000] {processor.py:186} INFO - Started process (PID=54) to work on /opt/airflow/dags/replica_mongo_to_postgres.py
[2026-03-09T17:29:14.745+0000] {processor.py:914} INFO - Processing file /opt/airflow/dags/replica_mongo_to_postgres.py for tasks to queue
[2026-03-09T17:29:14.746+0000] {logging_mixin.py:190} INFO - [2026-03-09T17:29:14.746+0000] {dagbag.py:588} INFO - Filling up the DagBag from /opt/airflow/dags/replica_mongo_to_postgres.py
[2026-03-09T17:29:15.774+0000] {logging_mixin.py:190} INFO - [2026-03-09T17:29:15.773+0000] {dagbag.py:387} ERROR - Failed to import: /opt/airflow/dags/replica_mongo_to_postgres.py
Traceback (most recent call last):
  File "/home/airflow/.local/lib/python3.9/site-packages/airflow/models/dagbag.py", line 383, in parse
    loader.exec_module(new_module)
  File "<frozen importlib._bootstrap_external>", line 850, in exec_module
  File "<frozen importlib._bootstrap>", line 228, in _call_with_frames_removed
  File "/opt/airflow/dags/replica_mongo_to_postgres.py", line 69, in <module>
    dag.doc_md=LONG_DESCRIPTION
NameError: name 'LONG_DESCRIPTION' is not defined
[2026-03-09T17:29:15.774+0000] {processor.py:927} WARNING - No viable dags retrieved from /opt/airflow/dags/replica_mongo_to_postgres.py
[2026-03-09T17:29:15.789+0000] {processor.py:208} INFO - Processing /opt/airflow/dags/replica_mongo_to_postgres.py took 1.050 seconds
[2026-03-09T17:29:45.893+0000] {processor.py:186} INFO - Started process (PID=56) to work on /opt/airflow/dags/replica_mongo_to_postgres.py
[2026-03-09T17:29:45.893+0000] {processor.py:914} INFO - Processing file /opt/airflow/dags/replica_mongo_to_postgres.py for tasks to queue
[2026-03-09T17:29:45.894+0000] {logging_mixin.py:190} INFO - [2026-03-09T17:29:45.894+0000] {dagbag.py:588} INFO - Filling up the DagBag from /opt/airflow/dags/replica_mongo_to_postgres.py
[2026-03-09T17:29:46.129+0000] {logging_mixin.py:190} INFO - [2026-03-09T17:29:46.129+0000] {dagbag.py:387} ERROR - Failed to import: /opt/airflow/dags/replica_mongo_to_postgres.py
Traceback (most recent call last):
  File "/home/airflow/.local/lib/python3.9/site-packages/airflow/models/dagbag.py", line 383, in parse
    loader.exec_module(new_module)
  File "<frozen importlib._bootstrap_external>", line 850, in exec_module
  File "<frozen importlib._bootstrap>", line 228, in _call_with_frames_removed
  File "/opt/airflow/dags/replica_mongo_to_postgres.py", line 69, in <module>
    dag.doc_md=LONG_DESCRIPTION
NameError: name 'LONG_DESCRIPTION' is not defined
[2026-03-09T17:29:46.130+0000] {processor.py:927} WARNING - No viable dags retrieved from /opt/airflow/dags/replica_mongo_to_postgres.py
[2026-03-09T17:29:46.140+0000] {processor.py:208} INFO - Processing /opt/airflow/dags/replica_mongo_to_postgres.py took 0.250 seconds
[2026-03-09T17:30:16.245+0000] {processor.py:186} INFO - Started process (PID=58) to work on /opt/airflow/dags/replica_mongo_to_postgres.py
[2026-03-09T17:30:16.250+0000] {processor.py:914} INFO - Processing file /opt/airflow/dags/replica_mongo_to_postgres.py for tasks to queue
[2026-03-09T17:30:16.251+0000] {logging_mixin.py:190} INFO - [2026-03-09T17:30:16.251+0000] {dagbag.py:588} INFO - Filling up the DagBag from /opt/airflow/dags/replica_mongo_to_postgres.py
[2026-03-09T17:30:16.493+0000] {logging_mixin.py:190} INFO - [2026-03-09T17:30:16.492+0000] {dagbag.py:387} ERROR - Failed to import: /opt/airflow/dags/replica_mongo_to_postgres.py
Traceback (most recent call last):
  File "/home/airflow/.local/lib/python3.9/site-packages/airflow/models/dagbag.py", line 383, in parse
    loader.exec_module(new_module)
  File "<frozen importlib._bootstrap_external>", line 850, in exec_module
  File "<frozen importlib._bootstrap>", line 228, in _call_with_frames_removed
  File "/opt/airflow/dags/replica_mongo_to_postgres.py", line 69, in <module>
    dag.doc_md=LONG_DESCRIPTION
NameError: name 'LONG_DESCRIPTION' is not defined
[2026-03-09T17:30:16.493+0000] {processor.py:927} WARNING - No viable dags retrieved from /opt/airflow/dags/replica_mongo_to_postgres.py
[2026-03-09T17:30:16.508+0000] {processor.py:208} INFO - Processing /opt/airflow/dags/replica_mongo_to_postgres.py took 0.267 seconds
[2026-03-09T17:30:46.612+0000] {processor.py:186} INFO - Started process (PID=60) to work on /opt/airflow/dags/replica_mongo_to_postgres.py
[2026-03-09T17:30:46.617+0000] {processor.py:914} INFO - Processing file /opt/airflow/dags/replica_mongo_to_postgres.py for tasks to queue
[2026-03-09T17:30:46.619+0000] {logging_mixin.py:190} INFO - [2026-03-09T17:30:46.618+0000] {dagbag.py:588} INFO - Filling up the DagBag from /opt/airflow/dags/replica_mongo_to_postgres.py
[2026-03-09T17:30:46.882+0000] {logging_mixin.py:190} INFO - [2026-03-09T17:30:46.881+0000] {dagbag.py:387} ERROR - Failed to import: /opt/airflow/dags/replica_mongo_to_postgres.py
Traceback (most recent call last):
  File "/home/airflow/.local/lib/python3.9/site-packages/airflow/models/dagbag.py", line 383, in parse
    loader.exec_module(new_module)
  File "<frozen importlib._bootstrap_external>", line 850, in exec_module
  File "<frozen importlib._bootstrap>", line 228, in _call_with_frames_removed
  File "/opt/airflow/dags/replica_mongo_to_postgres.py", line 69, in <module>
    dag.doc_md=LONG_DESCRIPTION
NameError: name 'LONG_DESCRIPTION' is not defined
[2026-03-09T17:30:46.882+0000] {processor.py:927} WARNING - No viable dags retrieved from /opt/airflow/dags/replica_mongo_to_postgres.py
[2026-03-09T17:30:46.896+0000] {processor.py:208} INFO - Processing /opt/airflow/dags/replica_mongo_to_postgres.py took 0.288 seconds
[2026-03-09T17:31:47.645+0000] {processor.py:186} INFO - Started process (PID=54) to work on /opt/airflow/dags/replica_mongo_to_postgres.py
[2026-03-09T17:31:47.645+0000] {processor.py:914} INFO - Processing file /opt/airflow/dags/replica_mongo_to_postgres.py for tasks to queue
[2026-03-09T17:31:47.647+0000] {logging_mixin.py:190} INFO - [2026-03-09T17:31:47.647+0000] {dagbag.py:588} INFO - Filling up the DagBag from /opt/airflow/dags/replica_mongo_to_postgres.py
[2026-03-09T17:31:48.551+0000] {logging_mixin.py:190} INFO - [2026-03-09T17:31:48.551+0000] {dagbag.py:387} ERROR - Failed to import: /opt/airflow/dags/replica_mongo_to_postgres.py
Traceback (most recent call last):
  File "/home/airflow/.local/lib/python3.9/site-packages/airflow/models/dagbag.py", line 383, in parse
    loader.exec_module(new_module)
  File "<frozen importlib._bootstrap_external>", line 850, in exec_module
  File "<frozen importlib._bootstrap>", line 228, in _call_with_frames_removed
  File "/opt/airflow/dags/replica_mongo_to_postgres.py", line 69, in <module>
    dag.doc_md=LONG_DESCRIPTION
NameError: name 'LONG_DESCRIPTION' is not defined
[2026-03-09T17:31:48.551+0000] {processor.py:927} WARNING - No viable dags retrieved from /opt/airflow/dags/replica_mongo_to_postgres.py
[2026-03-09T17:31:48.561+0000] {processor.py:208} INFO - Processing /opt/airflow/dags/replica_mongo_to_postgres.py took 0.921 seconds
[2026-03-09T17:32:18.717+0000] {processor.py:186} INFO - Started process (PID=56) to work on /opt/airflow/dags/replica_mongo_to_postgres.py
[2026-03-09T17:32:18.717+0000] {processor.py:914} INFO - Processing file /opt/airflow/dags/replica_mongo_to_postgres.py for tasks to queue
[2026-03-09T17:32:18.718+0000] {logging_mixin.py:190} INFO - [2026-03-09T17:32:18.718+0000] {dagbag.py:588} INFO - Filling up the DagBag from /opt/airflow/dags/replica_mongo_to_postgres.py
[2026-03-09T17:32:18.946+0000] {logging_mixin.py:190} INFO - [2026-03-09T17:32:18.945+0000] {dagbag.py:387} ERROR - Failed to import: /opt/airflow/dags/replica_mongo_to_postgres.py
Traceback (most recent call last):
  File "/home/airflow/.local/lib/python3.9/site-packages/airflow/models/dagbag.py", line 383, in parse
    loader.exec_module(new_module)
  File "<frozen importlib._bootstrap_external>", line 850, in exec_module
  File "<frozen importlib._bootstrap>", line 228, in _call_with_frames_removed
  File "/opt/airflow/dags/replica_mongo_to_postgres.py", line 69, in <module>
    dag.doc_md=LONG_DESCRIPTION
NameError: name 'LONG_DESCRIPTION' is not defined
[2026-03-09T17:32:18.946+0000] {processor.py:927} WARNING - No viable dags retrieved from /opt/airflow/dags/replica_mongo_to_postgres.py
[2026-03-09T17:32:18.956+0000] {processor.py:208} INFO - Processing /opt/airflow/dags/replica_mongo_to_postgres.py took 0.242 seconds
[2026-03-09T17:32:49.060+0000] {processor.py:186} INFO - Started process (PID=58) to work on /opt/airflow/dags/replica_mongo_to_postgres.py
[2026-03-09T17:32:49.066+0000] {processor.py:914} INFO - Processing file /opt/airflow/dags/replica_mongo_to_postgres.py for tasks to queue
[2026-03-09T17:32:49.067+0000] {logging_mixin.py:190} INFO - [2026-03-09T17:32:49.067+0000] {dagbag.py:588} INFO - Filling up the DagBag from /opt/airflow/dags/replica_mongo_to_postgres.py
[2026-03-09T17:32:49.291+0000] {logging_mixin.py:190} INFO - [2026-03-09T17:32:49.290+0000] {dagbag.py:387} ERROR - Failed to import: /opt/airflow/dags/replica_mongo_to_postgres.py
Traceback (most recent call last):
  File "/home/airflow/.local/lib/python3.9/site-packages/airflow/models/dagbag.py", line 383, in parse
    loader.exec_module(new_module)
  File "<frozen importlib._bootstrap_external>", line 850, in exec_module
  File "<frozen importlib._bootstrap>", line 228, in _call_with_frames_removed
  File "/opt/airflow/dags/replica_mongo_to_postgres.py", line 69, in <module>
    dag.doc_md=LONG_DESCRIPTION
NameError: name 'LONG_DESCRIPTION' is not defined
[2026-03-09T17:32:49.291+0000] {processor.py:927} WARNING - No viable dags retrieved from /opt/airflow/dags/replica_mongo_to_postgres.py
[2026-03-09T17:32:49.305+0000] {processor.py:208} INFO - Processing /opt/airflow/dags/replica_mongo_to_postgres.py took 0.248 seconds
[2026-03-09T17:33:19.411+0000] {processor.py:186} INFO - Started process (PID=60) to work on /opt/airflow/dags/replica_mongo_to_postgres.py
[2026-03-09T17:33:19.411+0000] {processor.py:914} INFO - Processing file /opt/airflow/dags/replica_mongo_to_postgres.py for tasks to queue
[2026-03-09T17:33:19.412+0000] {logging_mixin.py:190} INFO - [2026-03-09T17:33:19.412+0000] {dagbag.py:588} INFO - Filling up the DagBag from /opt/airflow/dags/replica_mongo_to_postgres.py
[2026-03-09T17:33:19.636+0000] {logging_mixin.py:190} INFO - [2026-03-09T17:33:19.636+0000] {dagbag.py:387} ERROR - Failed to import: /opt/airflow/dags/replica_mongo_to_postgres.py
Traceback (most recent call last):
  File "/home/airflow/.local/lib/python3.9/site-packages/airflow/models/dagbag.py", line 383, in parse
    loader.exec_module(new_module)
  File "<frozen importlib._bootstrap_external>", line 850, in exec_module
  File "<frozen importlib._bootstrap>", line 228, in _call_with_frames_removed
  File "/opt/airflow/dags/replica_mongo_to_postgres.py", line 69, in <module>
    dag.doc_md=LONG_DESCRIPTION
NameError: name 'LONG_DESCRIPTION' is not defined
[2026-03-09T17:33:19.637+0000] {processor.py:927} WARNING - No viable dags retrieved from /opt/airflow/dags/replica_mongo_to_postgres.py
[2026-03-09T17:33:19.650+0000] {processor.py:208} INFO - Processing /opt/airflow/dags/replica_mongo_to_postgres.py took 0.242 seconds
[2026-03-09T17:33:49.746+0000] {processor.py:186} INFO - Started process (PID=62) to work on /opt/airflow/dags/replica_mongo_to_postgres.py
[2026-03-09T17:33:49.751+0000] {processor.py:914} INFO - Processing file /opt/airflow/dags/replica_mongo_to_postgres.py for tasks to queue
[2026-03-09T17:33:49.752+0000] {logging_mixin.py:190} INFO - [2026-03-09T17:33:49.752+0000] {dagbag.py:588} INFO - Filling up the DagBag from /opt/airflow/dags/replica_mongo_to_postgres.py
[2026-03-09T17:33:49.979+0000] {logging_mixin.py:190} INFO - [2026-03-09T17:33:49.979+0000] {dagbag.py:387} ERROR - Failed to import: /opt/airflow/dags/replica_mongo_to_postgres.py
Traceback (most recent call last):
  File "/home/airflow/.local/lib/python3.9/site-packages/airflow/models/dagbag.py", line 383, in parse
    loader.exec_module(new_module)
  File "<frozen importlib._bootstrap_external>", line 850, in exec_module
  File "<frozen importlib._bootstrap>", line 228, in _call_with_frames_removed
  File "/opt/airflow/dags/replica_mongo_to_postgres.py", line 69, in <module>
    dag.doc_md=LONG_DESCRIPTION
NameError: name 'LONG_DESCRIPTION' is not defined
[2026-03-09T17:33:49.979+0000] {processor.py:927} WARNING - No viable dags retrieved from /opt/airflow/dags/replica_mongo_to_postgres.py
[2026-03-09T17:33:49.993+0000] {processor.py:208} INFO - Processing /opt/airflow/dags/replica_mongo_to_postgres.py took 0.250 seconds
[2026-03-09T17:34:20.098+0000] {processor.py:186} INFO - Started process (PID=64) to work on /opt/airflow/dags/replica_mongo_to_postgres.py
[2026-03-09T17:34:20.098+0000] {processor.py:914} INFO - Processing file /opt/airflow/dags/replica_mongo_to_postgres.py for tasks to queue
[2026-03-09T17:34:20.099+0000] {logging_mixin.py:190} INFO - [2026-03-09T17:34:20.099+0000] {dagbag.py:588} INFO - Filling up the DagBag from /opt/airflow/dags/replica_mongo_to_postgres.py
[2026-03-09T17:34:20.328+0000] {logging_mixin.py:190} INFO - [2026-03-09T17:34:20.328+0000] {dagbag.py:387} ERROR - Failed to import: /opt/airflow/dags/replica_mongo_to_postgres.py
Traceback (most recent call last):
  File "/home/airflow/.local/lib/python3.9/site-packages/airflow/models/dagbag.py", line 383, in parse
    loader.exec_module(new_module)
  File "<frozen importlib._bootstrap_external>", line 850, in exec_module
  File "<frozen importlib._bootstrap>", line 228, in _call_with_frames_removed
  File "/opt/airflow/dags/replica_mongo_to_postgres.py", line 69, in <module>
    dag.doc_md=LONG_DESCRIPTION
NameError: name 'LONG_DESCRIPTION' is not defined
[2026-03-09T17:34:20.328+0000] {processor.py:927} WARNING - No viable dags retrieved from /opt/airflow/dags/replica_mongo_to_postgres.py
[2026-03-09T17:34:20.342+0000] {processor.py:208} INFO - Processing /opt/airflow/dags/replica_mongo_to_postgres.py took 0.247 seconds
[2026-03-09T17:34:50.436+0000] {processor.py:186} INFO - Started process (PID=66) to work on /opt/airflow/dags/replica_mongo_to_postgres.py
[2026-03-09T17:34:50.441+0000] {processor.py:914} INFO - Processing file /opt/airflow/dags/replica_mongo_to_postgres.py for tasks to queue
[2026-03-09T17:34:50.442+0000] {logging_mixin.py:190} INFO - [2026-03-09T17:34:50.442+0000] {dagbag.py:588} INFO - Filling up the DagBag from /opt/airflow/dags/replica_mongo_to_postgres.py
[2026-03-09T17:34:50.681+0000] {logging_mixin.py:190} INFO - [2026-03-09T17:34:50.681+0000] {dagbag.py:387} ERROR - Failed to import: /opt/airflow/dags/replica_mongo_to_postgres.py
Traceback (most recent call last):
  File "/home/airflow/.local/lib/python3.9/site-packages/airflow/models/dagbag.py", line 383, in parse
    loader.exec_module(new_module)
  File "<frozen importlib._bootstrap_external>", line 850, in exec_module
  File "<frozen importlib._bootstrap>", line 228, in _call_with_frames_removed
  File "/opt/airflow/dags/replica_mongo_to_postgres.py", line 69, in <module>
    dag.doc_md=LONG_DESCRIPTION
NameError: name 'LONG_DESCRIPTION' is not defined
[2026-03-09T17:34:50.681+0000] {processor.py:927} WARNING - No viable dags retrieved from /opt/airflow/dags/replica_mongo_to_postgres.py
[2026-03-09T17:34:50.695+0000] {processor.py:208} INFO - Processing /opt/airflow/dags/replica_mongo_to_postgres.py took 0.263 seconds
[2026-03-09T17:35:20.800+0000] {processor.py:186} INFO - Started process (PID=68) to work on /opt/airflow/dags/replica_mongo_to_postgres.py
[2026-03-09T17:35:20.801+0000] {processor.py:914} INFO - Processing file /opt/airflow/dags/replica_mongo_to_postgres.py for tasks to queue
[2026-03-09T17:35:20.802+0000] {logging_mixin.py:190} INFO - [2026-03-09T17:35:20.802+0000] {dagbag.py:588} INFO - Filling up the DagBag from /opt/airflow/dags/replica_mongo_to_postgres.py
[2026-03-09T17:35:21.029+0000] {logging_mixin.py:190} INFO - [2026-03-09T17:35:21.028+0000] {dagbag.py:387} ERROR - Failed to import: /opt/airflow/dags/replica_mongo_to_postgres.py
Traceback (most recent call last):
  File "/home/airflow/.local/lib/python3.9/site-packages/airflow/models/dagbag.py", line 383, in parse
    loader.exec_module(new_module)
  File "<frozen importlib._bootstrap_external>", line 850, in exec_module
  File "<frozen importlib._bootstrap>", line 228, in _call_with_frames_removed
  File "/opt/airflow/dags/replica_mongo_to_postgres.py", line 69, in <module>
    dag.doc_md=LONG_DESCRIPTION
NameError: name 'LONG_DESCRIPTION' is not defined
[2026-03-09T17:35:21.029+0000] {processor.py:927} WARNING - No viable dags retrieved from /opt/airflow/dags/replica_mongo_to_postgres.py
[2026-03-09T17:35:21.043+0000] {processor.py:208} INFO - Processing /opt/airflow/dags/replica_mongo_to_postgres.py took 0.246 seconds
[2026-03-09T17:35:51.148+0000] {processor.py:186} INFO - Started process (PID=70) to work on /opt/airflow/dags/replica_mongo_to_postgres.py
[2026-03-09T17:35:51.153+0000] {processor.py:914} INFO - Processing file /opt/airflow/dags/replica_mongo_to_postgres.py for tasks to queue
[2026-03-09T17:35:51.154+0000] {logging_mixin.py:190} INFO - [2026-03-09T17:35:51.154+0000] {dagbag.py:588} INFO - Filling up the DagBag from /opt/airflow/dags/replica_mongo_to_postgres.py
[2026-03-09T17:35:51.380+0000] {logging_mixin.py:190} INFO - [2026-03-09T17:35:51.380+0000] {dagbag.py:387} ERROR - Failed to import: /opt/airflow/dags/replica_mongo_to_postgres.py
Traceback (most recent call last):
  File "/home/airflow/.local/lib/python3.9/site-packages/airflow/models/dagbag.py", line 383, in parse
    loader.exec_module(new_module)
  File "<frozen importlib._bootstrap_external>", line 850, in exec_module
  File "<frozen importlib._bootstrap>", line 228, in _call_with_frames_removed
  File "/opt/airflow/dags/replica_mongo_to_postgres.py", line 69, in <module>
    dag.doc_md=LONG_DESCRIPTION
NameError: name 'LONG_DESCRIPTION' is not defined
[2026-03-09T17:35:51.380+0000] {processor.py:927} WARNING - No viable dags retrieved from /opt/airflow/dags/replica_mongo_to_postgres.py
[2026-03-09T17:35:51.394+0000] {processor.py:208} INFO - Processing /opt/airflow/dags/replica_mongo_to_postgres.py took 0.250 seconds
[2026-03-09T17:36:21.480+0000] {processor.py:186} INFO - Started process (PID=72) to work on /opt/airflow/dags/replica_mongo_to_postgres.py
[2026-03-09T17:36:21.480+0000] {processor.py:914} INFO - Processing file /opt/airflow/dags/replica_mongo_to_postgres.py for tasks to queue
[2026-03-09T17:36:21.481+0000] {logging_mixin.py:190} INFO - [2026-03-09T17:36:21.481+0000] {dagbag.py:588} INFO - Filling up the DagBag from /opt/airflow/dags/replica_mongo_to_postgres.py
[2026-03-09T17:36:21.707+0000] {logging_mixin.py:190} INFO - [2026-03-09T17:36:21.706+0000] {dagbag.py:387} ERROR - Failed to import: /opt/airflow/dags/replica_mongo_to_postgres.py
Traceback (most recent call last):
  File "/home/airflow/.local/lib/python3.9/site-packages/airflow/models/dagbag.py", line 383, in parse
    loader.exec_module(new_module)
  File "<frozen importlib._bootstrap_external>", line 850, in exec_module
  File "<frozen importlib._bootstrap>", line 228, in _call_with_frames_removed
  File "/opt/airflow/dags/replica_mongo_to_postgres.py", line 69, in <module>
    dag.doc_md=LONG_DESCRIPTION
NameError: name 'LONG_DESCRIPTION' is not defined
[2026-03-09T17:36:21.707+0000] {processor.py:927} WARNING - No viable dags retrieved from /opt/airflow/dags/replica_mongo_to_postgres.py
[2026-03-09T17:36:21.720+0000] {processor.py:208} INFO - Processing /opt/airflow/dags/replica_mongo_to_postgres.py took 0.244 seconds
[2026-03-09T17:36:51.819+0000] {processor.py:186} INFO - Started process (PID=74) to work on /opt/airflow/dags/replica_mongo_to_postgres.py
[2026-03-09T17:36:51.824+0000] {processor.py:914} INFO - Processing file /opt/airflow/dags/replica_mongo_to_postgres.py for tasks to queue
[2026-03-09T17:36:51.825+0000] {logging_mixin.py:190} INFO - [2026-03-09T17:36:51.825+0000] {dagbag.py:588} INFO - Filling up the DagBag from /opt/airflow/dags/replica_mongo_to_postgres.py
[2026-03-09T17:36:52.053+0000] {logging_mixin.py:190} INFO - [2026-03-09T17:36:52.053+0000] {dagbag.py:387} ERROR - Failed to import: /opt/airflow/dags/replica_mongo_to_postgres.py
Traceback (most recent call last):
  File "/home/airflow/.local/lib/python3.9/site-packages/airflow/models/dagbag.py", line 383, in parse
    loader.exec_module(new_module)
  File "<frozen importlib._bootstrap_external>", line 850, in exec_module
  File "<frozen importlib._bootstrap>", line 228, in _call_with_frames_removed
  File "/opt/airflow/dags/replica_mongo_to_postgres.py", line 69, in <module>
    dag.doc_md=LONG_DESCRIPTION
NameError: name 'LONG_DESCRIPTION' is not defined
[2026-03-09T17:36:52.053+0000] {processor.py:927} WARNING - No viable dags retrieved from /opt/airflow/dags/replica_mongo_to_postgres.py
[2026-03-09T17:36:52.068+0000] {processor.py:208} INFO - Processing /opt/airflow/dags/replica_mongo_to_postgres.py took 0.252 seconds
[2026-03-09T17:37:22.155+0000] {processor.py:186} INFO - Started process (PID=76) to work on /opt/airflow/dags/replica_mongo_to_postgres.py
[2026-03-09T17:37:22.161+0000] {processor.py:914} INFO - Processing file /opt/airflow/dags/replica_mongo_to_postgres.py for tasks to queue
[2026-03-09T17:37:22.162+0000] {logging_mixin.py:190} INFO - [2026-03-09T17:37:22.162+0000] {dagbag.py:588} INFO - Filling up the DagBag from /opt/airflow/dags/replica_mongo_to_postgres.py
[2026-03-09T17:37:22.385+0000] {logging_mixin.py:190} INFO - [2026-03-09T17:37:22.385+0000] {dagbag.py:387} ERROR - Failed to import: /opt/airflow/dags/replica_mongo_to_postgres.py
Traceback (most recent call last):
  File "/home/airflow/.local/lib/python3.9/site-packages/airflow/models/dagbag.py", line 383, in parse
    loader.exec_module(new_module)
  File "<frozen importlib._bootstrap_external>", line 850, in exec_module
  File "<frozen importlib._bootstrap>", line 228, in _call_with_frames_removed
  File "/opt/airflow/dags/replica_mongo_to_postgres.py", line 69, in <module>
    dag.doc_md=LONG_DESCRIPTION
NameError: name 'LONG_DESCRIPTION' is not defined
[2026-03-09T17:37:22.386+0000] {processor.py:927} WARNING - No viable dags retrieved from /opt/airflow/dags/replica_mongo_to_postgres.py
[2026-03-09T17:37:22.399+0000] {processor.py:208} INFO - Processing /opt/airflow/dags/replica_mongo_to_postgres.py took 0.247 seconds
[2026-03-09T17:37:52.491+0000] {processor.py:186} INFO - Started process (PID=78) to work on /opt/airflow/dags/replica_mongo_to_postgres.py
[2026-03-09T17:37:52.491+0000] {processor.py:914} INFO - Processing file /opt/airflow/dags/replica_mongo_to_postgres.py for tasks to queue
[2026-03-09T17:37:52.492+0000] {logging_mixin.py:190} INFO - [2026-03-09T17:37:52.492+0000] {dagbag.py:588} INFO - Filling up the DagBag from /opt/airflow/dags/replica_mongo_to_postgres.py
[2026-03-09T17:37:52.717+0000] {logging_mixin.py:190} INFO - [2026-03-09T17:37:52.716+0000] {dagbag.py:387} ERROR - Failed to import: /opt/airflow/dags/replica_mongo_to_postgres.py
Traceback (most recent call last):
  File "/home/airflow/.local/lib/python3.9/site-packages/airflow/models/dagbag.py", line 383, in parse
    loader.exec_module(new_module)
  File "<frozen importlib._bootstrap_external>", line 850, in exec_module
  File "<frozen importlib._bootstrap>", line 228, in _call_with_frames_removed
  File "/opt/airflow/dags/replica_mongo_to_postgres.py", line 69, in <module>
    dag.doc_md=LONG_DESCRIPTION
NameError: name 'LONG_DESCRIPTION' is not defined
[2026-03-09T17:37:52.717+0000] {processor.py:927} WARNING - No viable dags retrieved from /opt/airflow/dags/replica_mongo_to_postgres.py
[2026-03-09T17:37:52.731+0000] {processor.py:208} INFO - Processing /opt/airflow/dags/replica_mongo_to_postgres.py took 0.243 seconds
[2026-03-09T17:38:22.836+0000] {processor.py:186} INFO - Started process (PID=80) to work on /opt/airflow/dags/replica_mongo_to_postgres.py
[2026-03-09T17:38:22.836+0000] {processor.py:914} INFO - Processing file /opt/airflow/dags/replica_mongo_to_postgres.py for tasks to queue
[2026-03-09T17:38:22.837+0000] {logging_mixin.py:190} INFO - [2026-03-09T17:38:22.837+0000] {dagbag.py:588} INFO - Filling up the DagBag from /opt/airflow/dags/replica_mongo_to_postgres.py
[2026-03-09T17:38:23.061+0000] {logging_mixin.py:190} INFO - [2026-03-09T17:38:23.060+0000] {dagbag.py:387} ERROR - Failed to import: /opt/airflow/dags/replica_mongo_to_postgres.py
Traceback (most recent call last):
  File "/home/airflow/.local/lib/python3.9/site-packages/airflow/models/dagbag.py", line 383, in parse
    loader.exec_module(new_module)
  File "<frozen importlib._bootstrap_external>", line 850, in exec_module
  File "<frozen importlib._bootstrap>", line 228, in _call_with_frames_removed
  File "/opt/airflow/dags/replica_mongo_to_postgres.py", line 69, in <module>
    dag.doc_md=LONG_DESCRIPTION
NameError: name 'LONG_DESCRIPTION' is not defined
[2026-03-09T17:38:23.061+0000] {processor.py:927} WARNING - No viable dags retrieved from /opt/airflow/dags/replica_mongo_to_postgres.py
[2026-03-09T17:38:23.074+0000] {processor.py:208} INFO - Processing /opt/airflow/dags/replica_mongo_to_postgres.py took 0.242 seconds
[2026-03-09T17:38:53.182+0000] {processor.py:186} INFO - Started process (PID=82) to work on /opt/airflow/dags/replica_mongo_to_postgres.py
[2026-03-09T17:38:53.188+0000] {processor.py:914} INFO - Processing file /opt/airflow/dags/replica_mongo_to_postgres.py for tasks to queue
[2026-03-09T17:38:53.189+0000] {logging_mixin.py:190} INFO - [2026-03-09T17:38:53.189+0000] {dagbag.py:588} INFO - Filling up the DagBag from /opt/airflow/dags/replica_mongo_to_postgres.py
[2026-03-09T17:38:53.424+0000] {logging_mixin.py:190} INFO - [2026-03-09T17:38:53.423+0000] {dagbag.py:387} ERROR - Failed to import: /opt/airflow/dags/replica_mongo_to_postgres.py
Traceback (most recent call last):
  File "/home/airflow/.local/lib/python3.9/site-packages/airflow/models/dagbag.py", line 383, in parse
    loader.exec_module(new_module)
  File "<frozen importlib._bootstrap_external>", line 850, in exec_module
  File "<frozen importlib._bootstrap>", line 228, in _call_with_frames_removed
  File "/opt/airflow/dags/replica_mongo_to_postgres.py", line 69, in <module>
    dag.doc_md=LONG_DESCRIPTION
NameError: name 'LONG_DESCRIPTION' is not defined
[2026-03-09T17:38:53.424+0000] {processor.py:927} WARNING - No viable dags retrieved from /opt/airflow/dags/replica_mongo_to_postgres.py
[2026-03-09T17:38:53.438+0000] {processor.py:208} INFO - Processing /opt/airflow/dags/replica_mongo_to_postgres.py took 0.259 seconds
[2026-03-09T17:39:23.533+0000] {processor.py:186} INFO - Started process (PID=84) to work on /opt/airflow/dags/replica_mongo_to_postgres.py
[2026-03-09T17:39:23.534+0000] {processor.py:914} INFO - Processing file /opt/airflow/dags/replica_mongo_to_postgres.py for tasks to queue
[2026-03-09T17:39:23.535+0000] {logging_mixin.py:190} INFO - [2026-03-09T17:39:23.535+0000] {dagbag.py:588} INFO - Filling up the DagBag from /opt/airflow/dags/replica_mongo_to_postgres.py
[2026-03-09T17:39:23.768+0000] {logging_mixin.py:190} INFO - [2026-03-09T17:39:23.767+0000] {dagbag.py:387} ERROR - Failed to import: /opt/airflow/dags/replica_mongo_to_postgres.py
Traceback (most recent call last):
  File "/home/airflow/.local/lib/python3.9/site-packages/airflow/models/dagbag.py", line 383, in parse
    loader.exec_module(new_module)
  File "<frozen importlib._bootstrap_external>", line 850, in exec_module
  File "<frozen importlib._bootstrap>", line 228, in _call_with_frames_removed
  File "/opt/airflow/dags/replica_mongo_to_postgres.py", line 69, in <module>
    dag.doc_md=LONG_DESCRIPTION
NameError: name 'LONG_DESCRIPTION' is not defined
[2026-03-09T17:39:23.768+0000] {processor.py:927} WARNING - No viable dags retrieved from /opt/airflow/dags/replica_mongo_to_postgres.py
[2026-03-09T17:39:23.782+0000] {processor.py:208} INFO - Processing /opt/airflow/dags/replica_mongo_to_postgres.py took 0.252 seconds
[2026-03-09T17:39:53.875+0000] {processor.py:186} INFO - Started process (PID=86) to work on /opt/airflow/dags/replica_mongo_to_postgres.py
[2026-03-09T17:39:53.881+0000] {processor.py:914} INFO - Processing file /opt/airflow/dags/replica_mongo_to_postgres.py for tasks to queue
[2026-03-09T17:39:53.882+0000] {logging_mixin.py:190} INFO - [2026-03-09T17:39:53.882+0000] {dagbag.py:588} INFO - Filling up the DagBag from /opt/airflow/dags/replica_mongo_to_postgres.py
[2026-03-09T17:39:54.117+0000] {logging_mixin.py:190} INFO - [2026-03-09T17:39:54.116+0000] {dagbag.py:387} ERROR - Failed to import: /opt/airflow/dags/replica_mongo_to_postgres.py
Traceback (most recent call last):
  File "/home/airflow/.local/lib/python3.9/site-packages/airflow/models/dagbag.py", line 383, in parse
    loader.exec_module(new_module)
  File "<frozen importlib._bootstrap_external>", line 850, in exec_module
  File "<frozen importlib._bootstrap>", line 228, in _call_with_frames_removed
  File "/opt/airflow/dags/replica_mongo_to_postgres.py", line 69, in <module>
    dag.doc_md=LONG_DESCRIPTION
NameError: name 'LONG_DESCRIPTION' is not defined
[2026-03-09T17:39:54.117+0000] {processor.py:927} WARNING - No viable dags retrieved from /opt/airflow/dags/replica_mongo_to_postgres.py
[2026-03-09T17:39:54.130+0000] {processor.py:208} INFO - Processing /opt/airflow/dags/replica_mongo_to_postgres.py took 0.259 seconds
[2026-03-09T17:40:24.232+0000] {processor.py:186} INFO - Started process (PID=88) to work on /opt/airflow/dags/replica_mongo_to_postgres.py
[2026-03-09T17:40:24.238+0000] {processor.py:914} INFO - Processing file /opt/airflow/dags/replica_mongo_to_postgres.py for tasks to queue
[2026-03-09T17:40:24.239+0000] {logging_mixin.py:190} INFO - [2026-03-09T17:40:24.239+0000] {dagbag.py:588} INFO - Filling up the DagBag from /opt/airflow/dags/replica_mongo_to_postgres.py
[2026-03-09T17:40:24.474+0000] {logging_mixin.py:190} INFO - [2026-03-09T17:40:24.473+0000] {dagbag.py:387} ERROR - Failed to import: /opt/airflow/dags/replica_mongo_to_postgres.py
Traceback (most recent call last):
  File "/home/airflow/.local/lib/python3.9/site-packages/airflow/models/dagbag.py", line 383, in parse
    loader.exec_module(new_module)
  File "<frozen importlib._bootstrap_external>", line 850, in exec_module
  File "<frozen importlib._bootstrap>", line 228, in _call_with_frames_removed
  File "/opt/airflow/dags/replica_mongo_to_postgres.py", line 69, in <module>
    dag.doc_md=LONG_DESCRIPTION
NameError: name 'LONG_DESCRIPTION' is not defined
[2026-03-09T17:40:24.474+0000] {processor.py:927} WARNING - No viable dags retrieved from /opt/airflow/dags/replica_mongo_to_postgres.py
[2026-03-09T17:40:24.487+0000] {processor.py:208} INFO - Processing /opt/airflow/dags/replica_mongo_to_postgres.py took 0.259 seconds
[2026-03-09T17:40:54.584+0000] {processor.py:186} INFO - Started process (PID=90) to work on /opt/airflow/dags/replica_mongo_to_postgres.py
[2026-03-09T17:40:54.584+0000] {processor.py:914} INFO - Processing file /opt/airflow/dags/replica_mongo_to_postgres.py for tasks to queue
[2026-03-09T17:40:54.585+0000] {logging_mixin.py:190} INFO - [2026-03-09T17:40:54.585+0000] {dagbag.py:588} INFO - Filling up the DagBag from /opt/airflow/dags/replica_mongo_to_postgres.py
[2026-03-09T17:40:54.812+0000] {logging_mixin.py:190} INFO - [2026-03-09T17:40:54.812+0000] {dagbag.py:387} ERROR - Failed to import: /opt/airflow/dags/replica_mongo_to_postgres.py
Traceback (most recent call last):
  File "/home/airflow/.local/lib/python3.9/site-packages/airflow/models/dagbag.py", line 383, in parse
    loader.exec_module(new_module)
  File "<frozen importlib._bootstrap_external>", line 850, in exec_module
  File "<frozen importlib._bootstrap>", line 228, in _call_with_frames_removed
  File "/opt/airflow/dags/replica_mongo_to_postgres.py", line 69, in <module>
    dag.doc_md=LONG_DESCRIPTION
NameError: name 'LONG_DESCRIPTION' is not defined
[2026-03-09T17:40:54.812+0000] {processor.py:927} WARNING - No viable dags retrieved from /opt/airflow/dags/replica_mongo_to_postgres.py
[2026-03-09T17:40:54.826+0000] {processor.py:208} INFO - Processing /opt/airflow/dags/replica_mongo_to_postgres.py took 0.246 seconds
[2026-03-09T17:41:24.930+0000] {processor.py:186} INFO - Started process (PID=92) to work on /opt/airflow/dags/replica_mongo_to_postgres.py
[2026-03-09T17:41:24.935+0000] {processor.py:914} INFO - Processing file /opt/airflow/dags/replica_mongo_to_postgres.py for tasks to queue
[2026-03-09T17:41:24.936+0000] {logging_mixin.py:190} INFO - [2026-03-09T17:41:24.936+0000] {dagbag.py:588} INFO - Filling up the DagBag from /opt/airflow/dags/replica_mongo_to_postgres.py
[2026-03-09T17:41:25.160+0000] {logging_mixin.py:190} INFO - [2026-03-09T17:41:25.159+0000] {dagbag.py:387} ERROR - Failed to import: /opt/airflow/dags/replica_mongo_to_postgres.py
Traceback (most recent call last):
  File "/home/airflow/.local/lib/python3.9/site-packages/airflow/models/dagbag.py", line 383, in parse
    loader.exec_module(new_module)
  File "<frozen importlib._bootstrap_external>", line 850, in exec_module
  File "<frozen importlib._bootstrap>", line 228, in _call_with_frames_removed
  File "/opt/airflow/dags/replica_mongo_to_postgres.py", line 69, in <module>
    dag.doc_md=LONG_DESCRIPTION
NameError: name 'LONG_DESCRIPTION' is not defined
[2026-03-09T17:41:25.160+0000] {processor.py:927} WARNING - No viable dags retrieved from /opt/airflow/dags/replica_mongo_to_postgres.py
[2026-03-09T17:41:25.174+0000] {processor.py:208} INFO - Processing /opt/airflow/dags/replica_mongo_to_postgres.py took 0.247 seconds
[2026-03-09T17:41:55.279+0000] {processor.py:186} INFO - Started process (PID=94) to work on /opt/airflow/dags/replica_mongo_to_postgres.py
[2026-03-09T17:41:55.280+0000] {processor.py:914} INFO - Processing file /opt/airflow/dags/replica_mongo_to_postgres.py for tasks to queue
[2026-03-09T17:41:55.281+0000] {logging_mixin.py:190} INFO - [2026-03-09T17:41:55.280+0000] {dagbag.py:588} INFO - Filling up the DagBag from /opt/airflow/dags/replica_mongo_to_postgres.py
[2026-03-09T17:41:55.508+0000] {logging_mixin.py:190} INFO - [2026-03-09T17:41:55.508+0000] {dagbag.py:387} ERROR - Failed to import: /opt/airflow/dags/replica_mongo_to_postgres.py
Traceback (most recent call last):
  File "/home/airflow/.local/lib/python3.9/site-packages/airflow/models/dagbag.py", line 383, in parse
    loader.exec_module(new_module)
  File "<frozen importlib._bootstrap_external>", line 850, in exec_module
  File "<frozen importlib._bootstrap>", line 228, in _call_with_frames_removed
  File "/opt/airflow/dags/replica_mongo_to_postgres.py", line 69, in <module>
    dag.doc_md=LONG_DESCRIPTION
NameError: name 'LONG_DESCRIPTION' is not defined
[2026-03-09T17:41:55.508+0000] {processor.py:927} WARNING - No viable dags retrieved from /opt/airflow/dags/replica_mongo_to_postgres.py
[2026-03-09T17:41:55.522+0000] {processor.py:208} INFO - Processing /opt/airflow/dags/replica_mongo_to_postgres.py took 0.247 seconds
[2026-03-09T17:42:25.630+0000] {processor.py:186} INFO - Started process (PID=96) to work on /opt/airflow/dags/replica_mongo_to_postgres.py
[2026-03-09T17:42:25.635+0000] {processor.py:914} INFO - Processing file /opt/airflow/dags/replica_mongo_to_postgres.py for tasks to queue
[2026-03-09T17:42:25.636+0000] {logging_mixin.py:190} INFO - [2026-03-09T17:42:25.636+0000] {dagbag.py:588} INFO - Filling up the DagBag from /opt/airflow/dags/replica_mongo_to_postgres.py
[2026-03-09T17:42:25.859+0000] {logging_mixin.py:190} INFO - [2026-03-09T17:42:25.858+0000] {dagbag.py:387} ERROR - Failed to import: /opt/airflow/dags/replica_mongo_to_postgres.py
Traceback (most recent call last):
  File "/home/airflow/.local/lib/python3.9/site-packages/airflow/models/dagbag.py", line 383, in parse
    loader.exec_module(new_module)
  File "<frozen importlib._bootstrap_external>", line 850, in exec_module
  File "<frozen importlib._bootstrap>", line 228, in _call_with_frames_removed
  File "/opt/airflow/dags/replica_mongo_to_postgres.py", line 69, in <module>
    dag.doc_md=LONG_DESCRIPTION
NameError: name 'LONG_DESCRIPTION' is not defined
[2026-03-09T17:42:25.859+0000] {processor.py:927} WARNING - No viable dags retrieved from /opt/airflow/dags/replica_mongo_to_postgres.py
[2026-03-09T17:42:25.872+0000] {processor.py:208} INFO - Processing /opt/airflow/dags/replica_mongo_to_postgres.py took 0.246 seconds
[2026-03-09T17:42:55.969+0000] {processor.py:186} INFO - Started process (PID=98) to work on /opt/airflow/dags/replica_mongo_to_postgres.py
[2026-03-09T17:42:55.969+0000] {processor.py:914} INFO - Processing file /opt/airflow/dags/replica_mongo_to_postgres.py for tasks to queue
[2026-03-09T17:42:55.970+0000] {logging_mixin.py:190} INFO - [2026-03-09T17:42:55.970+0000] {dagbag.py:588} INFO - Filling up the DagBag from /opt/airflow/dags/replica_mongo_to_postgres.py
[2026-03-09T17:42:56.215+0000] {logging_mixin.py:190} INFO - [2026-03-09T17:42:56.215+0000] {dagbag.py:387} ERROR - Failed to import: /opt/airflow/dags/replica_mongo_to_postgres.py
Traceback (most recent call last):
  File "/home/airflow/.local/lib/python3.9/site-packages/airflow/models/dagbag.py", line 383, in parse
    loader.exec_module(new_module)
  File "<frozen importlib._bootstrap_external>", line 850, in exec_module
  File "<frozen importlib._bootstrap>", line 228, in _call_with_frames_removed
  File "/opt/airflow/dags/replica_mongo_to_postgres.py", line 69, in <module>
    dag.doc_md=LONG_DESCRIPTION
NameError: name 'LONG_DESCRIPTION' is not defined
[2026-03-09T17:42:56.215+0000] {processor.py:927} WARNING - No viable dags retrieved from /opt/airflow/dags/replica_mongo_to_postgres.py
[2026-03-09T17:42:56.229+0000] {processor.py:208} INFO - Processing /opt/airflow/dags/replica_mongo_to_postgres.py took 0.264 seconds
[2026-03-09T17:44:36.950+0000] {processor.py:186} INFO - Started process (PID=54) to work on /opt/airflow/dags/replica_mongo_to_postgres.py
[2026-03-09T17:44:36.951+0000] {processor.py:914} INFO - Processing file /opt/airflow/dags/replica_mongo_to_postgres.py for tasks to queue
[2026-03-09T17:44:36.952+0000] {logging_mixin.py:190} INFO - [2026-03-09T17:44:36.952+0000] {dagbag.py:588} INFO - Filling up the DagBag from /opt/airflow/dags/replica_mongo_to_postgres.py
[2026-03-09T17:44:37.847+0000] {logging_mixin.py:190} INFO - [2026-03-09T17:44:37.847+0000] {dagbag.py:387} ERROR - Failed to import: /opt/airflow/dags/replica_mongo_to_postgres.py
Traceback (most recent call last):
  File "/home/airflow/.local/lib/python3.9/site-packages/airflow/models/dagbag.py", line 383, in parse
    loader.exec_module(new_module)
  File "<frozen importlib._bootstrap_external>", line 850, in exec_module
  File "<frozen importlib._bootstrap>", line 228, in _call_with_frames_removed
  File "/opt/airflow/dags/replica_mongo_to_postgres.py", line 69, in <module>
    dag.doc_md=LONG_DESCRIPTION
NameError: name 'LONG_DESCRIPTION' is not defined
[2026-03-09T17:44:37.847+0000] {processor.py:927} WARNING - No viable dags retrieved from /opt/airflow/dags/replica_mongo_to_postgres.py
[2026-03-09T17:44:37.858+0000] {processor.py:208} INFO - Processing /opt/airflow/dags/replica_mongo_to_postgres.py took 0.911 seconds
[2026-03-09T17:45:07.999+0000] {processor.py:186} INFO - Started process (PID=56) to work on /opt/airflow/dags/replica_mongo_to_postgres.py
[2026-03-09T17:45:08.000+0000] {processor.py:914} INFO - Processing file /opt/airflow/dags/replica_mongo_to_postgres.py for tasks to queue
[2026-03-09T17:45:08.001+0000] {logging_mixin.py:190} INFO - [2026-03-09T17:45:08.001+0000] {dagbag.py:588} INFO - Filling up the DagBag from /opt/airflow/dags/replica_mongo_to_postgres.py
[2026-03-09T17:45:08.230+0000] {logging_mixin.py:190} INFO - [2026-03-09T17:45:08.229+0000] {dagbag.py:387} ERROR - Failed to import: /opt/airflow/dags/replica_mongo_to_postgres.py
Traceback (most recent call last):
  File "/home/airflow/.local/lib/python3.9/site-packages/airflow/models/dagbag.py", line 383, in parse
    loader.exec_module(new_module)
  File "<frozen importlib._bootstrap_external>", line 850, in exec_module
  File "<frozen importlib._bootstrap>", line 228, in _call_with_frames_removed
  File "/opt/airflow/dags/replica_mongo_to_postgres.py", line 69, in <module>
    dag.doc_md=LONG_DESCRIPTION
NameError: name 'LONG_DESCRIPTION' is not defined
[2026-03-09T17:45:08.230+0000] {processor.py:927} WARNING - No viable dags retrieved from /opt/airflow/dags/replica_mongo_to_postgres.py
[2026-03-09T17:45:08.240+0000] {processor.py:208} INFO - Processing /opt/airflow/dags/replica_mongo_to_postgres.py took 0.244 seconds
[2026-03-09T17:45:38.337+0000] {processor.py:186} INFO - Started process (PID=58) to work on /opt/airflow/dags/replica_mongo_to_postgres.py
[2026-03-09T17:45:38.342+0000] {processor.py:914} INFO - Processing file /opt/airflow/dags/replica_mongo_to_postgres.py for tasks to queue
[2026-03-09T17:45:38.343+0000] {logging_mixin.py:190} INFO - [2026-03-09T17:45:38.343+0000] {dagbag.py:588} INFO - Filling up the DagBag from /opt/airflow/dags/replica_mongo_to_postgres.py
[2026-03-09T17:45:38.575+0000] {logging_mixin.py:190} INFO - [2026-03-09T17:45:38.575+0000] {dagbag.py:387} ERROR - Failed to import: /opt/airflow/dags/replica_mongo_to_postgres.py
Traceback (most recent call last):
  File "/home/airflow/.local/lib/python3.9/site-packages/airflow/models/dagbag.py", line 383, in parse
    loader.exec_module(new_module)
  File "<frozen importlib._bootstrap_external>", line 850, in exec_module
  File "<frozen importlib._bootstrap>", line 228, in _call_with_frames_removed
  File "/opt/airflow/dags/replica_mongo_to_postgres.py", line 69, in <module>
    dag.doc_md=LONG_DESCRIPTION
NameError: name 'LONG_DESCRIPTION' is not defined
[2026-03-09T17:45:38.575+0000] {processor.py:927} WARNING - No viable dags retrieved from /opt/airflow/dags/replica_mongo_to_postgres.py
[2026-03-09T17:45:38.589+0000] {processor.py:208} INFO - Processing /opt/airflow/dags/replica_mongo_to_postgres.py took 0.256 seconds
[2026-03-09T17:46:08.693+0000] {processor.py:186} INFO - Started process (PID=60) to work on /opt/airflow/dags/replica_mongo_to_postgres.py
[2026-03-09T17:46:08.693+0000] {processor.py:914} INFO - Processing file /opt/airflow/dags/replica_mongo_to_postgres.py for tasks to queue
[2026-03-09T17:46:08.694+0000] {logging_mixin.py:190} INFO - [2026-03-09T17:46:08.694+0000] {dagbag.py:588} INFO - Filling up the DagBag from /opt/airflow/dags/replica_mongo_to_postgres.py
[2026-03-09T17:46:08.928+0000] {logging_mixin.py:190} INFO - [2026-03-09T17:46:08.928+0000] {dagbag.py:387} ERROR - Failed to import: /opt/airflow/dags/replica_mongo_to_postgres.py
Traceback (most recent call last):
  File "/home/airflow/.local/lib/python3.9/site-packages/airflow/models/dagbag.py", line 383, in parse
    loader.exec_module(new_module)
  File "<frozen importlib._bootstrap_external>", line 850, in exec_module
  File "<frozen importlib._bootstrap>", line 228, in _call_with_frames_removed
  File "/opt/airflow/dags/replica_mongo_to_postgres.py", line 69, in <module>
    dag.doc_md=LONG_DESCRIPTION
NameError: name 'LONG_DESCRIPTION' is not defined
[2026-03-09T17:46:08.928+0000] {processor.py:927} WARNING - No viable dags retrieved from /opt/airflow/dags/replica_mongo_to_postgres.py
[2026-03-09T17:46:08.942+0000] {processor.py:208} INFO - Processing /opt/airflow/dags/replica_mongo_to_postgres.py took 0.253 seconds
[2026-03-09T17:47:16.481+0000] {processor.py:186} INFO - Started process (PID=54) to work on /opt/airflow/dags/replica_mongo_to_postgres.py
[2026-03-09T17:47:16.482+0000] {processor.py:914} INFO - Processing file /opt/airflow/dags/replica_mongo_to_postgres.py for tasks to queue
[2026-03-09T17:47:16.483+0000] {logging_mixin.py:190} INFO - [2026-03-09T17:47:16.483+0000] {dagbag.py:588} INFO - Filling up the DagBag from /opt/airflow/dags/replica_mongo_to_postgres.py
[2026-03-09T17:47:17.411+0000] {logging_mixin.py:190} INFO - [2026-03-09T17:47:17.411+0000] {dagbag.py:387} ERROR - Failed to import: /opt/airflow/dags/replica_mongo_to_postgres.py
Traceback (most recent call last):
  File "/home/airflow/.local/lib/python3.9/site-packages/airflow/models/dagbag.py", line 383, in parse
    loader.exec_module(new_module)
  File "<frozen importlib._bootstrap_external>", line 850, in exec_module
  File "<frozen importlib._bootstrap>", line 228, in _call_with_frames_removed
  File "/opt/airflow/dags/replica_mongo_to_postgres.py", line 69, in <module>
    dag.doc_md=LONG_DESCRIPTION
NameError: name 'LONG_DESCRIPTION' is not defined
[2026-03-09T17:47:17.412+0000] {processor.py:927} WARNING - No viable dags retrieved from /opt/airflow/dags/replica_mongo_to_postgres.py
[2026-03-09T17:47:17.426+0000] {processor.py:208} INFO - Processing /opt/airflow/dags/replica_mongo_to_postgres.py took 0.948 seconds
[2026-03-09T17:47:47.574+0000] {processor.py:186} INFO - Started process (PID=56) to work on /opt/airflow/dags/replica_mongo_to_postgres.py
[2026-03-09T17:47:47.574+0000] {processor.py:914} INFO - Processing file /opt/airflow/dags/replica_mongo_to_postgres.py for tasks to queue
[2026-03-09T17:47:47.575+0000] {logging_mixin.py:190} INFO - [2026-03-09T17:47:47.575+0000] {dagbag.py:588} INFO - Filling up the DagBag from /opt/airflow/dags/replica_mongo_to_postgres.py
[2026-03-09T17:47:47.799+0000] {logging_mixin.py:190} INFO - [2026-03-09T17:47:47.798+0000] {dagbag.py:387} ERROR - Failed to import: /opt/airflow/dags/replica_mongo_to_postgres.py
Traceback (most recent call last):
  File "/home/airflow/.local/lib/python3.9/site-packages/airflow/models/dagbag.py", line 383, in parse
    loader.exec_module(new_module)
  File "<frozen importlib._bootstrap_external>", line 850, in exec_module
  File "<frozen importlib._bootstrap>", line 228, in _call_with_frames_removed
  File "/opt/airflow/dags/replica_mongo_to_postgres.py", line 69, in <module>
    dag.doc_md=LONG_DESCRIPTION
NameError: name 'LONG_DESCRIPTION' is not defined
[2026-03-09T17:47:47.799+0000] {processor.py:927} WARNING - No viable dags retrieved from /opt/airflow/dags/replica_mongo_to_postgres.py
[2026-03-09T17:47:47.809+0000] {processor.py:208} INFO - Processing /opt/airflow/dags/replica_mongo_to_postgres.py took 0.239 seconds
[2026-03-09T17:48:17.913+0000] {processor.py:186} INFO - Started process (PID=58) to work on /opt/airflow/dags/replica_mongo_to_postgres.py
[2026-03-09T17:48:17.919+0000] {processor.py:914} INFO - Processing file /opt/airflow/dags/replica_mongo_to_postgres.py for tasks to queue
[2026-03-09T17:48:17.920+0000] {logging_mixin.py:190} INFO - [2026-03-09T17:48:17.920+0000] {dagbag.py:588} INFO - Filling up the DagBag from /opt/airflow/dags/replica_mongo_to_postgres.py
[2026-03-09T17:48:18.146+0000] {logging_mixin.py:190} INFO - [2026-03-09T17:48:18.145+0000] {dagbag.py:387} ERROR - Failed to import: /opt/airflow/dags/replica_mongo_to_postgres.py
Traceback (most recent call last):
  File "/home/airflow/.local/lib/python3.9/site-packages/airflow/models/dagbag.py", line 383, in parse
    loader.exec_module(new_module)
  File "<frozen importlib._bootstrap_external>", line 850, in exec_module
  File "<frozen importlib._bootstrap>", line 228, in _call_with_frames_removed
  File "/opt/airflow/dags/replica_mongo_to_postgres.py", line 69, in <module>
    dag.doc_md=LONG_DESCRIPTION
NameError: name 'LONG_DESCRIPTION' is not defined
[2026-03-09T17:48:18.146+0000] {processor.py:927} WARNING - No viable dags retrieved from /opt/airflow/dags/replica_mongo_to_postgres.py
[2026-03-09T17:48:18.160+0000] {processor.py:208} INFO - Processing /opt/airflow/dags/replica_mongo_to_postgres.py took 0.250 seconds
[2026-03-09T17:48:48.265+0000] {processor.py:186} INFO - Started process (PID=60) to work on /opt/airflow/dags/replica_mongo_to_postgres.py
[2026-03-09T17:48:48.271+0000] {processor.py:914} INFO - Processing file /opt/airflow/dags/replica_mongo_to_postgres.py for tasks to queue
[2026-03-09T17:48:48.272+0000] {logging_mixin.py:190} INFO - [2026-03-09T17:48:48.271+0000] {dagbag.py:588} INFO - Filling up the DagBag from /opt/airflow/dags/replica_mongo_to_postgres.py
[2026-03-09T17:48:48.497+0000] {logging_mixin.py:190} INFO - [2026-03-09T17:48:48.496+0000] {dagbag.py:387} ERROR - Failed to import: /opt/airflow/dags/replica_mongo_to_postgres.py
Traceback (most recent call last):
  File "/home/airflow/.local/lib/python3.9/site-packages/airflow/models/dagbag.py", line 383, in parse
    loader.exec_module(new_module)
  File "<frozen importlib._bootstrap_external>", line 850, in exec_module
  File "<frozen importlib._bootstrap>", line 228, in _call_with_frames_removed
  File "/opt/airflow/dags/replica_mongo_to_postgres.py", line 69, in <module>
    dag.doc_md=LONG_DESCRIPTION
NameError: name 'LONG_DESCRIPTION' is not defined
[2026-03-09T17:48:48.497+0000] {processor.py:927} WARNING - No viable dags retrieved from /opt/airflow/dags/replica_mongo_to_postgres.py
[2026-03-09T17:48:48.510+0000] {processor.py:208} INFO - Processing /opt/airflow/dags/replica_mongo_to_postgres.py took 0.249 seconds
[2026-03-09T17:49:18.613+0000] {processor.py:186} INFO - Started process (PID=62) to work on /opt/airflow/dags/replica_mongo_to_postgres.py
[2026-03-09T17:49:18.614+0000] {processor.py:914} INFO - Processing file /opt/airflow/dags/replica_mongo_to_postgres.py for tasks to queue
[2026-03-09T17:49:18.615+0000] {logging_mixin.py:190} INFO - [2026-03-09T17:49:18.615+0000] {dagbag.py:588} INFO - Filling up the DagBag from /opt/airflow/dags/replica_mongo_to_postgres.py
[2026-03-09T17:49:18.846+0000] {logging_mixin.py:190} INFO - [2026-03-09T17:49:18.846+0000] {dagbag.py:387} ERROR - Failed to import: /opt/airflow/dags/replica_mongo_to_postgres.py
Traceback (most recent call last):
  File "/home/airflow/.local/lib/python3.9/site-packages/airflow/models/dagbag.py", line 383, in parse
    loader.exec_module(new_module)
  File "<frozen importlib._bootstrap_external>", line 850, in exec_module
  File "<frozen importlib._bootstrap>", line 228, in _call_with_frames_removed
  File "/opt/airflow/dags/replica_mongo_to_postgres.py", line 69, in <module>
    dag.doc_md=LONG_DESCRIPTION
NameError: name 'LONG_DESCRIPTION' is not defined
[2026-03-09T17:49:18.846+0000] {processor.py:927} WARNING - No viable dags retrieved from /opt/airflow/dags/replica_mongo_to_postgres.py
[2026-03-09T17:49:18.860+0000] {processor.py:208} INFO - Processing /opt/airflow/dags/replica_mongo_to_postgres.py took 0.250 seconds
[2026-03-09T17:49:48.957+0000] {processor.py:186} INFO - Started process (PID=64) to work on /opt/airflow/dags/replica_mongo_to_postgres.py
[2026-03-09T17:49:48.957+0000] {processor.py:914} INFO - Processing file /opt/airflow/dags/replica_mongo_to_postgres.py for tasks to queue
[2026-03-09T17:49:48.958+0000] {logging_mixin.py:190} INFO - [2026-03-09T17:49:48.958+0000] {dagbag.py:588} INFO - Filling up the DagBag from /opt/airflow/dags/replica_mongo_to_postgres.py
[2026-03-09T17:49:49.190+0000] {logging_mixin.py:190} INFO - [2026-03-09T17:49:49.189+0000] {dagbag.py:387} ERROR - Failed to import: /opt/airflow/dags/replica_mongo_to_postgres.py
Traceback (most recent call last):
  File "/home/airflow/.local/lib/python3.9/site-packages/airflow/models/dagbag.py", line 383, in parse
    loader.exec_module(new_module)
  File "<frozen importlib._bootstrap_external>", line 850, in exec_module
  File "<frozen importlib._bootstrap>", line 228, in _call_with_frames_removed
  File "/opt/airflow/dags/replica_mongo_to_postgres.py", line 69, in <module>
    dag.doc_md=LONG_DESCRIPTION
NameError: name 'LONG_DESCRIPTION' is not defined
[2026-03-09T17:49:49.190+0000] {processor.py:927} WARNING - No viable dags retrieved from /opt/airflow/dags/replica_mongo_to_postgres.py
[2026-03-09T17:49:49.204+0000] {processor.py:208} INFO - Processing /opt/airflow/dags/replica_mongo_to_postgres.py took 0.251 seconds
[2026-03-09T17:50:19.309+0000] {processor.py:186} INFO - Started process (PID=66) to work on /opt/airflow/dags/replica_mongo_to_postgres.py
[2026-03-09T17:50:19.315+0000] {processor.py:914} INFO - Processing file /opt/airflow/dags/replica_mongo_to_postgres.py for tasks to queue
[2026-03-09T17:50:19.316+0000] {logging_mixin.py:190} INFO - [2026-03-09T17:50:19.316+0000] {dagbag.py:588} INFO - Filling up the DagBag from /opt/airflow/dags/replica_mongo_to_postgres.py
[2026-03-09T17:50:19.555+0000] {logging_mixin.py:190} INFO - [2026-03-09T17:50:19.554+0000] {dagbag.py:387} ERROR - Failed to import: /opt/airflow/dags/replica_mongo_to_postgres.py
Traceback (most recent call last):
  File "/home/airflow/.local/lib/python3.9/site-packages/airflow/models/dagbag.py", line 383, in parse
    loader.exec_module(new_module)
  File "<frozen importlib._bootstrap_external>", line 850, in exec_module
  File "<frozen importlib._bootstrap>", line 228, in _call_with_frames_removed
  File "/opt/airflow/dags/replica_mongo_to_postgres.py", line 69, in <module>
    dag.doc_md=LONG_DESCRIPTION
NameError: name 'LONG_DESCRIPTION' is not defined
[2026-03-09T17:50:19.555+0000] {processor.py:927} WARNING - No viable dags retrieved from /opt/airflow/dags/replica_mongo_to_postgres.py
[2026-03-09T17:50:19.569+0000] {processor.py:208} INFO - Processing /opt/airflow/dags/replica_mongo_to_postgres.py took 0.263 seconds
[2026-03-09T17:51:11.533+0000] {processor.py:186} INFO - Started process (PID=54) to work on /opt/airflow/dags/replica_mongo_to_postgres.py
[2026-03-09T17:51:11.534+0000] {processor.py:914} INFO - Processing file /opt/airflow/dags/replica_mongo_to_postgres.py for tasks to queue
[2026-03-09T17:51:11.535+0000] {logging_mixin.py:190} INFO - [2026-03-09T17:51:11.535+0000] {dagbag.py:588} INFO - Filling up the DagBag from /opt/airflow/dags/replica_mongo_to_postgres.py
[2026-03-09T17:51:12.463+0000] {logging_mixin.py:190} INFO - [2026-03-09T17:51:12.463+0000] {dagbag.py:387} ERROR - Failed to import: /opt/airflow/dags/replica_mongo_to_postgres.py
Traceback (most recent call last):
  File "/home/airflow/.local/lib/python3.9/site-packages/airflow/models/dagbag.py", line 383, in parse
    loader.exec_module(new_module)
  File "<frozen importlib._bootstrap_external>", line 850, in exec_module
  File "<frozen importlib._bootstrap>", line 228, in _call_with_frames_removed
  File "/opt/airflow/dags/replica_mongo_to_postgres.py", line 69, in <module>
    dag.doc_md=LONG_DESCRIPTION
NameError: name 'LONG_DESCRIPTION' is not defined
[2026-03-09T17:51:12.464+0000] {processor.py:927} WARNING - No viable dags retrieved from /opt/airflow/dags/replica_mongo_to_postgres.py
[2026-03-09T17:51:12.474+0000] {processor.py:208} INFO - Processing /opt/airflow/dags/replica_mongo_to_postgres.py took 0.944 seconds
