[2026-03-09T19:37:03.290+0000] {local_task_job_runner.py:123} INFO - ::group::Pre task execution logs
[2026-03-09T19:37:03.297+0000] {taskinstance.py:2614} INFO - Dependencies all met for dep_context=non-requeueable deps ti=<TaskInstance: replica_mongo_to_postgresql.check_connect_to_Mongo scheduled__2026-02-15T10:00:00+00:00 [queued]>
[2026-03-09T19:37:03.300+0000] {taskinstance.py:2614} INFO - Dependencies all met for dep_context=requeueable deps ti=<TaskInstance: replica_mongo_to_postgresql.check_connect_to_Mongo scheduled__2026-02-15T10:00:00+00:00 [queued]>
[2026-03-09T19:37:03.300+0000] {taskinstance.py:2867} INFO - Starting attempt 1 of 4
[2026-03-09T19:37:03.304+0000] {taskinstance.py:2890} INFO - Executing <Task(PythonSensor): check_connect_to_Mongo> on 2026-02-15 10:00:00+00:00
[2026-03-09T19:37:03.306+0000] {standard_task_runner.py:72} INFO - Started process 338 to run task
[2026-03-09T19:37:03.308+0000] {standard_task_runner.py:104} INFO - Running: ['***', 'tasks', 'run', 'replica_mongo_to_postgresql', 'check_connect_to_Mongo', 'scheduled__2026-02-15T10:00:00+00:00', '--job-id', '69', '--raw', '--subdir', 'DAGS_FOLDER/replica_mongo_to_postgres.py', '--cfg-path', '/tmp/tmpr6mhla3v']
[2026-03-09T19:37:03.309+0000] {standard_task_runner.py:105} INFO - Job 69: Subtask check_connect_to_Mongo
[2026-03-09T19:37:03.314+0000] {warnings.py:109} WARNING - /home/***/.local/lib/python3.9/site-packages/***/settings.py:209: DeprecationWarning: The sql_alchemy_conn option in [core] has been moved to the sql_alchemy_conn option in [database] - the old setting has been used, but please update your config.
  SQL_ALCHEMY_CONN = conf.get("database", "SQL_ALCHEMY_CONN")

[2026-03-09T19:37:03.328+0000] {task_command.py:467} INFO - Running <TaskInstance: replica_mongo_to_postgresql.check_connect_to_Mongo scheduled__2026-02-15T10:00:00+00:00 [running]> on host 6186f28317bc
[2026-03-09T19:37:03.328+0000] {warnings.py:109} WARNING - /home/***/.local/lib/python3.9/site-packages/***/settings.py:470: DeprecationWarning: The sql_alchemy_conn option in [core] has been moved to the sql_alchemy_conn option in [database] - the old setting has been used, but please update your config.
  if conf.get("database", "sql_alchemy_conn") == "none://":

[2026-03-09T19:37:03.352+0000] {taskinstance.py:3134} INFO - Exporting env vars: AIRFLOW_CTX_DAG_OWNER='a.sorokin' AIRFLOW_CTX_DAG_ID='replica_mongo_to_postgresql' AIRFLOW_CTX_TASK_ID='check_connect_to_Mongo' AIRFLOW_CTX_EXECUTION_DATE='2026-02-15T10:00:00+00:00' AIRFLOW_CTX_TRY_NUMBER='1' AIRFLOW_CTX_DAG_RUN_ID='scheduled__2026-02-15T10:00:00+00:00'
[2026-03-09T19:37:03.353+0000] {taskinstance.py:732} INFO - ::endgroup::
[2026-03-09T19:37:03.357+0000] {python.py:75} INFO - Poking callable: <function check_connect_to_Mongo at 0xffffa2c05310>
[2026-03-09T19:37:03.362+0000] {base.py:84} INFO - Retrieving connection 'mongo-db'
[2026-03-09T19:37:03.363+0000] {taskinstance.py:3313} ERROR - Task failed with exception
Traceback (most recent call last):
  File "/home/airflow/.local/lib/python3.9/site-packages/airflow/models/taskinstance.py", line 768, in _execute_task
    result = _execute_callable(context=context, **execute_callable_kwargs)
  File "/home/airflow/.local/lib/python3.9/site-packages/airflow/models/taskinstance.py", line 734, in _execute_callable
    return ExecutionCallableRunner(
  File "/home/airflow/.local/lib/python3.9/site-packages/airflow/utils/operator_helpers.py", line 252, in run
    return self.func(*args, **kwargs)
  File "/home/airflow/.local/lib/python3.9/site-packages/airflow/models/baseoperator.py", line 424, in wrapper
    return func(self, *args, **kwargs)
  File "/home/airflow/.local/lib/python3.9/site-packages/airflow/sensors/base.py", line 309, in execute
    raise e
  File "/home/airflow/.local/lib/python3.9/site-packages/airflow/sensors/base.py", line 289, in execute
    poke_return = self.poke(context)
  File "/home/airflow/.local/lib/python3.9/site-packages/airflow/sensors/python.py", line 76, in poke
    return_value = self.python_callable(*self.op_args, **self.op_kwargs)
  File "/opt/airflow/dags/replica_mongo_to_postgres.py", line 38, in check_connect_to_Mongo
    status, msg = hook.test_connection()
AttributeError: 'MongoHook' object has no attribute 'test_connection'
[2026-03-09T19:37:03.367+0000] {taskinstance.py:1226} INFO - Marking task as UP_FOR_RETRY. dag_id=replica_mongo_to_postgresql, task_id=check_connect_to_Mongo, run_id=scheduled__2026-02-15T10:00:00+00:00, execution_date=20260215T100000, start_date=20260309T193703, end_date=20260309T193703
[2026-03-09T19:37:03.377+0000] {taskinstance.py:341} INFO - ::group::Post task execution logs
[2026-03-09T19:37:03.377+0000] {standard_task_runner.py:124} ERROR - Failed to execute job 69 for task check_connect_to_Mongo ('MongoHook' object has no attribute 'test_connection'; 338)
Traceback (most recent call last):
  File "/home/airflow/.local/lib/python3.9/site-packages/airflow/task/task_runner/standard_task_runner.py", line 117, in _start_by_fork
    ret = args.func(args, dag=self.dag)
  File "/home/airflow/.local/lib/python3.9/site-packages/airflow/cli/cli_config.py", line 49, in command
    return func(*args, **kwargs)
  File "/home/airflow/.local/lib/python3.9/site-packages/airflow/utils/cli.py", line 116, in wrapper
    return f(*args, **kwargs)
  File "/home/airflow/.local/lib/python3.9/site-packages/airflow/cli/commands/task_command.py", line 483, in task_run
    task_return_code = _run_task_by_selected_method(args, _dag, ti)
  File "/home/airflow/.local/lib/python3.9/site-packages/airflow/cli/commands/task_command.py", line 256, in _run_task_by_selected_method
    return _run_raw_task(args, ti)
  File "/home/airflow/.local/lib/python3.9/site-packages/airflow/cli/commands/task_command.py", line 341, in _run_raw_task
    return ti._run_raw_task(
  File "/home/airflow/.local/lib/python3.9/site-packages/airflow/utils/session.py", line 97, in wrapper
    return func(*args, session=session, **kwargs)
  File "/home/airflow/.local/lib/python3.9/site-packages/airflow/models/taskinstance.py", line 3006, in _run_raw_task
    return _run_raw_task(
  File "/home/airflow/.local/lib/python3.9/site-packages/airflow/models/taskinstance.py", line 274, in _run_raw_task
    TaskInstance._execute_task_with_callbacks(
  File "/home/airflow/.local/lib/python3.9/site-packages/airflow/models/taskinstance.py", line 3161, in _execute_task_with_callbacks
    result = self._execute_task(context, task_orig)
  File "/home/airflow/.local/lib/python3.9/site-packages/airflow/models/taskinstance.py", line 3185, in _execute_task
    return _execute_task(self, context, task_orig)
  File "/home/airflow/.local/lib/python3.9/site-packages/airflow/models/taskinstance.py", line 768, in _execute_task
    result = _execute_callable(context=context, **execute_callable_kwargs)
  File "/home/airflow/.local/lib/python3.9/site-packages/airflow/models/taskinstance.py", line 734, in _execute_callable
    return ExecutionCallableRunner(
  File "/home/airflow/.local/lib/python3.9/site-packages/airflow/utils/operator_helpers.py", line 252, in run
    return self.func(*args, **kwargs)
  File "/home/airflow/.local/lib/python3.9/site-packages/airflow/models/baseoperator.py", line 424, in wrapper
    return func(self, *args, **kwargs)
  File "/home/airflow/.local/lib/python3.9/site-packages/airflow/sensors/base.py", line 309, in execute
    raise e
  File "/home/airflow/.local/lib/python3.9/site-packages/airflow/sensors/base.py", line 289, in execute
    poke_return = self.poke(context)
  File "/home/airflow/.local/lib/python3.9/site-packages/airflow/sensors/python.py", line 76, in poke
    return_value = self.python_callable(*self.op_args, **self.op_kwargs)
  File "/opt/airflow/dags/replica_mongo_to_postgres.py", line 38, in check_connect_to_Mongo
    status, msg = hook.test_connection()
AttributeError: 'MongoHook' object has no attribute 'test_connection'
[2026-03-09T19:37:03.407+0000] {local_task_job_runner.py:266} INFO - Task exited with return code 1
[2026-03-09T19:37:03.417+0000] {taskinstance.py:3901} INFO - 0 downstream tasks scheduled from follow-on schedule check
[2026-03-09T19:37:03.418+0000] {local_task_job_runner.py:245} INFO - ::endgroup::
[2026-03-09T19:51:52.909+0000] {local_task_job_runner.py:123} INFO - ::group::Pre task execution logs
[2026-03-09T19:51:52.917+0000] {taskinstance.py:2614} INFO - Dependencies all met for dep_context=non-requeueable deps ti=<TaskInstance: replica_mongo_to_postgresql.check_connect_to_Mongo scheduled__2026-02-15T10:00:00+00:00 [queued]>
[2026-03-09T19:51:52.920+0000] {taskinstance.py:2614} INFO - Dependencies all met for dep_context=requeueable deps ti=<TaskInstance: replica_mongo_to_postgresql.check_connect_to_Mongo scheduled__2026-02-15T10:00:00+00:00 [queued]>
[2026-03-09T19:51:52.920+0000] {taskinstance.py:2867} INFO - Starting attempt 1 of 4
[2026-03-09T19:51:52.924+0000] {taskinstance.py:2890} INFO - Executing <Task(PythonSensor): check_connect_to_Mongo> on 2026-02-15 10:00:00+00:00
[2026-03-09T19:51:52.927+0000] {standard_task_runner.py:72} INFO - Started process 452 to run task
[2026-03-09T19:51:52.929+0000] {standard_task_runner.py:104} INFO - Running: ['***', 'tasks', 'run', 'replica_mongo_to_postgresql', 'check_connect_to_Mongo', 'scheduled__2026-02-15T10:00:00+00:00', '--job-id', '87', '--raw', '--subdir', 'DAGS_FOLDER/replica_mongo_to_postgres.py', '--cfg-path', '/tmp/tmpt74u7wyw']
[2026-03-09T19:51:52.931+0000] {standard_task_runner.py:105} INFO - Job 87: Subtask check_connect_to_Mongo
[2026-03-09T19:51:52.939+0000] {warnings.py:109} WARNING - /home/***/.local/lib/python3.9/site-packages/***/settings.py:209: DeprecationWarning: The sql_alchemy_conn option in [core] has been moved to the sql_alchemy_conn option in [database] - the old setting has been used, but please update your config.
  SQL_ALCHEMY_CONN = conf.get("database", "SQL_ALCHEMY_CONN")

[2026-03-09T19:51:52.957+0000] {task_command.py:467} INFO - Running <TaskInstance: replica_mongo_to_postgresql.check_connect_to_Mongo scheduled__2026-02-15T10:00:00+00:00 [running]> on host 6186f28317bc
[2026-03-09T19:51:52.957+0000] {warnings.py:109} WARNING - /home/***/.local/lib/python3.9/site-packages/***/settings.py:470: DeprecationWarning: The sql_alchemy_conn option in [core] has been moved to the sql_alchemy_conn option in [database] - the old setting has been used, but please update your config.
  if conf.get("database", "sql_alchemy_conn") == "none://":

[2026-03-09T19:51:52.991+0000] {taskinstance.py:3134} INFO - Exporting env vars: AIRFLOW_CTX_DAG_OWNER='a.sorokin' AIRFLOW_CTX_DAG_ID='replica_mongo_to_postgresql' AIRFLOW_CTX_TASK_ID='check_connect_to_Mongo' AIRFLOW_CTX_EXECUTION_DATE='2026-02-15T10:00:00+00:00' AIRFLOW_CTX_TRY_NUMBER='1' AIRFLOW_CTX_DAG_RUN_ID='scheduled__2026-02-15T10:00:00+00:00'
[2026-03-09T19:51:52.992+0000] {taskinstance.py:732} INFO - ::endgroup::
[2026-03-09T19:51:52.996+0000] {python.py:75} INFO - Poking callable: <function check_connect_to_Mongo at 0xffffa2c043a0>
[2026-03-09T19:51:53.005+0000] {base.py:84} INFO - Retrieving connection 'mongo-db'
[2026-03-09T19:51:53.018+0000] {logging_mixin.py:190} INFO - Сервер не ответил
[2026-03-09T19:52:53.063+0000] {python.py:75} INFO - Poking callable: <function check_connect_to_Mongo at 0xffffa2c043a0>
[2026-03-09T19:52:53.096+0000] {base.py:84} INFO - Retrieving connection 'mongo-db'
[2026-03-09T19:52:53.106+0000] {logging_mixin.py:190} INFO - Сервер не ответил
[2026-03-09T19:53:49.044+0000] {local_task_job_runner.py:346} WARNING - State of this instance has been externally set to restarting. Terminating instance.
[2026-03-09T19:53:49.045+0000] {local_task_job_runner.py:245} INFO - ::endgroup::
[2026-03-09T19:53:49.046+0000] {process_utils.py:132} INFO - Sending 15 to group 452. PIDs of all processes in the group: [452]
[2026-03-09T19:53:49.046+0000] {process_utils.py:87} INFO - Sending the signal 15 to group 452
[2026-03-09T19:53:49.047+0000] {taskinstance.py:3094} ERROR - Received SIGTERM. Terminating subprocesses.
[2026-03-09T19:53:49.057+0000] {taskinstance.py:3095} ERROR - Stacktrace: 
  File "/home/***/.local/bin/***", line 8, in <module>
    sys.exit(main())
  File "/home/***/.local/lib/python3.9/site-packages/***/__main__.py", line 62, in main
    args.func(args)
  File "/home/***/.local/lib/python3.9/site-packages/***/cli/cli_config.py", line 49, in command
    return func(*args, **kwargs)
  File "/home/***/.local/lib/python3.9/site-packages/***/utils/cli.py", line 116, in wrapper
    return f(*args, **kwargs)
  File "/home/***/.local/lib/python3.9/site-packages/***/providers/celery/cli/celery_command.py", line 64, in wrapper
    providers_configuration_loaded(func)(*args, **kwargs)
  File "/home/***/.local/lib/python3.9/site-packages/***/utils/providers_configuration_loader.py", line 55, in wrapped_function
    return func(*args, **kwargs)
  File "/home/***/.local/lib/python3.9/site-packages/***/providers/celery/cli/celery_command.py", line 237, in worker
    _run_command_with_daemon_option(
  File "/home/***/.local/lib/python3.9/site-packages/***/providers/celery/cli/celery_command.py", line 50, in _run_command_with_daemon_option
    run_command_with_daemon_option(*args, **kwargs)
  File "/home/***/.local/lib/python3.9/site-packages/***/cli/commands/daemon_utils.py", line 86, in run_command_with_daemon_option
    callback()
  File "/home/***/.local/lib/python3.9/site-packages/***/providers/celery/cli/celery_command.py", line 230, in run_celery_worker
    celery_app.worker_main(options)
  File "/home/***/.local/lib/python3.9/site-packages/celery/app/base.py", line 391, in worker_main
    self.start(argv=argv)
  File "/home/***/.local/lib/python3.9/site-packages/celery/app/base.py", line 371, in start
    celery.main(args=argv, standalone_mode=False)
  File "/home/***/.local/lib/python3.9/site-packages/click/core.py", line 1082, in main
    rv = self.invoke(ctx)
  File "/home/***/.local/lib/python3.9/site-packages/click/core.py", line 1697, in invoke
    return _process_result(sub_ctx.command.invoke(sub_ctx))
  File "/home/***/.local/lib/python3.9/site-packages/click/core.py", line 1443, in invoke
    return ctx.invoke(self.callback, **ctx.params)
  File "/home/***/.local/lib/python3.9/site-packages/click/core.py", line 788, in invoke
    return __callback(*args, **kwargs)
  File "/home/***/.local/lib/python3.9/site-packages/click/decorators.py", line 33, in new_func
    return f(get_current_context(), *args, **kwargs)
  File "/home/***/.local/lib/python3.9/site-packages/celery/bin/base.py", line 135, in caller
    return f(ctx, *args, **kwargs)
  File "/home/***/.local/lib/python3.9/site-packages/celery/bin/worker.py", line 356, in worker
    worker.start()
  File "/home/***/.local/lib/python3.9/site-packages/celery/worker/worker.py", line 202, in start
    self.blueprint.start(self)
  File "/home/***/.local/lib/python3.9/site-packages/celery/bootsteps.py", line 116, in start
    step.start(parent)
  File "/home/***/.local/lib/python3.9/site-packages/celery/bootsteps.py", line 365, in start
    return self.obj.start()
  File "/home/***/.local/lib/python3.9/site-packages/celery/concurrency/base.py", line 130, in start
    self.on_start()
  File "/home/***/.local/lib/python3.9/site-packages/celery/concurrency/prefork.py", line 109, in on_start
    P = self._pool = Pool(processes=self.limit,
  File "/home/***/.local/lib/python3.9/site-packages/celery/concurrency/asynpool.py", line 464, in __init__
    super().__init__(processes, *args, **kwargs)
  File "/home/***/.local/lib/python3.9/site-packages/billiard/pool.py", line 1046, in __init__
    self._create_worker_process(i)
  File "/home/***/.local/lib/python3.9/site-packages/celery/concurrency/asynpool.py", line 482, in _create_worker_process
    return super()._create_worker_process(i)
  File "/home/***/.local/lib/python3.9/site-packages/billiard/pool.py", line 1158, in _create_worker_process
    w.start()
  File "/home/***/.local/lib/python3.9/site-packages/billiard/process.py", line 120, in start
    self._popen = self._Popen(self)
  File "/home/***/.local/lib/python3.9/site-packages/billiard/context.py", line 331, in _Popen
    return Popen(process_obj)
  File "/home/***/.local/lib/python3.9/site-packages/billiard/popen_fork.py", line 22, in __init__
    self._launch(process_obj)
  File "/home/***/.local/lib/python3.9/site-packages/billiard/popen_fork.py", line 77, in _launch
    code = process_obj._bootstrap()
  File "/home/***/.local/lib/python3.9/site-packages/billiard/process.py", line 323, in _bootstrap
    self.run()
  File "/home/***/.local/lib/python3.9/site-packages/billiard/process.py", line 110, in run
    self._target(*self._args, **self._kwargs)
  File "/home/***/.local/lib/python3.9/site-packages/billiard/pool.py", line 292, in __call__
    sys.exit(self.workloop(pid=pid))
  File "/home/***/.local/lib/python3.9/site-packages/billiard/pool.py", line 362, in workloop
    result = (True, prepare_result(fun(*args, **kwargs)))
  File "/home/***/.local/lib/python3.9/site-packages/celery/app/trace.py", line 651, in fast_trace_task
    R, I, T, Rstr = tasks[task].__trace__(
  File "/home/***/.local/lib/python3.9/site-packages/celery/app/trace.py", line 453, in trace_task
    R = retval = fun(*args, **kwargs)
  File "/home/***/.local/lib/python3.9/site-packages/celery/app/trace.py", line 736, in __protected_call__
    return self.run(*args, **kwargs)
  File "/home/***/.local/lib/python3.9/site-packages/***/providers/celery/executors/celery_executor_utils.py", line 139, in execute_command
    _execute_in_fork(command_to_exec, celery_task_id)
  File "/home/***/.local/lib/python3.9/site-packages/***/providers/celery/executors/celery_executor_utils.py", line 171, in _execute_in_fork
    args.func(args)
  File "/home/***/.local/lib/python3.9/site-packages/***/cli/cli_config.py", line 49, in command
    return func(*args, **kwargs)
  File "/home/***/.local/lib/python3.9/site-packages/***/utils/cli.py", line 116, in wrapper
    return f(*args, **kwargs)
  File "/home/***/.local/lib/python3.9/site-packages/***/cli/commands/task_command.py", line 483, in task_run
    task_return_code = _run_task_by_selected_method(args, _dag, ti)
  File "/home/***/.local/lib/python3.9/site-packages/***/cli/commands/task_command.py", line 254, in _run_task_by_selected_method
    return _run_task_by_local_task_job(args, ti)
  File "/home/***/.local/lib/python3.9/site-packages/***/cli/commands/task_command.py", line 322, in _run_task_by_local_task_job
    ret = run_job(job=job_runner.job, execute_callable=job_runner._execute)
  File "/home/***/.local/lib/python3.9/site-packages/***/utils/session.py", line 97, in wrapper
    return func(*args, session=session, **kwargs)
  File "/home/***/.local/lib/python3.9/site-packages/***/jobs/job.py", line 421, in run_job
    return execute_job(job, execute_callable=execute_callable)
  File "/home/***/.local/lib/python3.9/site-packages/***/jobs/job.py", line 450, in execute_job
    ret = execute_callable()
  File "/home/***/.local/lib/python3.9/site-packages/***/jobs/local_task_job_runner.py", line 171, in _execute
    self.task_runner.start()
  File "/home/***/.local/lib/python3.9/site-packages/***/task/task_runner/standard_task_runner.py", line 55, in start
    self.process = self._start_by_fork()
  File "/home/***/.local/lib/python3.9/site-packages/***/task/task_runner/standard_task_runner.py", line 117, in _start_by_fork
    ret = args.func(args, dag=self.dag)
  File "/home/***/.local/lib/python3.9/site-packages/***/cli/cli_config.py", line 49, in command
    return func(*args, **kwargs)
  File "/home/***/.local/lib/python3.9/site-packages/***/utils/cli.py", line 116, in wrapper
    return f(*args, **kwargs)
  File "/home/***/.local/lib/python3.9/site-packages/***/cli/commands/task_command.py", line 483, in task_run
    task_return_code = _run_task_by_selected_method(args, _dag, ti)
  File "/home/***/.local/lib/python3.9/site-packages/***/cli/commands/task_command.py", line 256, in _run_task_by_selected_method
    return _run_raw_task(args, ti)
  File "/home/***/.local/lib/python3.9/site-packages/***/cli/commands/task_command.py", line 341, in _run_raw_task
    return ti._run_raw_task(
  File "/home/***/.local/lib/python3.9/site-packages/***/utils/session.py", line 97, in wrapper
    return func(*args, session=session, **kwargs)
  File "/home/***/.local/lib/python3.9/site-packages/***/models/taskinstance.py", line 3006, in _run_raw_task
    return _run_raw_task(
  File "/home/***/.local/lib/python3.9/site-packages/***/models/taskinstance.py", line 274, in _run_raw_task
    TaskInstance._execute_task_with_callbacks(
  File "/home/***/.local/lib/python3.9/site-packages/***/models/taskinstance.py", line 3161, in _execute_task_with_callbacks
    result = self._execute_task(context, task_orig)
  File "/home/***/.local/lib/python3.9/site-packages/***/models/taskinstance.py", line 3185, in _execute_task
    return _execute_task(self, context, task_orig)
  File "/home/***/.local/lib/python3.9/site-packages/***/models/taskinstance.py", line 768, in _execute_task
    result = _execute_callable(context=context, **execute_callable_kwargs)
  File "/home/***/.local/lib/python3.9/site-packages/***/models/taskinstance.py", line 734, in _execute_callable
    return ExecutionCallableRunner(
  File "/home/***/.local/lib/python3.9/site-packages/***/utils/operator_helpers.py", line 252, in run
    return self.func(*args, **kwargs)
  File "/home/***/.local/lib/python3.9/site-packages/***/models/baseoperator.py", line 424, in wrapper
    return func(self, *args, **kwargs)
  File "/home/***/.local/lib/python3.9/site-packages/***/sensors/base.py", line 337, in execute
    time.sleep(self._get_next_poke_interval(started_at, run_duration, poke_count))
  File "/home/***/.local/lib/python3.9/site-packages/***/models/taskinstance.py", line 3095, in signal_handler
    self.log.error("Stacktrace: \n%s", "".join(traceback.format_stack()))

[2026-03-09T19:53:49.070+0000] {taskinstance.py:3313} ERROR - Task failed with exception
Traceback (most recent call last):
  File "/home/airflow/.local/lib/python3.9/site-packages/airflow/models/taskinstance.py", line 768, in _execute_task
    result = _execute_callable(context=context, **execute_callable_kwargs)
  File "/home/airflow/.local/lib/python3.9/site-packages/airflow/models/taskinstance.py", line 734, in _execute_callable
    return ExecutionCallableRunner(
  File "/home/airflow/.local/lib/python3.9/site-packages/airflow/utils/operator_helpers.py", line 252, in run
    return self.func(*args, **kwargs)
  File "/home/airflow/.local/lib/python3.9/site-packages/airflow/models/baseoperator.py", line 424, in wrapper
    return func(self, *args, **kwargs)
  File "/home/airflow/.local/lib/python3.9/site-packages/airflow/sensors/base.py", line 337, in execute
    time.sleep(self._get_next_poke_interval(started_at, run_duration, poke_count))
  File "/home/airflow/.local/lib/python3.9/site-packages/airflow/models/taskinstance.py", line 3097, in signal_handler
    raise AirflowTaskTerminated("Task received SIGTERM signal")
airflow.exceptions.AirflowTaskTerminated: Task received SIGTERM signal
[2026-03-09T19:53:49.072+0000] {taskinstance.py:1226} INFO - Marking task as UP_FOR_RETRY. dag_id=replica_mongo_to_postgresql, task_id=check_connect_to_Mongo, run_id=scheduled__2026-02-15T10:00:00+00:00, execution_date=20260215T100000, start_date=20260309T195152, end_date=20260309T195349
[2026-03-09T19:53:49.087+0000] {taskinstance.py:341} INFO - ::group::Post task execution logs
[2026-03-09T19:53:49.104+0000] {process_utils.py:80} INFO - Process psutil.Process(pid=452, status='terminated', exitcode=2, started='19:51:52') (452) terminated with exit code 2
[2026-03-09T20:03:46.408+0000] {local_task_job_runner.py:123} INFO - ::group::Pre task execution logs
[2026-03-09T20:03:46.415+0000] {taskinstance.py:2614} INFO - Dependencies all met for dep_context=non-requeueable deps ti=<TaskInstance: replica_mongo_to_postgresql.check_connect_to_Mongo scheduled__2026-02-15T10:00:00+00:00 [queued]>
[2026-03-09T20:03:46.417+0000] {taskinstance.py:2614} INFO - Dependencies all met for dep_context=requeueable deps ti=<TaskInstance: replica_mongo_to_postgresql.check_connect_to_Mongo scheduled__2026-02-15T10:00:00+00:00 [queued]>
[2026-03-09T20:03:46.418+0000] {taskinstance.py:2867} INFO - Starting attempt 1 of 4
[2026-03-09T20:03:46.421+0000] {taskinstance.py:2890} INFO - Executing <Task(PythonSensor): check_connect_to_Mongo> on 2026-02-15 10:00:00+00:00
[2026-03-09T20:03:46.423+0000] {standard_task_runner.py:72} INFO - Started process 545 to run task
[2026-03-09T20:03:46.425+0000] {standard_task_runner.py:104} INFO - Running: ['***', 'tasks', 'run', 'replica_mongo_to_postgresql', 'check_connect_to_Mongo', 'scheduled__2026-02-15T10:00:00+00:00', '--job-id', '96', '--raw', '--subdir', 'DAGS_FOLDER/replica_mongo_to_postgres.py', '--cfg-path', '/tmp/tmpleve_gz0']
[2026-03-09T20:03:46.426+0000] {standard_task_runner.py:105} INFO - Job 96: Subtask check_connect_to_Mongo
[2026-03-09T20:03:46.432+0000] {warnings.py:109} WARNING - /home/***/.local/lib/python3.9/site-packages/***/settings.py:209: DeprecationWarning: The sql_alchemy_conn option in [core] has been moved to the sql_alchemy_conn option in [database] - the old setting has been used, but please update your config.
  SQL_ALCHEMY_CONN = conf.get("database", "SQL_ALCHEMY_CONN")

[2026-03-09T20:03:46.447+0000] {task_command.py:467} INFO - Running <TaskInstance: replica_mongo_to_postgresql.check_connect_to_Mongo scheduled__2026-02-15T10:00:00+00:00 [running]> on host 6186f28317bc
[2026-03-09T20:03:46.448+0000] {warnings.py:109} WARNING - /home/***/.local/lib/python3.9/site-packages/***/settings.py:470: DeprecationWarning: The sql_alchemy_conn option in [core] has been moved to the sql_alchemy_conn option in [database] - the old setting has been used, but please update your config.
  if conf.get("database", "sql_alchemy_conn") == "none://":

[2026-03-09T20:03:46.480+0000] {taskinstance.py:3134} INFO - Exporting env vars: AIRFLOW_CTX_DAG_OWNER='a.sorokin' AIRFLOW_CTX_DAG_ID='replica_mongo_to_postgresql' AIRFLOW_CTX_TASK_ID='check_connect_to_Mongo' AIRFLOW_CTX_EXECUTION_DATE='2026-02-15T10:00:00+00:00' AIRFLOW_CTX_TRY_NUMBER='1' AIRFLOW_CTX_DAG_RUN_ID='scheduled__2026-02-15T10:00:00+00:00'
[2026-03-09T20:03:46.481+0000] {taskinstance.py:732} INFO - ::endgroup::
[2026-03-09T20:03:46.486+0000] {python.py:75} INFO - Poking callable: <function check_connect_to_Mongo at 0xffffa2c06310>
[2026-03-09T20:03:46.494+0000] {base.py:84} INFO - Retrieving connection 'mongo-db'
[2026-03-09T20:03:46.507+0000] {logging_mixin.py:190} INFO - Сервер ответил
[2026-03-09T20:03:46.507+0000] {base.py:339} INFO - Success criteria met. Exiting.
[2026-03-09T20:03:46.511+0000] {taskinstance.py:341} INFO - ::group::Post task execution logs
[2026-03-09T20:03:46.511+0000] {taskinstance.py:353} INFO - Marking task as SUCCESS. dag_id=replica_mongo_to_postgresql, task_id=check_connect_to_Mongo, run_id=scheduled__2026-02-15T10:00:00+00:00, execution_date=20260215T100000, start_date=20260309T200346, end_date=20260309T200346
[2026-03-09T20:03:46.564+0000] {local_task_job_runner.py:266} INFO - Task exited with return code 0
[2026-03-09T20:03:46.573+0000] {taskinstance.py:3901} INFO - 0 downstream tasks scheduled from follow-on schedule check
[2026-03-09T20:03:46.574+0000] {local_task_job_runner.py:245} INFO - ::endgroup::
[2026-03-10T00:36:56.833+0000] {local_task_job_runner.py:123} INFO - ::group::Pre task execution logs
[2026-03-10T00:36:56.841+0000] {taskinstance.py:2614} INFO - Dependencies all met for dep_context=non-requeueable deps ti=<TaskInstance: replica_mongo_to_postgresql.check_connect_to_Mongo scheduled__2026-02-15T10:00:00+00:00 [queued]>
[2026-03-10T00:36:56.844+0000] {taskinstance.py:2614} INFO - Dependencies all met for dep_context=requeueable deps ti=<TaskInstance: replica_mongo_to_postgresql.check_connect_to_Mongo scheduled__2026-02-15T10:00:00+00:00 [queued]>
[2026-03-10T00:36:56.844+0000] {taskinstance.py:2867} INFO - Starting attempt 1 of 4
[2026-03-10T00:36:56.847+0000] {taskinstance.py:2890} INFO - Executing <Task(PythonSensor): check_connect_to_Mongo> on 2026-02-15 10:00:00+00:00
[2026-03-10T00:36:56.849+0000] {standard_task_runner.py:72} INFO - Started process 127 to run task
[2026-03-10T00:36:56.851+0000] {standard_task_runner.py:104} INFO - Running: ['***', 'tasks', 'run', 'replica_mongo_to_postgresql', 'check_connect_to_Mongo', 'scheduled__2026-02-15T10:00:00+00:00', '--job-id', '10', '--raw', '--subdir', 'DAGS_FOLDER/replica_mongo_to_postgres.py', '--cfg-path', '/tmp/tmpo53_bp2r']
[2026-03-10T00:36:56.852+0000] {standard_task_runner.py:105} INFO - Job 10: Subtask check_connect_to_Mongo
[2026-03-10T00:36:56.858+0000] {warnings.py:109} WARNING - /home/***/.local/lib/python3.9/site-packages/***/settings.py:209: DeprecationWarning: The sql_alchemy_conn option in [core] has been moved to the sql_alchemy_conn option in [database] - the old setting has been used, but please update your config.
  SQL_ALCHEMY_CONN = conf.get("database", "SQL_ALCHEMY_CONN")

[2026-03-10T00:36:56.871+0000] {task_command.py:467} INFO - Running <TaskInstance: replica_mongo_to_postgresql.check_connect_to_Mongo scheduled__2026-02-15T10:00:00+00:00 [running]> on host 533364561d1f
[2026-03-10T00:36:56.872+0000] {warnings.py:109} WARNING - /home/***/.local/lib/python3.9/site-packages/***/settings.py:470: DeprecationWarning: The sql_alchemy_conn option in [core] has been moved to the sql_alchemy_conn option in [database] - the old setting has been used, but please update your config.
  if conf.get("database", "sql_alchemy_conn") == "none://":

[2026-03-10T00:36:56.896+0000] {taskinstance.py:3134} INFO - Exporting env vars: AIRFLOW_CTX_DAG_OWNER='a.sorokin' AIRFLOW_CTX_DAG_ID='replica_mongo_to_postgresql' AIRFLOW_CTX_TASK_ID='check_connect_to_Mongo' AIRFLOW_CTX_EXECUTION_DATE='2026-02-15T10:00:00+00:00' AIRFLOW_CTX_TRY_NUMBER='1' AIRFLOW_CTX_DAG_RUN_ID='scheduled__2026-02-15T10:00:00+00:00'
[2026-03-10T00:36:56.896+0000] {taskinstance.py:732} INFO - ::endgroup::
[2026-03-10T00:36:56.900+0000] {python.py:75} INFO - Poking callable: <function check_connect_to_Mongo at 0xffff86e23310>
[2026-03-10T00:36:56.906+0000] {base.py:84} INFO - Retrieving connection 'mongo-db'
[2026-03-10T00:36:56.916+0000] {logging_mixin.py:190} INFO - Сервер ответил
[2026-03-10T00:36:56.917+0000] {base.py:339} INFO - Success criteria met. Exiting.
[2026-03-10T00:36:56.920+0000] {taskinstance.py:341} INFO - ::group::Post task execution logs
[2026-03-10T00:36:56.921+0000] {taskinstance.py:353} INFO - Marking task as SUCCESS. dag_id=replica_mongo_to_postgresql, task_id=check_connect_to_Mongo, run_id=scheduled__2026-02-15T10:00:00+00:00, execution_date=20260215T100000, start_date=20260310T003656, end_date=20260310T003656
[2026-03-10T00:36:56.949+0000] {local_task_job_runner.py:266} INFO - Task exited with return code 0
[2026-03-10T00:36:56.960+0000] {taskinstance.py:3901} INFO - 1 downstream tasks scheduled from follow-on schedule check
[2026-03-10T00:36:56.961+0000] {local_task_job_runner.py:245} INFO - ::endgroup::
[2026-03-10T00:50:57.512+0000] {local_task_job_runner.py:123} INFO - ::group::Pre task execution logs
[2026-03-10T00:50:57.520+0000] {taskinstance.py:2614} INFO - Dependencies all met for dep_context=non-requeueable deps ti=<TaskInstance: replica_mongo_to_postgresql.check_connect_to_Mongo scheduled__2026-02-15T10:00:00+00:00 [queued]>
[2026-03-10T00:50:57.523+0000] {taskinstance.py:2614} INFO - Dependencies all met for dep_context=requeueable deps ti=<TaskInstance: replica_mongo_to_postgresql.check_connect_to_Mongo scheduled__2026-02-15T10:00:00+00:00 [queued]>
[2026-03-10T00:50:57.523+0000] {taskinstance.py:2867} INFO - Starting attempt 1 of 4
[2026-03-10T00:50:57.527+0000] {taskinstance.py:2890} INFO - Executing <Task(PythonSensor): check_connect_to_Mongo> on 2026-02-15 10:00:00+00:00
[2026-03-10T00:50:57.529+0000] {standard_task_runner.py:72} INFO - Started process 127 to run task
[2026-03-10T00:50:57.530+0000] {standard_task_runner.py:104} INFO - Running: ['***', 'tasks', 'run', 'replica_mongo_to_postgresql', 'check_connect_to_Mongo', 'scheduled__2026-02-15T10:00:00+00:00', '--job-id', '10', '--raw', '--subdir', 'DAGS_FOLDER/replica_mongo_to_postgres.py', '--cfg-path', '/tmp/tmprookwn9m']
[2026-03-10T00:50:57.532+0000] {standard_task_runner.py:105} INFO - Job 10: Subtask check_connect_to_Mongo
[2026-03-10T00:50:57.537+0000] {warnings.py:109} WARNING - /home/***/.local/lib/python3.9/site-packages/***/settings.py:209: DeprecationWarning: The sql_alchemy_conn option in [core] has been moved to the sql_alchemy_conn option in [database] - the old setting has been used, but please update your config.
  SQL_ALCHEMY_CONN = conf.get("database", "SQL_ALCHEMY_CONN")

[2026-03-10T00:50:57.551+0000] {task_command.py:467} INFO - Running <TaskInstance: replica_mongo_to_postgresql.check_connect_to_Mongo scheduled__2026-02-15T10:00:00+00:00 [running]> on host 4b5206882624
[2026-03-10T00:50:57.551+0000] {warnings.py:109} WARNING - /home/***/.local/lib/python3.9/site-packages/***/settings.py:470: DeprecationWarning: The sql_alchemy_conn option in [core] has been moved to the sql_alchemy_conn option in [database] - the old setting has been used, but please update your config.
  if conf.get("database", "sql_alchemy_conn") == "none://":

[2026-03-10T00:50:57.575+0000] {taskinstance.py:3134} INFO - Exporting env vars: AIRFLOW_CTX_DAG_OWNER='a.sorokin' AIRFLOW_CTX_DAG_ID='replica_mongo_to_postgresql' AIRFLOW_CTX_TASK_ID='check_connect_to_Mongo' AIRFLOW_CTX_EXECUTION_DATE='2026-02-15T10:00:00+00:00' AIRFLOW_CTX_TRY_NUMBER='1' AIRFLOW_CTX_DAG_RUN_ID='scheduled__2026-02-15T10:00:00+00:00'
[2026-03-10T00:50:57.575+0000] {taskinstance.py:732} INFO - ::endgroup::
[2026-03-10T00:50:57.579+0000] {python.py:75} INFO - Poking callable: <function check_connect_to_Mongo at 0xffff82425310>
[2026-03-10T00:50:57.585+0000] {base.py:84} INFO - Retrieving connection 'mongo-db'
[2026-03-10T00:50:57.595+0000] {logging_mixin.py:190} INFO - Сервер ответил
[2026-03-10T00:50:57.596+0000] {base.py:339} INFO - Success criteria met. Exiting.
[2026-03-10T00:50:57.600+0000] {taskinstance.py:341} INFO - ::group::Post task execution logs
[2026-03-10T00:50:57.600+0000] {taskinstance.py:353} INFO - Marking task as SUCCESS. dag_id=replica_mongo_to_postgresql, task_id=check_connect_to_Mongo, run_id=scheduled__2026-02-15T10:00:00+00:00, execution_date=20260215T100000, start_date=20260310T005057, end_date=20260310T005057
[2026-03-10T00:50:57.629+0000] {local_task_job_runner.py:266} INFO - Task exited with return code 0
[2026-03-10T00:50:57.640+0000] {taskinstance.py:3901} INFO - 1 downstream tasks scheduled from follow-on schedule check
[2026-03-10T00:50:57.640+0000] {local_task_job_runner.py:245} INFO - ::endgroup::
