[2026-03-09T19:20:15.707+0000] {local_task_job_runner.py:123} INFO - ::group::Pre task execution logs
[2026-03-09T19:20:15.713+0000] {taskinstance.py:2614} INFO - Dependencies all met for dep_context=non-requeueable deps ti=<TaskInstance: replica_mongo_to_postgresql.check_connect_to_Mongo scheduled__2026-02-10T10:00:00+00:00 [queued]>
[2026-03-09T19:20:15.716+0000] {taskinstance.py:2614} INFO - Dependencies all met for dep_context=requeueable deps ti=<TaskInstance: replica_mongo_to_postgresql.check_connect_to_Mongo scheduled__2026-02-10T10:00:00+00:00 [queued]>
[2026-03-09T19:20:15.716+0000] {taskinstance.py:2867} INFO - Starting attempt 1 of 4
[2026-03-09T19:20:15.720+0000] {taskinstance.py:2890} INFO - Executing <Task(PythonSensor): check_connect_to_Mongo> on 2026-02-10 10:00:00+00:00
[2026-03-09T19:20:15.722+0000] {standard_task_runner.py:72} INFO - Started process 118 to run task
[2026-03-09T19:20:15.724+0000] {standard_task_runner.py:104} INFO - Running: ['***', 'tasks', 'run', 'replica_mongo_to_postgresql', 'check_connect_to_Mongo', 'scheduled__2026-02-10T10:00:00+00:00', '--job-id', '14', '--raw', '--subdir', 'DAGS_FOLDER/replica_mongo_to_postgres.py', '--cfg-path', '/tmp/tmp4325ki9i']
[2026-03-09T19:20:15.725+0000] {standard_task_runner.py:105} INFO - Job 14: Subtask check_connect_to_Mongo
[2026-03-09T19:20:15.730+0000] {warnings.py:109} WARNING - /home/***/.local/lib/python3.9/site-packages/***/settings.py:209: DeprecationWarning: The sql_alchemy_conn option in [core] has been moved to the sql_alchemy_conn option in [database] - the old setting has been used, but please update your config.
  SQL_ALCHEMY_CONN = conf.get("database", "SQL_ALCHEMY_CONN")

[2026-03-09T19:20:15.743+0000] {task_command.py:467} INFO - Running <TaskInstance: replica_mongo_to_postgresql.check_connect_to_Mongo scheduled__2026-02-10T10:00:00+00:00 [running]> on host 6186f28317bc
[2026-03-09T19:20:15.744+0000] {warnings.py:109} WARNING - /home/***/.local/lib/python3.9/site-packages/***/settings.py:470: DeprecationWarning: The sql_alchemy_conn option in [core] has been moved to the sql_alchemy_conn option in [database] - the old setting has been used, but please update your config.
  if conf.get("database", "sql_alchemy_conn") == "none://":

[2026-03-09T19:20:15.766+0000] {taskinstance.py:3134} INFO - Exporting env vars: AIRFLOW_CTX_DAG_OWNER='a.sorokin' AIRFLOW_CTX_DAG_ID='replica_mongo_to_postgresql' AIRFLOW_CTX_TASK_ID='check_connect_to_Mongo' AIRFLOW_CTX_EXECUTION_DATE='2026-02-10T10:00:00+00:00' AIRFLOW_CTX_TRY_NUMBER='1' AIRFLOW_CTX_DAG_RUN_ID='scheduled__2026-02-10T10:00:00+00:00'
[2026-03-09T19:20:15.766+0000] {taskinstance.py:732} INFO - ::endgroup::
[2026-03-09T19:20:15.770+0000] {python.py:75} INFO - Poking callable: <function check_connect_to_Mongo at 0xffffa2c04280>
[2026-03-09T19:20:15.777+0000] {taskinstance.py:3313} ERROR - Task failed with exception
Traceback (most recent call last):
  File "/home/airflow/.local/lib/python3.9/site-packages/airflow/models/taskinstance.py", line 768, in _execute_task
    result = _execute_callable(context=context, **execute_callable_kwargs)
  File "/home/airflow/.local/lib/python3.9/site-packages/airflow/models/taskinstance.py", line 734, in _execute_callable
    return ExecutionCallableRunner(
  File "/home/airflow/.local/lib/python3.9/site-packages/airflow/utils/operator_helpers.py", line 252, in run
    return self.func(*args, **kwargs)
  File "/home/airflow/.local/lib/python3.9/site-packages/airflow/models/baseoperator.py", line 424, in wrapper
    return func(self, *args, **kwargs)
  File "/home/airflow/.local/lib/python3.9/site-packages/airflow/sensors/base.py", line 309, in execute
    raise e
  File "/home/airflow/.local/lib/python3.9/site-packages/airflow/sensors/base.py", line 289, in execute
    poke_return = self.poke(context)
  File "/home/airflow/.local/lib/python3.9/site-packages/airflow/sensors/python.py", line 76, in poke
    return_value = self.python_callable(*self.op_args, **self.op_kwargs)
  File "/opt/airflow/dags/replica_mongo_to_postgres.py", line 37, in check_connect_to_Mongo
    hook = MongoHook(mongo_coon_id="mongo-db")
  File "/home/airflow/.local/lib/python3.9/site-packages/airflow/providers/mongo/hooks/mongo.py", line 123, in __init__
    conn = self.get_connection(self.mongo_conn_id)
  File "/home/airflow/.local/lib/python3.9/site-packages/airflow/hooks/base.py", line 83, in get_connection
    conn = Connection.get_connection_from_secrets(conn_id)
  File "/home/airflow/.local/lib/python3.9/site-packages/airflow/models/connection.py", line 537, in get_connection_from_secrets
    raise AirflowNotFoundException(f"The conn_id `{conn_id}` isn't defined")
airflow.exceptions.AirflowNotFoundException: The conn_id `mongo_default` isn't defined
[2026-03-09T19:20:15.779+0000] {taskinstance.py:1226} INFO - Marking task as UP_FOR_RETRY. dag_id=replica_mongo_to_postgresql, task_id=check_connect_to_Mongo, run_id=scheduled__2026-02-10T10:00:00+00:00, execution_date=20260210T100000, start_date=20260309T192015, end_date=20260309T192015
[2026-03-09T19:20:15.788+0000] {taskinstance.py:341} INFO - ::group::Post task execution logs
[2026-03-09T19:20:15.788+0000] {standard_task_runner.py:124} ERROR - Failed to execute job 14 for task check_connect_to_Mongo (The conn_id `mongo_default` isn't defined; 118)
Traceback (most recent call last):
  File "/home/airflow/.local/lib/python3.9/site-packages/airflow/task/task_runner/standard_task_runner.py", line 117, in _start_by_fork
    ret = args.func(args, dag=self.dag)
  File "/home/airflow/.local/lib/python3.9/site-packages/airflow/cli/cli_config.py", line 49, in command
    return func(*args, **kwargs)
  File "/home/airflow/.local/lib/python3.9/site-packages/airflow/utils/cli.py", line 116, in wrapper
    return f(*args, **kwargs)
  File "/home/airflow/.local/lib/python3.9/site-packages/airflow/cli/commands/task_command.py", line 483, in task_run
    task_return_code = _run_task_by_selected_method(args, _dag, ti)
  File "/home/airflow/.local/lib/python3.9/site-packages/airflow/cli/commands/task_command.py", line 256, in _run_task_by_selected_method
    return _run_raw_task(args, ti)
  File "/home/airflow/.local/lib/python3.9/site-packages/airflow/cli/commands/task_command.py", line 341, in _run_raw_task
    return ti._run_raw_task(
  File "/home/airflow/.local/lib/python3.9/site-packages/airflow/utils/session.py", line 97, in wrapper
    return func(*args, session=session, **kwargs)
  File "/home/airflow/.local/lib/python3.9/site-packages/airflow/models/taskinstance.py", line 3006, in _run_raw_task
    return _run_raw_task(
  File "/home/airflow/.local/lib/python3.9/site-packages/airflow/models/taskinstance.py", line 274, in _run_raw_task
    TaskInstance._execute_task_with_callbacks(
  File "/home/airflow/.local/lib/python3.9/site-packages/airflow/models/taskinstance.py", line 3161, in _execute_task_with_callbacks
    result = self._execute_task(context, task_orig)
  File "/home/airflow/.local/lib/python3.9/site-packages/airflow/models/taskinstance.py", line 3185, in _execute_task
    return _execute_task(self, context, task_orig)
  File "/home/airflow/.local/lib/python3.9/site-packages/airflow/models/taskinstance.py", line 768, in _execute_task
    result = _execute_callable(context=context, **execute_callable_kwargs)
  File "/home/airflow/.local/lib/python3.9/site-packages/airflow/models/taskinstance.py", line 734, in _execute_callable
    return ExecutionCallableRunner(
  File "/home/airflow/.local/lib/python3.9/site-packages/airflow/utils/operator_helpers.py", line 252, in run
    return self.func(*args, **kwargs)
  File "/home/airflow/.local/lib/python3.9/site-packages/airflow/models/baseoperator.py", line 424, in wrapper
    return func(self, *args, **kwargs)
  File "/home/airflow/.local/lib/python3.9/site-packages/airflow/sensors/base.py", line 309, in execute
    raise e
  File "/home/airflow/.local/lib/python3.9/site-packages/airflow/sensors/base.py", line 289, in execute
    poke_return = self.poke(context)
  File "/home/airflow/.local/lib/python3.9/site-packages/airflow/sensors/python.py", line 76, in poke
    return_value = self.python_callable(*self.op_args, **self.op_kwargs)
  File "/opt/airflow/dags/replica_mongo_to_postgres.py", line 37, in check_connect_to_Mongo
    hook = MongoHook(mongo_coon_id="mongo-db")
  File "/home/airflow/.local/lib/python3.9/site-packages/airflow/providers/mongo/hooks/mongo.py", line 123, in __init__
    conn = self.get_connection(self.mongo_conn_id)
  File "/home/airflow/.local/lib/python3.9/site-packages/airflow/hooks/base.py", line 83, in get_connection
    conn = Connection.get_connection_from_secrets(conn_id)
  File "/home/airflow/.local/lib/python3.9/site-packages/airflow/models/connection.py", line 537, in get_connection_from_secrets
    raise AirflowNotFoundException(f"The conn_id `{conn_id}` isn't defined")
airflow.exceptions.AirflowNotFoundException: The conn_id `mongo_default` isn't defined
[2026-03-09T19:20:15.822+0000] {local_task_job_runner.py:266} INFO - Task exited with return code 1
[2026-03-09T19:20:15.832+0000] {taskinstance.py:3901} INFO - 0 downstream tasks scheduled from follow-on schedule check
[2026-03-09T19:20:15.832+0000] {local_task_job_runner.py:245} INFO - ::endgroup::
[2026-03-09T20:03:40.625+0000] {local_task_job_runner.py:123} INFO - ::group::Pre task execution logs
[2026-03-09T20:03:40.632+0000] {taskinstance.py:2614} INFO - Dependencies all met for dep_context=non-requeueable deps ti=<TaskInstance: replica_mongo_to_postgresql.check_connect_to_Mongo scheduled__2026-02-10T10:00:00+00:00 [queued]>
[2026-03-09T20:03:40.635+0000] {taskinstance.py:2614} INFO - Dependencies all met for dep_context=requeueable deps ti=<TaskInstance: replica_mongo_to_postgresql.check_connect_to_Mongo scheduled__2026-02-10T10:00:00+00:00 [queued]>
[2026-03-09T20:03:40.635+0000] {taskinstance.py:2867} INFO - Starting attempt 1 of 4
[2026-03-09T20:03:40.639+0000] {taskinstance.py:2890} INFO - Executing <Task(PythonSensor): check_connect_to_Mongo> on 2026-02-10 10:00:00+00:00
[2026-03-09T20:03:40.641+0000] {standard_task_runner.py:72} INFO - Started process 510 to run task
[2026-03-09T20:03:40.643+0000] {standard_task_runner.py:104} INFO - Running: ['***', 'tasks', 'run', 'replica_mongo_to_postgresql', 'check_connect_to_Mongo', 'scheduled__2026-02-10T10:00:00+00:00', '--job-id', '91', '--raw', '--subdir', 'DAGS_FOLDER/replica_mongo_to_postgres.py', '--cfg-path', '/tmp/tmp9ljr_49l']
[2026-03-09T20:03:40.644+0000] {standard_task_runner.py:105} INFO - Job 91: Subtask check_connect_to_Mongo
[2026-03-09T20:03:40.650+0000] {warnings.py:109} WARNING - /home/***/.local/lib/python3.9/site-packages/***/settings.py:209: DeprecationWarning: The sql_alchemy_conn option in [core] has been moved to the sql_alchemy_conn option in [database] - the old setting has been used, but please update your config.
  SQL_ALCHEMY_CONN = conf.get("database", "SQL_ALCHEMY_CONN")

[2026-03-09T20:03:40.676+0000] {task_command.py:467} INFO - Running <TaskInstance: replica_mongo_to_postgresql.check_connect_to_Mongo scheduled__2026-02-10T10:00:00+00:00 [running]> on host 6186f28317bc
[2026-03-09T20:03:40.676+0000] {warnings.py:109} WARNING - /home/***/.local/lib/python3.9/site-packages/***/settings.py:470: DeprecationWarning: The sql_alchemy_conn option in [core] has been moved to the sql_alchemy_conn option in [database] - the old setting has been used, but please update your config.
  if conf.get("database", "sql_alchemy_conn") == "none://":

[2026-03-09T20:03:40.707+0000] {taskinstance.py:3134} INFO - Exporting env vars: AIRFLOW_CTX_DAG_OWNER='a.sorokin' AIRFLOW_CTX_DAG_ID='replica_mongo_to_postgresql' AIRFLOW_CTX_TASK_ID='check_connect_to_Mongo' AIRFLOW_CTX_EXECUTION_DATE='2026-02-10T10:00:00+00:00' AIRFLOW_CTX_TRY_NUMBER='1' AIRFLOW_CTX_DAG_RUN_ID='scheduled__2026-02-10T10:00:00+00:00'
[2026-03-09T20:03:40.708+0000] {taskinstance.py:732} INFO - ::endgroup::
[2026-03-09T20:03:40.712+0000] {python.py:75} INFO - Poking callable: <function check_connect_to_Mongo at 0xffffa2c043a0>
[2026-03-09T20:03:40.718+0000] {base.py:84} INFO - Retrieving connection 'mongo-db'
[2026-03-09T20:03:40.730+0000] {logging_mixin.py:190} INFO - Сервер ответил
[2026-03-09T20:03:40.730+0000] {base.py:339} INFO - Success criteria met. Exiting.
[2026-03-09T20:03:40.734+0000] {taskinstance.py:341} INFO - ::group::Post task execution logs
[2026-03-09T20:03:40.734+0000] {taskinstance.py:353} INFO - Marking task as SUCCESS. dag_id=replica_mongo_to_postgresql, task_id=check_connect_to_Mongo, run_id=scheduled__2026-02-10T10:00:00+00:00, execution_date=20260210T100000, start_date=20260309T200340, end_date=20260309T200340
[2026-03-09T20:03:40.747+0000] {local_task_job_runner.py:266} INFO - Task exited with return code 0
[2026-03-09T20:03:40.756+0000] {taskinstance.py:3901} INFO - 0 downstream tasks scheduled from follow-on schedule check
[2026-03-09T20:03:40.756+0000] {local_task_job_runner.py:245} INFO - ::endgroup::
[2026-03-10T00:36:50.624+0000] {local_task_job_runner.py:123} INFO - ::group::Pre task execution logs
[2026-03-10T00:36:50.632+0000] {taskinstance.py:2614} INFO - Dependencies all met for dep_context=non-requeueable deps ti=<TaskInstance: replica_mongo_to_postgresql.check_connect_to_Mongo scheduled__2026-02-10T10:00:00+00:00 [queued]>
[2026-03-10T00:36:50.634+0000] {taskinstance.py:2614} INFO - Dependencies all met for dep_context=requeueable deps ti=<TaskInstance: replica_mongo_to_postgresql.check_connect_to_Mongo scheduled__2026-02-10T10:00:00+00:00 [queued]>
[2026-03-10T00:36:50.634+0000] {taskinstance.py:2867} INFO - Starting attempt 1 of 4
[2026-03-10T00:36:50.638+0000] {taskinstance.py:2890} INFO - Executing <Task(PythonSensor): check_connect_to_Mongo> on 2026-02-10 10:00:00+00:00
[2026-03-10T00:36:50.640+0000] {standard_task_runner.py:72} INFO - Started process 92 to run task
[2026-03-10T00:36:50.642+0000] {standard_task_runner.py:104} INFO - Running: ['***', 'tasks', 'run', 'replica_mongo_to_postgresql', 'check_connect_to_Mongo', 'scheduled__2026-02-10T10:00:00+00:00', '--job-id', '5', '--raw', '--subdir', 'DAGS_FOLDER/replica_mongo_to_postgres.py', '--cfg-path', '/tmp/tmpe8efjvx_']
[2026-03-10T00:36:50.644+0000] {standard_task_runner.py:105} INFO - Job 5: Subtask check_connect_to_Mongo
[2026-03-10T00:36:50.651+0000] {warnings.py:109} WARNING - /home/***/.local/lib/python3.9/site-packages/***/settings.py:209: DeprecationWarning: The sql_alchemy_conn option in [core] has been moved to the sql_alchemy_conn option in [database] - the old setting has been used, but please update your config.
  SQL_ALCHEMY_CONN = conf.get("database", "SQL_ALCHEMY_CONN")

[2026-03-10T00:36:50.667+0000] {task_command.py:467} INFO - Running <TaskInstance: replica_mongo_to_postgresql.check_connect_to_Mongo scheduled__2026-02-10T10:00:00+00:00 [running]> on host 533364561d1f
[2026-03-10T00:36:50.667+0000] {warnings.py:109} WARNING - /home/***/.local/lib/python3.9/site-packages/***/settings.py:470: DeprecationWarning: The sql_alchemy_conn option in [core] has been moved to the sql_alchemy_conn option in [database] - the old setting has been used, but please update your config.
  if conf.get("database", "sql_alchemy_conn") == "none://":

[2026-03-10T00:36:50.694+0000] {taskinstance.py:3134} INFO - Exporting env vars: AIRFLOW_CTX_DAG_OWNER='a.sorokin' AIRFLOW_CTX_DAG_ID='replica_mongo_to_postgresql' AIRFLOW_CTX_TASK_ID='check_connect_to_Mongo' AIRFLOW_CTX_EXECUTION_DATE='2026-02-10T10:00:00+00:00' AIRFLOW_CTX_TRY_NUMBER='1' AIRFLOW_CTX_DAG_RUN_ID='scheduled__2026-02-10T10:00:00+00:00'
[2026-03-10T00:36:50.694+0000] {taskinstance.py:732} INFO - ::endgroup::
[2026-03-10T00:36:50.698+0000] {python.py:75} INFO - Poking callable: <function check_connect_to_Mongo at 0xffff86e22310>
[2026-03-10T00:36:50.705+0000] {base.py:84} INFO - Retrieving connection 'mongo-db'
[2026-03-10T00:36:50.715+0000] {logging_mixin.py:190} INFO - Сервер ответил
[2026-03-10T00:36:50.716+0000] {base.py:339} INFO - Success criteria met. Exiting.
[2026-03-10T00:36:50.721+0000] {taskinstance.py:341} INFO - ::group::Post task execution logs
[2026-03-10T00:36:50.721+0000] {taskinstance.py:353} INFO - Marking task as SUCCESS. dag_id=replica_mongo_to_postgresql, task_id=check_connect_to_Mongo, run_id=scheduled__2026-02-10T10:00:00+00:00, execution_date=20260210T100000, start_date=20260310T003650, end_date=20260310T003650
[2026-03-10T00:36:50.741+0000] {local_task_job_runner.py:266} INFO - Task exited with return code 0
[2026-03-10T00:36:50.752+0000] {taskinstance.py:3901} INFO - 1 downstream tasks scheduled from follow-on schedule check
[2026-03-10T00:36:50.753+0000] {local_task_job_runner.py:245} INFO - ::endgroup::
[2026-03-10T00:50:53.008+0000] {local_task_job_runner.py:123} INFO - ::group::Pre task execution logs
[2026-03-10T00:50:53.015+0000] {taskinstance.py:2614} INFO - Dependencies all met for dep_context=non-requeueable deps ti=<TaskInstance: replica_mongo_to_postgresql.check_connect_to_Mongo scheduled__2026-02-10T10:00:00+00:00 [queued]>
[2026-03-10T00:50:53.018+0000] {taskinstance.py:2614} INFO - Dependencies all met for dep_context=requeueable deps ti=<TaskInstance: replica_mongo_to_postgresql.check_connect_to_Mongo scheduled__2026-02-10T10:00:00+00:00 [queued]>
[2026-03-10T00:50:53.018+0000] {taskinstance.py:2867} INFO - Starting attempt 1 of 4
[2026-03-10T00:50:53.021+0000] {taskinstance.py:2890} INFO - Executing <Task(PythonSensor): check_connect_to_Mongo> on 2026-02-10 10:00:00+00:00
[2026-03-10T00:50:53.024+0000] {standard_task_runner.py:72} INFO - Started process 92 to run task
[2026-03-10T00:50:53.025+0000] {standard_task_runner.py:104} INFO - Running: ['***', 'tasks', 'run', 'replica_mongo_to_postgresql', 'check_connect_to_Mongo', 'scheduled__2026-02-10T10:00:00+00:00', '--job-id', '5', '--raw', '--subdir', 'DAGS_FOLDER/replica_mongo_to_postgres.py', '--cfg-path', '/tmp/tmpqpdkqkan']
[2026-03-10T00:50:53.026+0000] {standard_task_runner.py:105} INFO - Job 5: Subtask check_connect_to_Mongo
[2026-03-10T00:50:53.032+0000] {warnings.py:109} WARNING - /home/***/.local/lib/python3.9/site-packages/***/settings.py:209: DeprecationWarning: The sql_alchemy_conn option in [core] has been moved to the sql_alchemy_conn option in [database] - the old setting has been used, but please update your config.
  SQL_ALCHEMY_CONN = conf.get("database", "SQL_ALCHEMY_CONN")

[2026-03-10T00:50:53.046+0000] {task_command.py:467} INFO - Running <TaskInstance: replica_mongo_to_postgresql.check_connect_to_Mongo scheduled__2026-02-10T10:00:00+00:00 [running]> on host 4b5206882624
[2026-03-10T00:50:53.046+0000] {warnings.py:109} WARNING - /home/***/.local/lib/python3.9/site-packages/***/settings.py:470: DeprecationWarning: The sql_alchemy_conn option in [core] has been moved to the sql_alchemy_conn option in [database] - the old setting has been used, but please update your config.
  if conf.get("database", "sql_alchemy_conn") == "none://":

[2026-03-10T00:50:53.071+0000] {taskinstance.py:3134} INFO - Exporting env vars: AIRFLOW_CTX_DAG_OWNER='a.sorokin' AIRFLOW_CTX_DAG_ID='replica_mongo_to_postgresql' AIRFLOW_CTX_TASK_ID='check_connect_to_Mongo' AIRFLOW_CTX_EXECUTION_DATE='2026-02-10T10:00:00+00:00' AIRFLOW_CTX_TRY_NUMBER='1' AIRFLOW_CTX_DAG_RUN_ID='scheduled__2026-02-10T10:00:00+00:00'
[2026-03-10T00:50:53.071+0000] {taskinstance.py:732} INFO - ::endgroup::
[2026-03-10T00:50:53.075+0000] {python.py:75} INFO - Poking callable: <function check_connect_to_Mongo at 0xffff82424310>
[2026-03-10T00:50:53.081+0000] {base.py:84} INFO - Retrieving connection 'mongo-db'
[2026-03-10T00:50:53.093+0000] {logging_mixin.py:190} INFO - Сервер ответил
[2026-03-10T00:50:53.093+0000] {base.py:339} INFO - Success criteria met. Exiting.
[2026-03-10T00:50:53.098+0000] {taskinstance.py:341} INFO - ::group::Post task execution logs
[2026-03-10T00:50:53.098+0000] {taskinstance.py:353} INFO - Marking task as SUCCESS. dag_id=replica_mongo_to_postgresql, task_id=check_connect_to_Mongo, run_id=scheduled__2026-02-10T10:00:00+00:00, execution_date=20260210T100000, start_date=20260310T005053, end_date=20260310T005053
[2026-03-10T00:50:53.124+0000] {local_task_job_runner.py:266} INFO - Task exited with return code 0
[2026-03-10T00:50:53.136+0000] {taskinstance.py:3901} INFO - 0 downstream tasks scheduled from follow-on schedule check
[2026-03-10T00:50:53.137+0000] {local_task_job_runner.py:245} INFO - ::endgroup::
