[2026-03-09T19:37:14.592+0000] {local_task_job_runner.py:123} INFO - ::group::Pre task execution logs
[2026-03-09T19:37:14.600+0000] {taskinstance.py:2614} INFO - Dependencies all met for dep_context=non-requeueable deps ti=<TaskInstance: replica_mongo_to_postgresql.check_connect_to_Mongo scheduled__2026-02-23T10:00:00+00:00 [queued]>
[2026-03-09T19:37:14.603+0000] {taskinstance.py:2614} INFO - Dependencies all met for dep_context=requeueable deps ti=<TaskInstance: replica_mongo_to_postgresql.check_connect_to_Mongo scheduled__2026-02-23T10:00:00+00:00 [queued]>
[2026-03-09T19:37:14.603+0000] {taskinstance.py:2867} INFO - Starting attempt 1 of 4
[2026-03-09T19:37:14.607+0000] {taskinstance.py:2890} INFO - Executing <Task(PythonSensor): check_connect_to_Mongo> on 2026-02-23 10:00:00+00:00
[2026-03-09T19:37:14.609+0000] {standard_task_runner.py:72} INFO - Started process 378 to run task
[2026-03-09T19:37:14.611+0000] {standard_task_runner.py:104} INFO - Running: ['***', 'tasks', 'run', 'replica_mongo_to_postgresql', 'check_connect_to_Mongo', 'scheduled__2026-02-23T10:00:00+00:00', '--job-id', '79', '--raw', '--subdir', 'DAGS_FOLDER/replica_mongo_to_postgres.py', '--cfg-path', '/tmp/tmpain3hei1']
[2026-03-09T19:37:14.612+0000] {standard_task_runner.py:105} INFO - Job 79: Subtask check_connect_to_Mongo
[2026-03-09T19:37:14.618+0000] {warnings.py:109} WARNING - /home/***/.local/lib/python3.9/site-packages/***/settings.py:209: DeprecationWarning: The sql_alchemy_conn option in [core] has been moved to the sql_alchemy_conn option in [database] - the old setting has been used, but please update your config.
  SQL_ALCHEMY_CONN = conf.get("database", "SQL_ALCHEMY_CONN")

[2026-03-09T19:37:14.633+0000] {task_command.py:467} INFO - Running <TaskInstance: replica_mongo_to_postgresql.check_connect_to_Mongo scheduled__2026-02-23T10:00:00+00:00 [running]> on host 6186f28317bc
[2026-03-09T19:37:14.633+0000] {warnings.py:109} WARNING - /home/***/.local/lib/python3.9/site-packages/***/settings.py:470: DeprecationWarning: The sql_alchemy_conn option in [core] has been moved to the sql_alchemy_conn option in [database] - the old setting has been used, but please update your config.
  if conf.get("database", "sql_alchemy_conn") == "none://":

[2026-03-09T19:37:14.660+0000] {taskinstance.py:3134} INFO - Exporting env vars: AIRFLOW_CTX_DAG_OWNER='a.sorokin' AIRFLOW_CTX_DAG_ID='replica_mongo_to_postgresql' AIRFLOW_CTX_TASK_ID='check_connect_to_Mongo' AIRFLOW_CTX_EXECUTION_DATE='2026-02-23T10:00:00+00:00' AIRFLOW_CTX_TRY_NUMBER='1' AIRFLOW_CTX_DAG_RUN_ID='scheduled__2026-02-23T10:00:00+00:00'
[2026-03-09T19:37:14.661+0000] {taskinstance.py:732} INFO - ::endgroup::
[2026-03-09T19:37:14.666+0000] {python.py:75} INFO - Poking callable: <function check_connect_to_Mongo at 0xffffa2c05310>
[2026-03-09T19:37:14.673+0000] {base.py:84} INFO - Retrieving connection 'mongo-db'
[2026-03-09T19:37:14.673+0000] {taskinstance.py:3313} ERROR - Task failed with exception
Traceback (most recent call last):
  File "/home/airflow/.local/lib/python3.9/site-packages/airflow/models/taskinstance.py", line 768, in _execute_task
    result = _execute_callable(context=context, **execute_callable_kwargs)
  File "/home/airflow/.local/lib/python3.9/site-packages/airflow/models/taskinstance.py", line 734, in _execute_callable
    return ExecutionCallableRunner(
  File "/home/airflow/.local/lib/python3.9/site-packages/airflow/utils/operator_helpers.py", line 252, in run
    return self.func(*args, **kwargs)
  File "/home/airflow/.local/lib/python3.9/site-packages/airflow/models/baseoperator.py", line 424, in wrapper
    return func(self, *args, **kwargs)
  File "/home/airflow/.local/lib/python3.9/site-packages/airflow/sensors/base.py", line 309, in execute
    raise e
  File "/home/airflow/.local/lib/python3.9/site-packages/airflow/sensors/base.py", line 289, in execute
    poke_return = self.poke(context)
  File "/home/airflow/.local/lib/python3.9/site-packages/airflow/sensors/python.py", line 76, in poke
    return_value = self.python_callable(*self.op_args, **self.op_kwargs)
  File "/opt/airflow/dags/replica_mongo_to_postgres.py", line 38, in check_connect_to_Mongo
    status, msg = hook.test_connection()
AttributeError: 'MongoHook' object has no attribute 'test_connection'
[2026-03-09T19:37:14.680+0000] {taskinstance.py:1226} INFO - Marking task as UP_FOR_RETRY. dag_id=replica_mongo_to_postgresql, task_id=check_connect_to_Mongo, run_id=scheduled__2026-02-23T10:00:00+00:00, execution_date=20260223T100000, start_date=20260309T193714, end_date=20260309T193714
[2026-03-09T19:37:14.692+0000] {taskinstance.py:341} INFO - ::group::Post task execution logs
[2026-03-09T19:37:14.693+0000] {standard_task_runner.py:124} ERROR - Failed to execute job 79 for task check_connect_to_Mongo ('MongoHook' object has no attribute 'test_connection'; 378)
Traceback (most recent call last):
  File "/home/airflow/.local/lib/python3.9/site-packages/airflow/task/task_runner/standard_task_runner.py", line 117, in _start_by_fork
    ret = args.func(args, dag=self.dag)
  File "/home/airflow/.local/lib/python3.9/site-packages/airflow/cli/cli_config.py", line 49, in command
    return func(*args, **kwargs)
  File "/home/airflow/.local/lib/python3.9/site-packages/airflow/utils/cli.py", line 116, in wrapper
    return f(*args, **kwargs)
  File "/home/airflow/.local/lib/python3.9/site-packages/airflow/cli/commands/task_command.py", line 483, in task_run
    task_return_code = _run_task_by_selected_method(args, _dag, ti)
  File "/home/airflow/.local/lib/python3.9/site-packages/airflow/cli/commands/task_command.py", line 256, in _run_task_by_selected_method
    return _run_raw_task(args, ti)
  File "/home/airflow/.local/lib/python3.9/site-packages/airflow/cli/commands/task_command.py", line 341, in _run_raw_task
    return ti._run_raw_task(
  File "/home/airflow/.local/lib/python3.9/site-packages/airflow/utils/session.py", line 97, in wrapper
    return func(*args, session=session, **kwargs)
  File "/home/airflow/.local/lib/python3.9/site-packages/airflow/models/taskinstance.py", line 3006, in _run_raw_task
    return _run_raw_task(
  File "/home/airflow/.local/lib/python3.9/site-packages/airflow/models/taskinstance.py", line 274, in _run_raw_task
    TaskInstance._execute_task_with_callbacks(
  File "/home/airflow/.local/lib/python3.9/site-packages/airflow/models/taskinstance.py", line 3161, in _execute_task_with_callbacks
    result = self._execute_task(context, task_orig)
  File "/home/airflow/.local/lib/python3.9/site-packages/airflow/models/taskinstance.py", line 3185, in _execute_task
    return _execute_task(self, context, task_orig)
  File "/home/airflow/.local/lib/python3.9/site-packages/airflow/models/taskinstance.py", line 768, in _execute_task
    result = _execute_callable(context=context, **execute_callable_kwargs)
  File "/home/airflow/.local/lib/python3.9/site-packages/airflow/models/taskinstance.py", line 734, in _execute_callable
    return ExecutionCallableRunner(
  File "/home/airflow/.local/lib/python3.9/site-packages/airflow/utils/operator_helpers.py", line 252, in run
    return self.func(*args, **kwargs)
  File "/home/airflow/.local/lib/python3.9/site-packages/airflow/models/baseoperator.py", line 424, in wrapper
    return func(self, *args, **kwargs)
  File "/home/airflow/.local/lib/python3.9/site-packages/airflow/sensors/base.py", line 309, in execute
    raise e
  File "/home/airflow/.local/lib/python3.9/site-packages/airflow/sensors/base.py", line 289, in execute
    poke_return = self.poke(context)
  File "/home/airflow/.local/lib/python3.9/site-packages/airflow/sensors/python.py", line 76, in poke
    return_value = self.python_callable(*self.op_args, **self.op_kwargs)
  File "/opt/airflow/dags/replica_mongo_to_postgres.py", line 38, in check_connect_to_Mongo
    status, msg = hook.test_connection()
AttributeError: 'MongoHook' object has no attribute 'test_connection'
[2026-03-09T19:37:14.711+0000] {local_task_job_runner.py:266} INFO - Task exited with return code 1
[2026-03-09T19:37:14.724+0000] {taskinstance.py:3901} INFO - 0 downstream tasks scheduled from follow-on schedule check
[2026-03-09T19:37:14.725+0000] {local_task_job_runner.py:245} INFO - ::endgroup::
[2026-03-09T20:03:54.188+0000] {local_task_job_runner.py:123} INFO - ::group::Pre task execution logs
[2026-03-09T20:03:54.195+0000] {taskinstance.py:2614} INFO - Dependencies all met for dep_context=non-requeueable deps ti=<TaskInstance: replica_mongo_to_postgresql.check_connect_to_Mongo scheduled__2026-02-23T10:00:00+00:00 [queued]>
[2026-03-09T20:03:54.198+0000] {taskinstance.py:2614} INFO - Dependencies all met for dep_context=requeueable deps ti=<TaskInstance: replica_mongo_to_postgresql.check_connect_to_Mongo scheduled__2026-02-23T10:00:00+00:00 [queued]>
[2026-03-09T20:03:54.198+0000] {taskinstance.py:2867} INFO - Starting attempt 1 of 4
[2026-03-09T20:03:54.202+0000] {taskinstance.py:2890} INFO - Executing <Task(PythonSensor): check_connect_to_Mongo> on 2026-02-23 10:00:00+00:00
[2026-03-09T20:03:54.204+0000] {standard_task_runner.py:72} INFO - Started process 601 to run task
[2026-03-09T20:03:54.206+0000] {standard_task_runner.py:104} INFO - Running: ['***', 'tasks', 'run', 'replica_mongo_to_postgresql', 'check_connect_to_Mongo', 'scheduled__2026-02-23T10:00:00+00:00', '--job-id', '104', '--raw', '--subdir', 'DAGS_FOLDER/replica_mongo_to_postgres.py', '--cfg-path', '/tmp/tmpy6px3i4l']
[2026-03-09T20:03:54.207+0000] {standard_task_runner.py:105} INFO - Job 104: Subtask check_connect_to_Mongo
[2026-03-09T20:03:54.212+0000] {warnings.py:109} WARNING - /home/***/.local/lib/python3.9/site-packages/***/settings.py:209: DeprecationWarning: The sql_alchemy_conn option in [core] has been moved to the sql_alchemy_conn option in [database] - the old setting has been used, but please update your config.
  SQL_ALCHEMY_CONN = conf.get("database", "SQL_ALCHEMY_CONN")

[2026-03-09T20:03:54.227+0000] {task_command.py:467} INFO - Running <TaskInstance: replica_mongo_to_postgresql.check_connect_to_Mongo scheduled__2026-02-23T10:00:00+00:00 [running]> on host 6186f28317bc
[2026-03-09T20:03:54.227+0000] {warnings.py:109} WARNING - /home/***/.local/lib/python3.9/site-packages/***/settings.py:470: DeprecationWarning: The sql_alchemy_conn option in [core] has been moved to the sql_alchemy_conn option in [database] - the old setting has been used, but please update your config.
  if conf.get("database", "sql_alchemy_conn") == "none://":

[2026-03-09T20:03:54.254+0000] {taskinstance.py:3134} INFO - Exporting env vars: AIRFLOW_CTX_DAG_OWNER='a.sorokin' AIRFLOW_CTX_DAG_ID='replica_mongo_to_postgresql' AIRFLOW_CTX_TASK_ID='check_connect_to_Mongo' AIRFLOW_CTX_EXECUTION_DATE='2026-02-23T10:00:00+00:00' AIRFLOW_CTX_TRY_NUMBER='1' AIRFLOW_CTX_DAG_RUN_ID='scheduled__2026-02-23T10:00:00+00:00'
[2026-03-09T20:03:54.255+0000] {taskinstance.py:732} INFO - ::endgroup::
[2026-03-09T20:03:54.259+0000] {python.py:75} INFO - Poking callable: <function check_connect_to_Mongo at 0xffffa2c063a0>
[2026-03-09T20:03:54.265+0000] {base.py:84} INFO - Retrieving connection 'mongo-db'
[2026-03-09T20:03:54.276+0000] {logging_mixin.py:190} INFO - Сервер ответил
[2026-03-09T20:03:54.276+0000] {base.py:339} INFO - Success criteria met. Exiting.
[2026-03-09T20:03:54.280+0000] {taskinstance.py:341} INFO - ::group::Post task execution logs
[2026-03-09T20:03:54.280+0000] {taskinstance.py:353} INFO - Marking task as SUCCESS. dag_id=replica_mongo_to_postgresql, task_id=check_connect_to_Mongo, run_id=scheduled__2026-02-23T10:00:00+00:00, execution_date=20260223T100000, start_date=20260309T200354, end_date=20260309T200354
[2026-03-09T20:03:54.304+0000] {local_task_job_runner.py:266} INFO - Task exited with return code 0
[2026-03-09T20:03:54.312+0000] {taskinstance.py:3901} INFO - 0 downstream tasks scheduled from follow-on schedule check
[2026-03-09T20:03:54.313+0000] {local_task_job_runner.py:245} INFO - ::endgroup::
[2026-03-10T00:51:23.824+0000] {local_task_job_runner.py:123} INFO - ::group::Pre task execution logs
[2026-03-10T00:51:23.831+0000] {taskinstance.py:2614} INFO - Dependencies all met for dep_context=non-requeueable deps ti=<TaskInstance: replica_mongo_to_postgresql.check_connect_to_Mongo scheduled__2026-02-23T10:00:00+00:00 [queued]>
[2026-03-10T00:51:23.834+0000] {taskinstance.py:2614} INFO - Dependencies all met for dep_context=requeueable deps ti=<TaskInstance: replica_mongo_to_postgresql.check_connect_to_Mongo scheduled__2026-02-23T10:00:00+00:00 [queued]>
[2026-03-10T00:51:23.834+0000] {taskinstance.py:2867} INFO - Starting attempt 1 of 4
[2026-03-10T00:51:23.838+0000] {taskinstance.py:2890} INFO - Executing <Task(PythonSensor): check_connect_to_Mongo> on 2026-02-23 10:00:00+00:00
[2026-03-10T00:51:23.840+0000] {standard_task_runner.py:72} INFO - Started process 302 to run task
[2026-03-10T00:51:23.841+0000] {standard_task_runner.py:104} INFO - Running: ['***', 'tasks', 'run', 'replica_mongo_to_postgresql', 'check_connect_to_Mongo', 'scheduled__2026-02-23T10:00:00+00:00', '--job-id', '35', '--raw', '--subdir', 'DAGS_FOLDER/replica_mongo_to_postgres.py', '--cfg-path', '/tmp/tmpc9bqqlww']
[2026-03-10T00:51:23.843+0000] {standard_task_runner.py:105} INFO - Job 35: Subtask check_connect_to_Mongo
[2026-03-10T00:51:23.848+0000] {warnings.py:109} WARNING - /home/***/.local/lib/python3.9/site-packages/***/settings.py:209: DeprecationWarning: The sql_alchemy_conn option in [core] has been moved to the sql_alchemy_conn option in [database] - the old setting has been used, but please update your config.
  SQL_ALCHEMY_CONN = conf.get("database", "SQL_ALCHEMY_CONN")

[2026-03-10T00:51:23.860+0000] {task_command.py:467} INFO - Running <TaskInstance: replica_mongo_to_postgresql.check_connect_to_Mongo scheduled__2026-02-23T10:00:00+00:00 [running]> on host 4b5206882624
[2026-03-10T00:51:23.860+0000] {warnings.py:109} WARNING - /home/***/.local/lib/python3.9/site-packages/***/settings.py:470: DeprecationWarning: The sql_alchemy_conn option in [core] has been moved to the sql_alchemy_conn option in [database] - the old setting has been used, but please update your config.
  if conf.get("database", "sql_alchemy_conn") == "none://":

[2026-03-10T00:51:23.886+0000] {taskinstance.py:3134} INFO - Exporting env vars: AIRFLOW_CTX_DAG_OWNER='a.sorokin' AIRFLOW_CTX_DAG_ID='replica_mongo_to_postgresql' AIRFLOW_CTX_TASK_ID='check_connect_to_Mongo' AIRFLOW_CTX_EXECUTION_DATE='2026-02-23T10:00:00+00:00' AIRFLOW_CTX_TRY_NUMBER='1' AIRFLOW_CTX_DAG_RUN_ID='scheduled__2026-02-23T10:00:00+00:00'
[2026-03-10T00:51:23.887+0000] {taskinstance.py:732} INFO - ::endgroup::
[2026-03-10T00:51:23.891+0000] {python.py:75} INFO - Poking callable: <function check_connect_to_Mongo at 0xffff82425310>
[2026-03-10T00:51:23.896+0000] {base.py:84} INFO - Retrieving connection 'mongo-db'
[2026-03-10T00:51:23.907+0000] {logging_mixin.py:190} INFO - Сервер ответил
[2026-03-10T00:51:23.908+0000] {base.py:339} INFO - Success criteria met. Exiting.
[2026-03-10T00:51:23.911+0000] {taskinstance.py:341} INFO - ::group::Post task execution logs
[2026-03-10T00:51:23.911+0000] {taskinstance.py:353} INFO - Marking task as SUCCESS. dag_id=replica_mongo_to_postgresql, task_id=check_connect_to_Mongo, run_id=scheduled__2026-02-23T10:00:00+00:00, execution_date=20260223T100000, start_date=20260310T005123, end_date=20260310T005123
[2026-03-10T00:51:23.941+0000] {local_task_job_runner.py:266} INFO - Task exited with return code 0
[2026-03-10T00:51:23.952+0000] {taskinstance.py:3901} INFO - 1 downstream tasks scheduled from follow-on schedule check
[2026-03-10T00:51:23.952+0000] {local_task_job_runner.py:245} INFO - ::endgroup::
