[2026-03-09T19:37:21.210+0000] {local_task_job_runner.py:123} INFO - ::group::Pre task execution logs
[2026-03-09T19:37:21.216+0000] {taskinstance.py:2614} INFO - Dependencies all met for dep_context=non-requeueable deps ti=<TaskInstance: replica_mongo_to_postgresql.check_connect_to_Mongo scheduled__2026-03-01T10:00:00+00:00 [queued]>
[2026-03-09T19:37:21.219+0000] {taskinstance.py:2614} INFO - Dependencies all met for dep_context=requeueable deps ti=<TaskInstance: replica_mongo_to_postgresql.check_connect_to_Mongo scheduled__2026-03-01T10:00:00+00:00 [queued]>
[2026-03-09T19:37:21.219+0000] {taskinstance.py:2867} INFO - Starting attempt 1 of 4
[2026-03-09T19:37:21.223+0000] {taskinstance.py:2890} INFO - Executing <Task(PythonSensor): check_connect_to_Mongo> on 2026-03-01 10:00:00+00:00
[2026-03-09T19:37:21.225+0000] {standard_task_runner.py:72} INFO - Started process 402 to run task
[2026-03-09T19:37:21.227+0000] {standard_task_runner.py:104} INFO - Running: ['***', 'tasks', 'run', 'replica_mongo_to_postgresql', 'check_connect_to_Mongo', 'scheduled__2026-03-01T10:00:00+00:00', '--job-id', '85', '--raw', '--subdir', 'DAGS_FOLDER/replica_mongo_to_postgres.py', '--cfg-path', '/tmp/tmp37xxds3a']
[2026-03-09T19:37:21.228+0000] {standard_task_runner.py:105} INFO - Job 85: Subtask check_connect_to_Mongo
[2026-03-09T19:37:21.233+0000] {warnings.py:109} WARNING - /home/***/.local/lib/python3.9/site-packages/***/settings.py:209: DeprecationWarning: The sql_alchemy_conn option in [core] has been moved to the sql_alchemy_conn option in [database] - the old setting has been used, but please update your config.
  SQL_ALCHEMY_CONN = conf.get("database", "SQL_ALCHEMY_CONN")

[2026-03-09T19:37:21.248+0000] {task_command.py:467} INFO - Running <TaskInstance: replica_mongo_to_postgresql.check_connect_to_Mongo scheduled__2026-03-01T10:00:00+00:00 [running]> on host 6186f28317bc
[2026-03-09T19:37:21.248+0000] {warnings.py:109} WARNING - /home/***/.local/lib/python3.9/site-packages/***/settings.py:470: DeprecationWarning: The sql_alchemy_conn option in [core] has been moved to the sql_alchemy_conn option in [database] - the old setting has been used, but please update your config.
  if conf.get("database", "sql_alchemy_conn") == "none://":

[2026-03-09T19:37:21.272+0000] {taskinstance.py:3134} INFO - Exporting env vars: AIRFLOW_CTX_DAG_OWNER='a.sorokin' AIRFLOW_CTX_DAG_ID='replica_mongo_to_postgresql' AIRFLOW_CTX_TASK_ID='check_connect_to_Mongo' AIRFLOW_CTX_EXECUTION_DATE='2026-03-01T10:00:00+00:00' AIRFLOW_CTX_TRY_NUMBER='1' AIRFLOW_CTX_DAG_RUN_ID='scheduled__2026-03-01T10:00:00+00:00'
[2026-03-09T19:37:21.272+0000] {taskinstance.py:732} INFO - ::endgroup::
[2026-03-09T19:37:21.276+0000] {python.py:75} INFO - Poking callable: <function check_connect_to_Mongo at 0xffffa2c06310>
[2026-03-09T19:37:21.282+0000] {base.py:84} INFO - Retrieving connection 'mongo-db'
[2026-03-09T19:37:21.282+0000] {taskinstance.py:3313} ERROR - Task failed with exception
Traceback (most recent call last):
  File "/home/airflow/.local/lib/python3.9/site-packages/airflow/models/taskinstance.py", line 768, in _execute_task
    result = _execute_callable(context=context, **execute_callable_kwargs)
  File "/home/airflow/.local/lib/python3.9/site-packages/airflow/models/taskinstance.py", line 734, in _execute_callable
    return ExecutionCallableRunner(
  File "/home/airflow/.local/lib/python3.9/site-packages/airflow/utils/operator_helpers.py", line 252, in run
    return self.func(*args, **kwargs)
  File "/home/airflow/.local/lib/python3.9/site-packages/airflow/models/baseoperator.py", line 424, in wrapper
    return func(self, *args, **kwargs)
  File "/home/airflow/.local/lib/python3.9/site-packages/airflow/sensors/base.py", line 309, in execute
    raise e
  File "/home/airflow/.local/lib/python3.9/site-packages/airflow/sensors/base.py", line 289, in execute
    poke_return = self.poke(context)
  File "/home/airflow/.local/lib/python3.9/site-packages/airflow/sensors/python.py", line 76, in poke
    return_value = self.python_callable(*self.op_args, **self.op_kwargs)
  File "/opt/airflow/dags/replica_mongo_to_postgres.py", line 38, in check_connect_to_Mongo
    status, msg = hook.test_connection()
AttributeError: 'MongoHook' object has no attribute 'test_connection'
[2026-03-09T19:37:21.287+0000] {taskinstance.py:1226} INFO - Marking task as UP_FOR_RETRY. dag_id=replica_mongo_to_postgresql, task_id=check_connect_to_Mongo, run_id=scheduled__2026-03-01T10:00:00+00:00, execution_date=20260301T100000, start_date=20260309T193721, end_date=20260309T193721
[2026-03-09T19:37:21.297+0000] {taskinstance.py:341} INFO - ::group::Post task execution logs
[2026-03-09T19:37:21.297+0000] {standard_task_runner.py:124} ERROR - Failed to execute job 85 for task check_connect_to_Mongo ('MongoHook' object has no attribute 'test_connection'; 402)
Traceback (most recent call last):
  File "/home/airflow/.local/lib/python3.9/site-packages/airflow/task/task_runner/standard_task_runner.py", line 117, in _start_by_fork
    ret = args.func(args, dag=self.dag)
  File "/home/airflow/.local/lib/python3.9/site-packages/airflow/cli/cli_config.py", line 49, in command
    return func(*args, **kwargs)
  File "/home/airflow/.local/lib/python3.9/site-packages/airflow/utils/cli.py", line 116, in wrapper
    return f(*args, **kwargs)
  File "/home/airflow/.local/lib/python3.9/site-packages/airflow/cli/commands/task_command.py", line 483, in task_run
    task_return_code = _run_task_by_selected_method(args, _dag, ti)
  File "/home/airflow/.local/lib/python3.9/site-packages/airflow/cli/commands/task_command.py", line 256, in _run_task_by_selected_method
    return _run_raw_task(args, ti)
  File "/home/airflow/.local/lib/python3.9/site-packages/airflow/cli/commands/task_command.py", line 341, in _run_raw_task
    return ti._run_raw_task(
  File "/home/airflow/.local/lib/python3.9/site-packages/airflow/utils/session.py", line 97, in wrapper
    return func(*args, session=session, **kwargs)
  File "/home/airflow/.local/lib/python3.9/site-packages/airflow/models/taskinstance.py", line 3006, in _run_raw_task
    return _run_raw_task(
  File "/home/airflow/.local/lib/python3.9/site-packages/airflow/models/taskinstance.py", line 274, in _run_raw_task
    TaskInstance._execute_task_with_callbacks(
  File "/home/airflow/.local/lib/python3.9/site-packages/airflow/models/taskinstance.py", line 3161, in _execute_task_with_callbacks
    result = self._execute_task(context, task_orig)
  File "/home/airflow/.local/lib/python3.9/site-packages/airflow/models/taskinstance.py", line 3185, in _execute_task
    return _execute_task(self, context, task_orig)
  File "/home/airflow/.local/lib/python3.9/site-packages/airflow/models/taskinstance.py", line 768, in _execute_task
    result = _execute_callable(context=context, **execute_callable_kwargs)
  File "/home/airflow/.local/lib/python3.9/site-packages/airflow/models/taskinstance.py", line 734, in _execute_callable
    return ExecutionCallableRunner(
  File "/home/airflow/.local/lib/python3.9/site-packages/airflow/utils/operator_helpers.py", line 252, in run
    return self.func(*args, **kwargs)
  File "/home/airflow/.local/lib/python3.9/site-packages/airflow/models/baseoperator.py", line 424, in wrapper
    return func(self, *args, **kwargs)
  File "/home/airflow/.local/lib/python3.9/site-packages/airflow/sensors/base.py", line 309, in execute
    raise e
  File "/home/airflow/.local/lib/python3.9/site-packages/airflow/sensors/base.py", line 289, in execute
    poke_return = self.poke(context)
  File "/home/airflow/.local/lib/python3.9/site-packages/airflow/sensors/python.py", line 76, in poke
    return_value = self.python_callable(*self.op_args, **self.op_kwargs)
  File "/opt/airflow/dags/replica_mongo_to_postgres.py", line 38, in check_connect_to_Mongo
    status, msg = hook.test_connection()
AttributeError: 'MongoHook' object has no attribute 'test_connection'
[2026-03-09T19:37:21.326+0000] {local_task_job_runner.py:266} INFO - Task exited with return code 1
[2026-03-09T19:37:21.336+0000] {taskinstance.py:3901} INFO - 0 downstream tasks scheduled from follow-on schedule check
[2026-03-09T19:37:21.336+0000] {local_task_job_runner.py:245} INFO - ::endgroup::
[2026-03-09T20:04:02.896+0000] {local_task_job_runner.py:123} INFO - ::group::Pre task execution logs
[2026-03-09T20:04:02.902+0000] {taskinstance.py:2614} INFO - Dependencies all met for dep_context=non-requeueable deps ti=<TaskInstance: replica_mongo_to_postgresql.check_connect_to_Mongo scheduled__2026-03-01T10:00:00+00:00 [queued]>
[2026-03-09T20:04:02.905+0000] {taskinstance.py:2614} INFO - Dependencies all met for dep_context=requeueable deps ti=<TaskInstance: replica_mongo_to_postgresql.check_connect_to_Mongo scheduled__2026-03-01T10:00:00+00:00 [queued]>
[2026-03-09T20:04:02.905+0000] {taskinstance.py:2867} INFO - Starting attempt 1 of 4
[2026-03-09T20:04:02.909+0000] {taskinstance.py:2890} INFO - Executing <Task(PythonSensor): check_connect_to_Mongo> on 2026-03-01 10:00:00+00:00
[2026-03-09T20:04:02.911+0000] {standard_task_runner.py:72} INFO - Started process 643 to run task
[2026-03-09T20:04:02.912+0000] {standard_task_runner.py:104} INFO - Running: ['***', 'tasks', 'run', 'replica_mongo_to_postgresql', 'check_connect_to_Mongo', 'scheduled__2026-03-01T10:00:00+00:00', '--job-id', '110', '--raw', '--subdir', 'DAGS_FOLDER/replica_mongo_to_postgres.py', '--cfg-path', '/tmp/tmply1joh37']
[2026-03-09T20:04:02.913+0000] {standard_task_runner.py:105} INFO - Job 110: Subtask check_connect_to_Mongo
[2026-03-09T20:04:02.918+0000] {warnings.py:109} WARNING - /home/***/.local/lib/python3.9/site-packages/***/settings.py:209: DeprecationWarning: The sql_alchemy_conn option in [core] has been moved to the sql_alchemy_conn option in [database] - the old setting has been used, but please update your config.
  SQL_ALCHEMY_CONN = conf.get("database", "SQL_ALCHEMY_CONN")

[2026-03-09T20:04:02.932+0000] {task_command.py:467} INFO - Running <TaskInstance: replica_mongo_to_postgresql.check_connect_to_Mongo scheduled__2026-03-01T10:00:00+00:00 [running]> on host 6186f28317bc
[2026-03-09T20:04:02.932+0000] {warnings.py:109} WARNING - /home/***/.local/lib/python3.9/site-packages/***/settings.py:470: DeprecationWarning: The sql_alchemy_conn option in [core] has been moved to the sql_alchemy_conn option in [database] - the old setting has been used, but please update your config.
  if conf.get("database", "sql_alchemy_conn") == "none://":

[2026-03-09T20:04:02.958+0000] {taskinstance.py:3134} INFO - Exporting env vars: AIRFLOW_CTX_DAG_OWNER='a.sorokin' AIRFLOW_CTX_DAG_ID='replica_mongo_to_postgresql' AIRFLOW_CTX_TASK_ID='check_connect_to_Mongo' AIRFLOW_CTX_EXECUTION_DATE='2026-03-01T10:00:00+00:00' AIRFLOW_CTX_TRY_NUMBER='1' AIRFLOW_CTX_DAG_RUN_ID='scheduled__2026-03-01T10:00:00+00:00'
[2026-03-09T20:04:02.958+0000] {taskinstance.py:732} INFO - ::endgroup::
[2026-03-09T20:04:02.963+0000] {python.py:75} INFO - Poking callable: <function check_connect_to_Mongo at 0xffffa2c063a0>
[2026-03-09T20:04:02.969+0000] {base.py:84} INFO - Retrieving connection 'mongo-db'
[2026-03-09T20:04:02.979+0000] {logging_mixin.py:190} INFO - Сервер ответил
[2026-03-09T20:04:02.979+0000] {base.py:339} INFO - Success criteria met. Exiting.
[2026-03-09T20:04:02.983+0000] {taskinstance.py:341} INFO - ::group::Post task execution logs
[2026-03-09T20:04:02.983+0000] {taskinstance.py:353} INFO - Marking task as SUCCESS. dag_id=replica_mongo_to_postgresql, task_id=check_connect_to_Mongo, run_id=scheduled__2026-03-01T10:00:00+00:00, execution_date=20260301T100000, start_date=20260309T200402, end_date=20260309T200402
[2026-03-09T20:04:03.010+0000] {local_task_job_runner.py:266} INFO - Task exited with return code 0
[2026-03-09T20:04:03.019+0000] {taskinstance.py:3901} INFO - 0 downstream tasks scheduled from follow-on schedule check
[2026-03-09T20:04:03.020+0000] {local_task_job_runner.py:245} INFO - ::endgroup::
[2026-03-10T00:51:29.995+0000] {local_task_job_runner.py:123} INFO - ::group::Pre task execution logs
[2026-03-10T00:51:30.003+0000] {taskinstance.py:2614} INFO - Dependencies all met for dep_context=non-requeueable deps ti=<TaskInstance: replica_mongo_to_postgresql.check_connect_to_Mongo scheduled__2026-03-01T10:00:00+00:00 [queued]>
[2026-03-10T00:51:30.006+0000] {taskinstance.py:2614} INFO - Dependencies all met for dep_context=requeueable deps ti=<TaskInstance: replica_mongo_to_postgresql.check_connect_to_Mongo scheduled__2026-03-01T10:00:00+00:00 [queued]>
[2026-03-10T00:51:30.006+0000] {taskinstance.py:2867} INFO - Starting attempt 1 of 4
[2026-03-10T00:51:30.009+0000] {taskinstance.py:2890} INFO - Executing <Task(PythonSensor): check_connect_to_Mongo> on 2026-03-01 10:00:00+00:00
[2026-03-10T00:51:30.012+0000] {standard_task_runner.py:72} INFO - Started process 344 to run task
[2026-03-10T00:51:30.013+0000] {standard_task_runner.py:104} INFO - Running: ['***', 'tasks', 'run', 'replica_mongo_to_postgresql', 'check_connect_to_Mongo', 'scheduled__2026-03-01T10:00:00+00:00', '--job-id', '41', '--raw', '--subdir', 'DAGS_FOLDER/replica_mongo_to_postgres.py', '--cfg-path', '/tmp/tmpsjr2ow8g']
[2026-03-10T00:51:30.014+0000] {standard_task_runner.py:105} INFO - Job 41: Subtask check_connect_to_Mongo
[2026-03-10T00:51:30.020+0000] {warnings.py:109} WARNING - /home/***/.local/lib/python3.9/site-packages/***/settings.py:209: DeprecationWarning: The sql_alchemy_conn option in [core] has been moved to the sql_alchemy_conn option in [database] - the old setting has been used, but please update your config.
  SQL_ALCHEMY_CONN = conf.get("database", "SQL_ALCHEMY_CONN")

[2026-03-10T00:51:30.032+0000] {task_command.py:467} INFO - Running <TaskInstance: replica_mongo_to_postgresql.check_connect_to_Mongo scheduled__2026-03-01T10:00:00+00:00 [running]> on host 4b5206882624
[2026-03-10T00:51:30.032+0000] {warnings.py:109} WARNING - /home/***/.local/lib/python3.9/site-packages/***/settings.py:470: DeprecationWarning: The sql_alchemy_conn option in [core] has been moved to the sql_alchemy_conn option in [database] - the old setting has been used, but please update your config.
  if conf.get("database", "sql_alchemy_conn") == "none://":

[2026-03-10T00:51:30.058+0000] {taskinstance.py:3134} INFO - Exporting env vars: AIRFLOW_CTX_DAG_OWNER='a.sorokin' AIRFLOW_CTX_DAG_ID='replica_mongo_to_postgresql' AIRFLOW_CTX_TASK_ID='check_connect_to_Mongo' AIRFLOW_CTX_EXECUTION_DATE='2026-03-01T10:00:00+00:00' AIRFLOW_CTX_TRY_NUMBER='1' AIRFLOW_CTX_DAG_RUN_ID='scheduled__2026-03-01T10:00:00+00:00'
[2026-03-10T00:51:30.059+0000] {taskinstance.py:732} INFO - ::endgroup::
[2026-03-10T00:51:30.063+0000] {python.py:75} INFO - Poking callable: <function check_connect_to_Mongo at 0xffff82425310>
[2026-03-10T00:51:30.068+0000] {base.py:84} INFO - Retrieving connection 'mongo-db'
[2026-03-10T00:51:30.079+0000] {logging_mixin.py:190} INFO - Сервер ответил
[2026-03-10T00:51:30.079+0000] {base.py:339} INFO - Success criteria met. Exiting.
[2026-03-10T00:51:30.082+0000] {taskinstance.py:341} INFO - ::group::Post task execution logs
[2026-03-10T00:51:30.083+0000] {taskinstance.py:353} INFO - Marking task as SUCCESS. dag_id=replica_mongo_to_postgresql, task_id=check_connect_to_Mongo, run_id=scheduled__2026-03-01T10:00:00+00:00, execution_date=20260301T100000, start_date=20260310T005130, end_date=20260310T005130
[2026-03-10T00:51:30.111+0000] {local_task_job_runner.py:266} INFO - Task exited with return code 0
[2026-03-10T00:51:30.121+0000] {taskinstance.py:3901} INFO - 1 downstream tasks scheduled from follow-on schedule check
[2026-03-10T00:51:30.122+0000] {local_task_job_runner.py:245} INFO - ::endgroup::
