[2026-03-09T19:20:20.293+0000] {local_task_job_runner.py:123} INFO - ::group::Pre task execution logs
[2026-03-09T19:20:20.300+0000] {taskinstance.py:2614} INFO - Dependencies all met for dep_context=non-requeueable deps ti=<TaskInstance: replica_mongo_to_postgresql.check_connect_to_Mongo scheduled__2026-02-14T10:00:00+00:00 [queued]>
[2026-03-09T19:20:20.303+0000] {taskinstance.py:2614} INFO - Dependencies all met for dep_context=requeueable deps ti=<TaskInstance: replica_mongo_to_postgresql.check_connect_to_Mongo scheduled__2026-02-14T10:00:00+00:00 [queued]>
[2026-03-09T19:20:20.303+0000] {taskinstance.py:2867} INFO - Starting attempt 1 of 4
[2026-03-09T19:20:20.306+0000] {taskinstance.py:2890} INFO - Executing <Task(PythonSensor): check_connect_to_Mongo> on 2026-02-14 10:00:00+00:00
[2026-03-09T19:20:20.308+0000] {standard_task_runner.py:72} INFO - Started process 134 to run task
[2026-03-09T19:20:20.310+0000] {standard_task_runner.py:104} INFO - Running: ['***', 'tasks', 'run', 'replica_mongo_to_postgresql', 'check_connect_to_Mongo', 'scheduled__2026-02-14T10:00:00+00:00', '--job-id', '18', '--raw', '--subdir', 'DAGS_FOLDER/replica_mongo_to_postgres.py', '--cfg-path', '/tmp/tmp_uryfhys']
[2026-03-09T19:20:20.311+0000] {standard_task_runner.py:105} INFO - Job 18: Subtask check_connect_to_Mongo
[2026-03-09T19:20:20.316+0000] {warnings.py:109} WARNING - /home/***/.local/lib/python3.9/site-packages/***/settings.py:209: DeprecationWarning: The sql_alchemy_conn option in [core] has been moved to the sql_alchemy_conn option in [database] - the old setting has been used, but please update your config.
  SQL_ALCHEMY_CONN = conf.get("database", "SQL_ALCHEMY_CONN")

[2026-03-09T19:20:20.329+0000] {task_command.py:467} INFO - Running <TaskInstance: replica_mongo_to_postgresql.check_connect_to_Mongo scheduled__2026-02-14T10:00:00+00:00 [running]> on host 6186f28317bc
[2026-03-09T19:20:20.329+0000] {warnings.py:109} WARNING - /home/***/.local/lib/python3.9/site-packages/***/settings.py:470: DeprecationWarning: The sql_alchemy_conn option in [core] has been moved to the sql_alchemy_conn option in [database] - the old setting has been used, but please update your config.
  if conf.get("database", "sql_alchemy_conn") == "none://":

[2026-03-09T19:20:20.352+0000] {taskinstance.py:3134} INFO - Exporting env vars: AIRFLOW_CTX_DAG_OWNER='a.sorokin' AIRFLOW_CTX_DAG_ID='replica_mongo_to_postgresql' AIRFLOW_CTX_TASK_ID='check_connect_to_Mongo' AIRFLOW_CTX_EXECUTION_DATE='2026-02-14T10:00:00+00:00' AIRFLOW_CTX_TRY_NUMBER='1' AIRFLOW_CTX_DAG_RUN_ID='scheduled__2026-02-14T10:00:00+00:00'
[2026-03-09T19:20:20.352+0000] {taskinstance.py:732} INFO - ::endgroup::
[2026-03-09T19:20:20.356+0000] {python.py:75} INFO - Poking callable: <function check_connect_to_Mongo at 0xffffa2c04280>
[2026-03-09T19:20:20.363+0000] {taskinstance.py:3313} ERROR - Task failed with exception
Traceback (most recent call last):
  File "/home/airflow/.local/lib/python3.9/site-packages/airflow/models/taskinstance.py", line 768, in _execute_task
    result = _execute_callable(context=context, **execute_callable_kwargs)
  File "/home/airflow/.local/lib/python3.9/site-packages/airflow/models/taskinstance.py", line 734, in _execute_callable
    return ExecutionCallableRunner(
  File "/home/airflow/.local/lib/python3.9/site-packages/airflow/utils/operator_helpers.py", line 252, in run
    return self.func(*args, **kwargs)
  File "/home/airflow/.local/lib/python3.9/site-packages/airflow/models/baseoperator.py", line 424, in wrapper
    return func(self, *args, **kwargs)
  File "/home/airflow/.local/lib/python3.9/site-packages/airflow/sensors/base.py", line 309, in execute
    raise e
  File "/home/airflow/.local/lib/python3.9/site-packages/airflow/sensors/base.py", line 289, in execute
    poke_return = self.poke(context)
  File "/home/airflow/.local/lib/python3.9/site-packages/airflow/sensors/python.py", line 76, in poke
    return_value = self.python_callable(*self.op_args, **self.op_kwargs)
  File "/opt/airflow/dags/replica_mongo_to_postgres.py", line 37, in check_connect_to_Mongo
    hook = MongoHook(mongo_coon_id="mongo-db")
  File "/home/airflow/.local/lib/python3.9/site-packages/airflow/providers/mongo/hooks/mongo.py", line 123, in __init__
    conn = self.get_connection(self.mongo_conn_id)
  File "/home/airflow/.local/lib/python3.9/site-packages/airflow/hooks/base.py", line 83, in get_connection
    conn = Connection.get_connection_from_secrets(conn_id)
  File "/home/airflow/.local/lib/python3.9/site-packages/airflow/models/connection.py", line 537, in get_connection_from_secrets
    raise AirflowNotFoundException(f"The conn_id `{conn_id}` isn't defined")
airflow.exceptions.AirflowNotFoundException: The conn_id `mongo_default` isn't defined
[2026-03-09T19:20:20.366+0000] {taskinstance.py:1226} INFO - Marking task as UP_FOR_RETRY. dag_id=replica_mongo_to_postgresql, task_id=check_connect_to_Mongo, run_id=scheduled__2026-02-14T10:00:00+00:00, execution_date=20260214T100000, start_date=20260309T192020, end_date=20260309T192020
[2026-03-09T19:20:20.375+0000] {taskinstance.py:341} INFO - ::group::Post task execution logs
[2026-03-09T19:20:20.375+0000] {standard_task_runner.py:124} ERROR - Failed to execute job 18 for task check_connect_to_Mongo (The conn_id `mongo_default` isn't defined; 134)
Traceback (most recent call last):
  File "/home/airflow/.local/lib/python3.9/site-packages/airflow/task/task_runner/standard_task_runner.py", line 117, in _start_by_fork
    ret = args.func(args, dag=self.dag)
  File "/home/airflow/.local/lib/python3.9/site-packages/airflow/cli/cli_config.py", line 49, in command
    return func(*args, **kwargs)
  File "/home/airflow/.local/lib/python3.9/site-packages/airflow/utils/cli.py", line 116, in wrapper
    return f(*args, **kwargs)
  File "/home/airflow/.local/lib/python3.9/site-packages/airflow/cli/commands/task_command.py", line 483, in task_run
    task_return_code = _run_task_by_selected_method(args, _dag, ti)
  File "/home/airflow/.local/lib/python3.9/site-packages/airflow/cli/commands/task_command.py", line 256, in _run_task_by_selected_method
    return _run_raw_task(args, ti)
  File "/home/airflow/.local/lib/python3.9/site-packages/airflow/cli/commands/task_command.py", line 341, in _run_raw_task
    return ti._run_raw_task(
  File "/home/airflow/.local/lib/python3.9/site-packages/airflow/utils/session.py", line 97, in wrapper
    return func(*args, session=session, **kwargs)
  File "/home/airflow/.local/lib/python3.9/site-packages/airflow/models/taskinstance.py", line 3006, in _run_raw_task
    return _run_raw_task(
  File "/home/airflow/.local/lib/python3.9/site-packages/airflow/models/taskinstance.py", line 274, in _run_raw_task
    TaskInstance._execute_task_with_callbacks(
  File "/home/airflow/.local/lib/python3.9/site-packages/airflow/models/taskinstance.py", line 3161, in _execute_task_with_callbacks
    result = self._execute_task(context, task_orig)
  File "/home/airflow/.local/lib/python3.9/site-packages/airflow/models/taskinstance.py", line 3185, in _execute_task
    return _execute_task(self, context, task_orig)
  File "/home/airflow/.local/lib/python3.9/site-packages/airflow/models/taskinstance.py", line 768, in _execute_task
    result = _execute_callable(context=context, **execute_callable_kwargs)
  File "/home/airflow/.local/lib/python3.9/site-packages/airflow/models/taskinstance.py", line 734, in _execute_callable
    return ExecutionCallableRunner(
  File "/home/airflow/.local/lib/python3.9/site-packages/airflow/utils/operator_helpers.py", line 252, in run
    return self.func(*args, **kwargs)
  File "/home/airflow/.local/lib/python3.9/site-packages/airflow/models/baseoperator.py", line 424, in wrapper
    return func(self, *args, **kwargs)
  File "/home/airflow/.local/lib/python3.9/site-packages/airflow/sensors/base.py", line 309, in execute
    raise e
  File "/home/airflow/.local/lib/python3.9/site-packages/airflow/sensors/base.py", line 289, in execute
    poke_return = self.poke(context)
  File "/home/airflow/.local/lib/python3.9/site-packages/airflow/sensors/python.py", line 76, in poke
    return_value = self.python_callable(*self.op_args, **self.op_kwargs)
  File "/opt/airflow/dags/replica_mongo_to_postgres.py", line 37, in check_connect_to_Mongo
    hook = MongoHook(mongo_coon_id="mongo-db")
  File "/home/airflow/.local/lib/python3.9/site-packages/airflow/providers/mongo/hooks/mongo.py", line 123, in __init__
    conn = self.get_connection(self.mongo_conn_id)
  File "/home/airflow/.local/lib/python3.9/site-packages/airflow/hooks/base.py", line 83, in get_connection
    conn = Connection.get_connection_from_secrets(conn_id)
  File "/home/airflow/.local/lib/python3.9/site-packages/airflow/models/connection.py", line 537, in get_connection_from_secrets
    raise AirflowNotFoundException(f"The conn_id `{conn_id}` isn't defined")
airflow.exceptions.AirflowNotFoundException: The conn_id `mongo_default` isn't defined
[2026-03-09T19:20:20.409+0000] {local_task_job_runner.py:266} INFO - Task exited with return code 1
[2026-03-09T19:20:20.418+0000] {taskinstance.py:3901} INFO - 0 downstream tasks scheduled from follow-on schedule check
[2026-03-09T19:20:20.419+0000] {local_task_job_runner.py:245} INFO - ::endgroup::
[2026-03-09T20:03:45.282+0000] {local_task_job_runner.py:123} INFO - ::group::Pre task execution logs
[2026-03-09T20:03:45.291+0000] {taskinstance.py:2614} INFO - Dependencies all met for dep_context=non-requeueable deps ti=<TaskInstance: replica_mongo_to_postgresql.check_connect_to_Mongo scheduled__2026-02-14T10:00:00+00:00 [queued]>
[2026-03-09T20:03:45.294+0000] {taskinstance.py:2614} INFO - Dependencies all met for dep_context=requeueable deps ti=<TaskInstance: replica_mongo_to_postgresql.check_connect_to_Mongo scheduled__2026-02-14T10:00:00+00:00 [queued]>
[2026-03-09T20:03:45.294+0000] {taskinstance.py:2867} INFO - Starting attempt 1 of 4
[2026-03-09T20:03:45.297+0000] {taskinstance.py:2890} INFO - Executing <Task(PythonSensor): check_connect_to_Mongo> on 2026-02-14 10:00:00+00:00
[2026-03-09T20:03:45.300+0000] {standard_task_runner.py:72} INFO - Started process 538 to run task
[2026-03-09T20:03:45.301+0000] {standard_task_runner.py:104} INFO - Running: ['***', 'tasks', 'run', 'replica_mongo_to_postgresql', 'check_connect_to_Mongo', 'scheduled__2026-02-14T10:00:00+00:00', '--job-id', '95', '--raw', '--subdir', 'DAGS_FOLDER/replica_mongo_to_postgres.py', '--cfg-path', '/tmp/tmpm7cf_raj']
[2026-03-09T20:03:45.303+0000] {standard_task_runner.py:105} INFO - Job 95: Subtask check_connect_to_Mongo
[2026-03-09T20:03:45.308+0000] {warnings.py:109} WARNING - /home/***/.local/lib/python3.9/site-packages/***/settings.py:209: DeprecationWarning: The sql_alchemy_conn option in [core] has been moved to the sql_alchemy_conn option in [database] - the old setting has been used, but please update your config.
  SQL_ALCHEMY_CONN = conf.get("database", "SQL_ALCHEMY_CONN")

[2026-03-09T20:03:45.323+0000] {task_command.py:467} INFO - Running <TaskInstance: replica_mongo_to_postgresql.check_connect_to_Mongo scheduled__2026-02-14T10:00:00+00:00 [running]> on host 6186f28317bc
[2026-03-09T20:03:45.323+0000] {warnings.py:109} WARNING - /home/***/.local/lib/python3.9/site-packages/***/settings.py:470: DeprecationWarning: The sql_alchemy_conn option in [core] has been moved to the sql_alchemy_conn option in [database] - the old setting has been used, but please update your config.
  if conf.get("database", "sql_alchemy_conn") == "none://":

[2026-03-09T20:03:45.349+0000] {taskinstance.py:3134} INFO - Exporting env vars: AIRFLOW_CTX_DAG_OWNER='a.sorokin' AIRFLOW_CTX_DAG_ID='replica_mongo_to_postgresql' AIRFLOW_CTX_TASK_ID='check_connect_to_Mongo' AIRFLOW_CTX_EXECUTION_DATE='2026-02-14T10:00:00+00:00' AIRFLOW_CTX_TRY_NUMBER='1' AIRFLOW_CTX_DAG_RUN_ID='scheduled__2026-02-14T10:00:00+00:00'
[2026-03-09T20:03:45.349+0000] {taskinstance.py:732} INFO - ::endgroup::
[2026-03-09T20:03:45.354+0000] {python.py:75} INFO - Poking callable: <function check_connect_to_Mongo at 0xffffa2c06310>
[2026-03-09T20:03:45.360+0000] {base.py:84} INFO - Retrieving connection 'mongo-db'
[2026-03-09T20:03:45.372+0000] {logging_mixin.py:190} INFO - Сервер ответил
[2026-03-09T20:03:45.372+0000] {base.py:339} INFO - Success criteria met. Exiting.
[2026-03-09T20:03:45.376+0000] {taskinstance.py:341} INFO - ::group::Post task execution logs
[2026-03-09T20:03:45.376+0000] {taskinstance.py:353} INFO - Marking task as SUCCESS. dag_id=replica_mongo_to_postgresql, task_id=check_connect_to_Mongo, run_id=scheduled__2026-02-14T10:00:00+00:00, execution_date=20260214T100000, start_date=20260309T200345, end_date=20260309T200345
[2026-03-09T20:03:45.401+0000] {local_task_job_runner.py:266} INFO - Task exited with return code 0
[2026-03-09T20:03:45.410+0000] {taskinstance.py:3901} INFO - 0 downstream tasks scheduled from follow-on schedule check
[2026-03-09T20:03:45.410+0000] {local_task_job_runner.py:245} INFO - ::endgroup::
[2026-03-10T00:36:55.675+0000] {local_task_job_runner.py:123} INFO - ::group::Pre task execution logs
[2026-03-10T00:36:55.682+0000] {taskinstance.py:2614} INFO - Dependencies all met for dep_context=non-requeueable deps ti=<TaskInstance: replica_mongo_to_postgresql.check_connect_to_Mongo scheduled__2026-02-14T10:00:00+00:00 [queued]>
[2026-03-10T00:36:55.685+0000] {taskinstance.py:2614} INFO - Dependencies all met for dep_context=requeueable deps ti=<TaskInstance: replica_mongo_to_postgresql.check_connect_to_Mongo scheduled__2026-02-14T10:00:00+00:00 [queued]>
[2026-03-10T00:36:55.685+0000] {taskinstance.py:2867} INFO - Starting attempt 1 of 4
[2026-03-10T00:36:55.689+0000] {taskinstance.py:2890} INFO - Executing <Task(PythonSensor): check_connect_to_Mongo> on 2026-02-14 10:00:00+00:00
[2026-03-10T00:36:55.691+0000] {standard_task_runner.py:72} INFO - Started process 120 to run task
[2026-03-10T00:36:55.693+0000] {standard_task_runner.py:104} INFO - Running: ['***', 'tasks', 'run', 'replica_mongo_to_postgresql', 'check_connect_to_Mongo', 'scheduled__2026-02-14T10:00:00+00:00', '--job-id', '9', '--raw', '--subdir', 'DAGS_FOLDER/replica_mongo_to_postgres.py', '--cfg-path', '/tmp/tmpd3lf7ogk']
[2026-03-10T00:36:55.694+0000] {standard_task_runner.py:105} INFO - Job 9: Subtask check_connect_to_Mongo
[2026-03-10T00:36:55.700+0000] {warnings.py:109} WARNING - /home/***/.local/lib/python3.9/site-packages/***/settings.py:209: DeprecationWarning: The sql_alchemy_conn option in [core] has been moved to the sql_alchemy_conn option in [database] - the old setting has been used, but please update your config.
  SQL_ALCHEMY_CONN = conf.get("database", "SQL_ALCHEMY_CONN")

[2026-03-10T00:36:55.713+0000] {task_command.py:467} INFO - Running <TaskInstance: replica_mongo_to_postgresql.check_connect_to_Mongo scheduled__2026-02-14T10:00:00+00:00 [running]> on host 533364561d1f
[2026-03-10T00:36:55.714+0000] {warnings.py:109} WARNING - /home/***/.local/lib/python3.9/site-packages/***/settings.py:470: DeprecationWarning: The sql_alchemy_conn option in [core] has been moved to the sql_alchemy_conn option in [database] - the old setting has been used, but please update your config.
  if conf.get("database", "sql_alchemy_conn") == "none://":

[2026-03-10T00:36:55.737+0000] {taskinstance.py:3134} INFO - Exporting env vars: AIRFLOW_CTX_DAG_OWNER='a.sorokin' AIRFLOW_CTX_DAG_ID='replica_mongo_to_postgresql' AIRFLOW_CTX_TASK_ID='check_connect_to_Mongo' AIRFLOW_CTX_EXECUTION_DATE='2026-02-14T10:00:00+00:00' AIRFLOW_CTX_TRY_NUMBER='1' AIRFLOW_CTX_DAG_RUN_ID='scheduled__2026-02-14T10:00:00+00:00'
[2026-03-10T00:36:55.738+0000] {taskinstance.py:732} INFO - ::endgroup::
[2026-03-10T00:36:55.742+0000] {python.py:75} INFO - Poking callable: <function check_connect_to_Mongo at 0xffff86e23310>
[2026-03-10T00:36:55.748+0000] {base.py:84} INFO - Retrieving connection 'mongo-db'
[2026-03-10T00:36:55.758+0000] {logging_mixin.py:190} INFO - Сервер ответил
[2026-03-10T00:36:55.759+0000] {base.py:339} INFO - Success criteria met. Exiting.
[2026-03-10T00:36:55.763+0000] {taskinstance.py:341} INFO - ::group::Post task execution logs
[2026-03-10T00:36:55.763+0000] {taskinstance.py:353} INFO - Marking task as SUCCESS. dag_id=replica_mongo_to_postgresql, task_id=check_connect_to_Mongo, run_id=scheduled__2026-02-14T10:00:00+00:00, execution_date=20260214T100000, start_date=20260310T003655, end_date=20260310T003655
[2026-03-10T00:36:55.792+0000] {local_task_job_runner.py:266} INFO - Task exited with return code 0
[2026-03-10T00:36:55.803+0000] {taskinstance.py:3901} INFO - 1 downstream tasks scheduled from follow-on schedule check
[2026-03-10T00:36:55.804+0000] {local_task_job_runner.py:245} INFO - ::endgroup::
[2026-03-10T00:50:56.982+0000] {local_task_job_runner.py:123} INFO - ::group::Pre task execution logs
[2026-03-10T00:50:56.989+0000] {taskinstance.py:2614} INFO - Dependencies all met for dep_context=non-requeueable deps ti=<TaskInstance: replica_mongo_to_postgresql.check_connect_to_Mongo scheduled__2026-02-14T10:00:00+00:00 [queued]>
[2026-03-10T00:50:56.992+0000] {taskinstance.py:2614} INFO - Dependencies all met for dep_context=requeueable deps ti=<TaskInstance: replica_mongo_to_postgresql.check_connect_to_Mongo scheduled__2026-02-14T10:00:00+00:00 [queued]>
[2026-03-10T00:50:56.992+0000] {taskinstance.py:2867} INFO - Starting attempt 1 of 4
[2026-03-10T00:50:56.996+0000] {taskinstance.py:2890} INFO - Executing <Task(PythonSensor): check_connect_to_Mongo> on 2026-02-14 10:00:00+00:00
[2026-03-10T00:50:56.998+0000] {standard_task_runner.py:72} INFO - Started process 120 to run task
[2026-03-10T00:50:56.999+0000] {standard_task_runner.py:104} INFO - Running: ['***', 'tasks', 'run', 'replica_mongo_to_postgresql', 'check_connect_to_Mongo', 'scheduled__2026-02-14T10:00:00+00:00', '--job-id', '9', '--raw', '--subdir', 'DAGS_FOLDER/replica_mongo_to_postgres.py', '--cfg-path', '/tmp/tmp4gpgljz8']
[2026-03-10T00:50:57.001+0000] {standard_task_runner.py:105} INFO - Job 9: Subtask check_connect_to_Mongo
[2026-03-10T00:50:57.006+0000] {warnings.py:109} WARNING - /home/***/.local/lib/python3.9/site-packages/***/settings.py:209: DeprecationWarning: The sql_alchemy_conn option in [core] has been moved to the sql_alchemy_conn option in [database] - the old setting has been used, but please update your config.
  SQL_ALCHEMY_CONN = conf.get("database", "SQL_ALCHEMY_CONN")

[2026-03-10T00:50:57.020+0000] {task_command.py:467} INFO - Running <TaskInstance: replica_mongo_to_postgresql.check_connect_to_Mongo scheduled__2026-02-14T10:00:00+00:00 [running]> on host 4b5206882624
[2026-03-10T00:50:57.020+0000] {warnings.py:109} WARNING - /home/***/.local/lib/python3.9/site-packages/***/settings.py:470: DeprecationWarning: The sql_alchemy_conn option in [core] has been moved to the sql_alchemy_conn option in [database] - the old setting has been used, but please update your config.
  if conf.get("database", "sql_alchemy_conn") == "none://":

[2026-03-10T00:50:57.044+0000] {taskinstance.py:3134} INFO - Exporting env vars: AIRFLOW_CTX_DAG_OWNER='a.sorokin' AIRFLOW_CTX_DAG_ID='replica_mongo_to_postgresql' AIRFLOW_CTX_TASK_ID='check_connect_to_Mongo' AIRFLOW_CTX_EXECUTION_DATE='2026-02-14T10:00:00+00:00' AIRFLOW_CTX_TRY_NUMBER='1' AIRFLOW_CTX_DAG_RUN_ID='scheduled__2026-02-14T10:00:00+00:00'
[2026-03-10T00:50:57.045+0000] {taskinstance.py:732} INFO - ::endgroup::
[2026-03-10T00:50:57.049+0000] {python.py:75} INFO - Poking callable: <function check_connect_to_Mongo at 0xffff82424310>
[2026-03-10T00:50:57.055+0000] {base.py:84} INFO - Retrieving connection 'mongo-db'
[2026-03-10T00:50:57.065+0000] {logging_mixin.py:190} INFO - Сервер ответил
[2026-03-10T00:50:57.065+0000] {base.py:339} INFO - Success criteria met. Exiting.
[2026-03-10T00:50:57.069+0000] {taskinstance.py:341} INFO - ::group::Post task execution logs
[2026-03-10T00:50:57.069+0000] {taskinstance.py:353} INFO - Marking task as SUCCESS. dag_id=replica_mongo_to_postgresql, task_id=check_connect_to_Mongo, run_id=scheduled__2026-02-14T10:00:00+00:00, execution_date=20260214T100000, start_date=20260310T005056, end_date=20260310T005057
[2026-03-10T00:50:57.099+0000] {local_task_job_runner.py:266} INFO - Task exited with return code 0
[2026-03-10T00:50:57.110+0000] {taskinstance.py:3901} INFO - 1 downstream tasks scheduled from follow-on schedule check
[2026-03-10T00:50:57.111+0000] {local_task_job_runner.py:245} INFO - ::endgroup::
