[2026-03-10T00:06:59.049+0000] {local_task_job_runner.py:123} INFO - ::group::Pre task execution logs
[2026-03-10T00:06:59.057+0000] {taskinstance.py:2614} INFO - Dependencies all met for dep_context=non-requeueable deps ti=<TaskInstance: replica_mongo_to_postgresql.mongo_to_postgres scheduled__2026-02-12T10:00:00+00:00 [queued]>
[2026-03-10T00:06:59.060+0000] {taskinstance.py:2614} INFO - Dependencies all met for dep_context=requeueable deps ti=<TaskInstance: replica_mongo_to_postgresql.mongo_to_postgres scheduled__2026-02-12T10:00:00+00:00 [queued]>
[2026-03-10T00:06:59.060+0000] {taskinstance.py:2867} INFO - Starting attempt 26 of 29
[2026-03-10T00:06:59.065+0000] {taskinstance.py:2890} INFO - Executing <Task(PythonOperator): mongo_to_postgres> on 2026-02-12 10:00:00+00:00
[2026-03-10T00:06:59.067+0000] {standard_task_runner.py:72} INFO - Started process 917 to run task
[2026-03-10T00:06:59.069+0000] {standard_task_runner.py:104} INFO - Running: ['***', 'tasks', 'run', 'replica_mongo_to_postgresql', 'mongo_to_postgres', 'scheduled__2026-02-12T10:00:00+00:00', '--job-id', '152', '--raw', '--subdir', 'DAGS_FOLDER/replica_mongo_to_postgres.py', '--cfg-path', '/tmp/tmp2u3ylwyg']
[2026-03-10T00:06:59.071+0000] {standard_task_runner.py:105} INFO - Job 152: Subtask mongo_to_postgres
[2026-03-10T00:06:59.079+0000] {warnings.py:109} WARNING - /home/***/.local/lib/python3.9/site-packages/***/settings.py:209: DeprecationWarning: The sql_alchemy_conn option in [core] has been moved to the sql_alchemy_conn option in [database] - the old setting has been used, but please update your config.
  SQL_ALCHEMY_CONN = conf.get("database", "SQL_ALCHEMY_CONN")

[2026-03-10T00:06:59.096+0000] {task_command.py:467} INFO - Running <TaskInstance: replica_mongo_to_postgresql.mongo_to_postgres scheduled__2026-02-12T10:00:00+00:00 [running]> on host 6186f28317bc
[2026-03-10T00:06:59.096+0000] {warnings.py:109} WARNING - /home/***/.local/lib/python3.9/site-packages/***/settings.py:470: DeprecationWarning: The sql_alchemy_conn option in [core] has been moved to the sql_alchemy_conn option in [database] - the old setting has been used, but please update your config.
  if conf.get("database", "sql_alchemy_conn") == "none://":

[2026-03-10T00:06:59.129+0000] {taskinstance.py:3134} INFO - Exporting env vars: AIRFLOW_CTX_DAG_OWNER='a.sorokin' AIRFLOW_CTX_DAG_ID='replica_mongo_to_postgresql' AIRFLOW_CTX_TASK_ID='mongo_to_postgres' AIRFLOW_CTX_EXECUTION_DATE='2026-02-12T10:00:00+00:00' AIRFLOW_CTX_TRY_NUMBER='26' AIRFLOW_CTX_DAG_RUN_ID='scheduled__2026-02-12T10:00:00+00:00'
[2026-03-10T00:06:59.129+0000] {taskinstance.py:732} INFO - ::endgroup::
[2026-03-10T00:06:59.146+0000] {base.py:84} INFO - Retrieving connection 'mongo-db'
[2026-03-10T00:06:59.157+0000] {base.py:84} INFO - Retrieving connection '***-db'
[2026-03-10T00:06:59.173+0000] {taskinstance.py:3313} ERROR - Task failed with exception
Traceback (most recent call last):
  File "/home/airflow/.local/lib/python3.9/site-packages/airflow/models/taskinstance.py", line 768, in _execute_task
    result = _execute_callable(context=context, **execute_callable_kwargs)
  File "/home/airflow/.local/lib/python3.9/site-packages/airflow/models/taskinstance.py", line 734, in _execute_callable
    return ExecutionCallableRunner(
  File "/home/airflow/.local/lib/python3.9/site-packages/airflow/utils/operator_helpers.py", line 252, in run
    return self.func(*args, **kwargs)
  File "/home/airflow/.local/lib/python3.9/site-packages/airflow/models/baseoperator.py", line 424, in wrapper
    return func(self, *args, **kwargs)
  File "/home/airflow/.local/lib/python3.9/site-packages/airflow/operators/python.py", line 238, in execute
    return_value = self.execute_callable()
  File "/home/airflow/.local/lib/python3.9/site-packages/airflow/operators/python.py", line 256, in execute_callable
    return runner.run(*self.op_args, **self.op_kwargs)
  File "/home/airflow/.local/lib/python3.9/site-packages/airflow/utils/operator_helpers.py", line 252, in run
    return self.func(*args, **kwargs)
  File "/opt/airflow/dags/replica_mongo_to_postgres.py", line 124, in mongo_to_postgres
    execute_batch(cursor, """
  File "/home/airflow/.local/lib/python3.9/site-packages/psycopg2/extras.py", line 1216, in execute_batch
    cur.execute(b";".join(sqls))
psycopg2.errors.UndefinedColumn: column "created_at" of relation "supporttickets" does not exist
LINE 4:             message,created_at,updated_at
                            ^

[2026-03-10T00:06:59.180+0000] {taskinstance.py:1226} INFO - Marking task as UP_FOR_RETRY. dag_id=replica_mongo_to_***ql, task_id=mongo_to_***, run_id=scheduled__2026-02-12T10:00:00+00:00, execution_date=20260212T100000, start_date=20260310T000659, end_date=20260310T000659
[2026-03-10T00:06:59.191+0000] {taskinstance.py:341} INFO - ::group::Post task execution logs
[2026-03-10T00:06:59.191+0000] {standard_task_runner.py:124} ERROR - Failed to execute job 152 for task mongo_to_*** (column "created_at" of relation "supporttickets" does not exist
LINE 4:             message,created_at,updated_at
                            ^
; 917)
Traceback (most recent call last):
  File "/home/airflow/.local/lib/python3.9/site-packages/airflow/task/task_runner/standard_task_runner.py", line 117, in _start_by_fork
    ret = args.func(args, dag=self.dag)
  File "/home/airflow/.local/lib/python3.9/site-packages/airflow/cli/cli_config.py", line 49, in command
    return func(*args, **kwargs)
  File "/home/airflow/.local/lib/python3.9/site-packages/airflow/utils/cli.py", line 116, in wrapper
    return f(*args, **kwargs)
  File "/home/airflow/.local/lib/python3.9/site-packages/airflow/cli/commands/task_command.py", line 483, in task_run
    task_return_code = _run_task_by_selected_method(args, _dag, ti)
  File "/home/airflow/.local/lib/python3.9/site-packages/airflow/cli/commands/task_command.py", line 256, in _run_task_by_selected_method
    return _run_raw_task(args, ti)
  File "/home/airflow/.local/lib/python3.9/site-packages/airflow/cli/commands/task_command.py", line 341, in _run_raw_task
    return ti._run_raw_task(
  File "/home/airflow/.local/lib/python3.9/site-packages/airflow/utils/session.py", line 97, in wrapper
    return func(*args, session=session, **kwargs)
  File "/home/airflow/.local/lib/python3.9/site-packages/airflow/models/taskinstance.py", line 3006, in _run_raw_task
    return _run_raw_task(
  File "/home/airflow/.local/lib/python3.9/site-packages/airflow/models/taskinstance.py", line 274, in _run_raw_task
    TaskInstance._execute_task_with_callbacks(
  File "/home/airflow/.local/lib/python3.9/site-packages/airflow/models/taskinstance.py", line 3161, in _execute_task_with_callbacks
    result = self._execute_task(context, task_orig)
  File "/home/airflow/.local/lib/python3.9/site-packages/airflow/models/taskinstance.py", line 3185, in _execute_task
    return _execute_task(self, context, task_orig)
  File "/home/airflow/.local/lib/python3.9/site-packages/airflow/models/taskinstance.py", line 768, in _execute_task
    result = _execute_callable(context=context, **execute_callable_kwargs)
  File "/home/airflow/.local/lib/python3.9/site-packages/airflow/models/taskinstance.py", line 734, in _execute_callable
    return ExecutionCallableRunner(
  File "/home/airflow/.local/lib/python3.9/site-packages/airflow/utils/operator_helpers.py", line 252, in run
    return self.func(*args, **kwargs)
  File "/home/airflow/.local/lib/python3.9/site-packages/airflow/models/baseoperator.py", line 424, in wrapper
    return func(self, *args, **kwargs)
  File "/home/airflow/.local/lib/python3.9/site-packages/airflow/operators/python.py", line 238, in execute
    return_value = self.execute_callable()
  File "/home/airflow/.local/lib/python3.9/site-packages/airflow/operators/python.py", line 256, in execute_callable
    return runner.run(*self.op_args, **self.op_kwargs)
  File "/home/airflow/.local/lib/python3.9/site-packages/airflow/utils/operator_helpers.py", line 252, in run
    return self.func(*args, **kwargs)
  File "/opt/airflow/dags/replica_mongo_to_postgres.py", line 124, in mongo_to_postgres
    execute_batch(cursor, """
  File "/home/airflow/.local/lib/python3.9/site-packages/psycopg2/extras.py", line 1216, in execute_batch
    cur.execute(b";".join(sqls))
psycopg2.errors.UndefinedColumn: column "created_at" of relation "supporttickets" does not exist
LINE 4:             message,created_at,updated_at
                            ^

[2026-03-10T00:06:59.209+0000] {local_task_job_runner.py:266} INFO - Task exited with return code 1
[2026-03-10T00:06:59.220+0000] {taskinstance.py:3901} INFO - 0 downstream tasks scheduled from follow-on schedule check
[2026-03-10T00:06:59.221+0000] {local_task_job_runner.py:245} INFO - ::endgroup::
