[2026-03-09T20:35:20.755+0000] {local_task_job_runner.py:123} INFO - ::group::Pre task execution logs
[2026-03-09T20:35:20.766+0000] {taskinstance.py:2614} INFO - Dependencies all met for dep_context=non-requeueable deps ti=<TaskInstance: replica_mongo_to_postgresql.mongo_to_postgres scheduled__2026-02-12T10:00:00+00:00 [queued]>
[2026-03-09T20:35:20.769+0000] {taskinstance.py:2614} INFO - Dependencies all met for dep_context=requeueable deps ti=<TaskInstance: replica_mongo_to_postgresql.mongo_to_postgres scheduled__2026-02-12T10:00:00+00:00 [queued]>
[2026-03-09T20:35:20.769+0000] {taskinstance.py:2867} INFO - Starting attempt 5 of 8
[2026-03-09T20:35:20.773+0000] {taskinstance.py:2890} INFO - Executing <Task(PythonOperator): mongo_to_postgres> on 2026-02-12 10:00:00+00:00
[2026-03-09T20:35:20.775+0000] {standard_task_runner.py:72} INFO - Started process 732 to run task
[2026-03-09T20:35:20.786+0000] {standard_task_runner.py:104} INFO - Running: ['***', 'tasks', 'run', 'replica_mongo_to_postgresql', 'mongo_to_postgres', 'scheduled__2026-02-12T10:00:00+00:00', '--job-id', '124', '--raw', '--subdir', 'DAGS_FOLDER/replica_mongo_to_postgres.py', '--cfg-path', '/tmp/tmplzv83myv']
[2026-03-09T20:35:20.788+0000] {standard_task_runner.py:105} INFO - Job 124: Subtask mongo_to_postgres
[2026-03-09T20:35:20.801+0000] {warnings.py:109} WARNING - /home/***/.local/lib/python3.9/site-packages/***/settings.py:209: DeprecationWarning: The sql_alchemy_conn option in [core] has been moved to the sql_alchemy_conn option in [database] - the old setting has been used, but please update your config.
  SQL_ALCHEMY_CONN = conf.get("database", "SQL_ALCHEMY_CONN")

[2026-03-09T20:35:20.825+0000] {task_command.py:467} INFO - Running <TaskInstance: replica_mongo_to_postgresql.mongo_to_postgres scheduled__2026-02-12T10:00:00+00:00 [running]> on host 6186f28317bc
[2026-03-09T20:35:20.825+0000] {warnings.py:109} WARNING - /home/***/.local/lib/python3.9/site-packages/***/settings.py:470: DeprecationWarning: The sql_alchemy_conn option in [core] has been moved to the sql_alchemy_conn option in [database] - the old setting has been used, but please update your config.
  if conf.get("database", "sql_alchemy_conn") == "none://":

[2026-03-09T20:35:20.854+0000] {taskinstance.py:3134} INFO - Exporting env vars: AIRFLOW_CTX_DAG_OWNER='a.sorokin' AIRFLOW_CTX_DAG_ID='replica_mongo_to_postgresql' AIRFLOW_CTX_TASK_ID='mongo_to_postgres' AIRFLOW_CTX_EXECUTION_DATE='2026-02-12T10:00:00+00:00' AIRFLOW_CTX_TRY_NUMBER='5' AIRFLOW_CTX_DAG_RUN_ID='scheduled__2026-02-12T10:00:00+00:00'
[2026-03-09T20:35:20.854+0000] {taskinstance.py:732} INFO - ::endgroup::
[2026-03-09T20:35:20.866+0000] {base.py:84} INFO - Retrieving connection 'mongo-db'
[2026-03-09T20:35:20.879+0000] {logging_mixin.py:190} INFO - <pymongo.synchronous.cursor.Cursor object at 0xffff838bd550>
[2026-03-09T20:35:20.879+0000] {logging_mixin.py:190} INFO - <pymongo.synchronous.cursor.Cursor object at 0xffff8387de80>
[2026-03-09T20:35:20.879+0000] {logging_mixin.py:190} INFO - <pymongo.synchronous.cursor.Cursor object at 0xffff8387dca0>
[2026-03-09T20:35:20.879+0000] {logging_mixin.py:190} INFO - <pymongo.synchronous.cursor.Cursor object at 0xffff8387d850>
[2026-03-09T20:35:20.880+0000] {logging_mixin.py:190} INFO - <pymongo.synchronous.cursor.Cursor object at 0xffff8387de20>
[2026-03-09T20:35:20.880+0000] {python.py:240} INFO - Done. Returned value was: None
[2026-03-09T20:35:20.884+0000] {taskinstance.py:341} INFO - ::group::Post task execution logs
[2026-03-09T20:35:20.884+0000] {taskinstance.py:353} INFO - Marking task as SUCCESS. dag_id=replica_mongo_to_postgresql, task_id=mongo_to_postgres, run_id=scheduled__2026-02-12T10:00:00+00:00, execution_date=20260212T100000, start_date=20260309T203520, end_date=20260309T203520
[2026-03-09T20:35:20.926+0000] {local_task_job_runner.py:266} INFO - Task exited with return code 0
[2026-03-09T20:35:20.935+0000] {taskinstance.py:3901} INFO - 0 downstream tasks scheduled from follow-on schedule check
[2026-03-09T20:35:20.936+0000] {local_task_job_runner.py:245} INFO - ::endgroup::
