[2026-03-09T20:04:10.800+0000] {local_task_job_runner.py:123} INFO - ::group::Pre task execution logs
[2026-03-09T20:04:10.807+0000] {taskinstance.py:2614} INFO - Dependencies all met for dep_context=non-requeueable deps ti=<TaskInstance: replica_mongo_to_postgresql.check_connect_to_Mongo scheduled__2026-03-07T10:00:00+00:00 [queued]>
[2026-03-09T20:04:10.810+0000] {taskinstance.py:2614} INFO - Dependencies all met for dep_context=requeueable deps ti=<TaskInstance: replica_mongo_to_postgresql.check_connect_to_Mongo scheduled__2026-03-07T10:00:00+00:00 [queued]>
[2026-03-09T20:04:10.810+0000] {taskinstance.py:2867} INFO - Starting attempt 1 of 4
[2026-03-09T20:04:10.814+0000] {taskinstance.py:2890} INFO - Executing <Task(PythonSensor): check_connect_to_Mongo> on 2026-03-07 10:00:00+00:00
[2026-03-09T20:04:10.816+0000] {standard_task_runner.py:72} INFO - Started process 685 to run task
[2026-03-09T20:04:10.818+0000] {standard_task_runner.py:104} INFO - Running: ['***', 'tasks', 'run', 'replica_mongo_to_postgresql', 'check_connect_to_Mongo', 'scheduled__2026-03-07T10:00:00+00:00', '--job-id', '116', '--raw', '--subdir', 'DAGS_FOLDER/replica_mongo_to_postgres.py', '--cfg-path', '/tmp/tmp6psetmfh']
[2026-03-09T20:04:10.819+0000] {standard_task_runner.py:105} INFO - Job 116: Subtask check_connect_to_Mongo
[2026-03-09T20:04:10.824+0000] {warnings.py:109} WARNING - /home/***/.local/lib/python3.9/site-packages/***/settings.py:209: DeprecationWarning: The sql_alchemy_conn option in [core] has been moved to the sql_alchemy_conn option in [database] - the old setting has been used, but please update your config.
  SQL_ALCHEMY_CONN = conf.get("database", "SQL_ALCHEMY_CONN")

[2026-03-09T20:04:10.838+0000] {task_command.py:467} INFO - Running <TaskInstance: replica_mongo_to_postgresql.check_connect_to_Mongo scheduled__2026-03-07T10:00:00+00:00 [running]> on host 6186f28317bc
[2026-03-09T20:04:10.838+0000] {warnings.py:109} WARNING - /home/***/.local/lib/python3.9/site-packages/***/settings.py:470: DeprecationWarning: The sql_alchemy_conn option in [core] has been moved to the sql_alchemy_conn option in [database] - the old setting has been used, but please update your config.
  if conf.get("database", "sql_alchemy_conn") == "none://":

[2026-03-09T20:04:10.864+0000] {taskinstance.py:3134} INFO - Exporting env vars: AIRFLOW_CTX_DAG_OWNER='a.sorokin' AIRFLOW_CTX_DAG_ID='replica_mongo_to_postgresql' AIRFLOW_CTX_TASK_ID='check_connect_to_Mongo' AIRFLOW_CTX_EXECUTION_DATE='2026-03-07T10:00:00+00:00' AIRFLOW_CTX_TRY_NUMBER='1' AIRFLOW_CTX_DAG_RUN_ID='scheduled__2026-03-07T10:00:00+00:00'
[2026-03-09T20:04:10.864+0000] {taskinstance.py:732} INFO - ::endgroup::
[2026-03-09T20:04:10.869+0000] {python.py:75} INFO - Poking callable: <function check_connect_to_Mongo at 0xffffa2c063a0>
[2026-03-09T20:04:10.874+0000] {base.py:84} INFO - Retrieving connection 'mongo-db'
[2026-03-09T20:04:10.885+0000] {logging_mixin.py:190} INFO - Сервер ответил
[2026-03-09T20:04:10.885+0000] {base.py:339} INFO - Success criteria met. Exiting.
[2026-03-09T20:04:10.888+0000] {taskinstance.py:341} INFO - ::group::Post task execution logs
[2026-03-09T20:04:10.889+0000] {taskinstance.py:353} INFO - Marking task as SUCCESS. dag_id=replica_mongo_to_postgresql, task_id=check_connect_to_Mongo, run_id=scheduled__2026-03-07T10:00:00+00:00, execution_date=20260307T100000, start_date=20260309T200410, end_date=20260309T200410
[2026-03-09T20:04:10.916+0000] {local_task_job_runner.py:266} INFO - Task exited with return code 0
[2026-03-09T20:04:10.925+0000] {taskinstance.py:3901} INFO - 0 downstream tasks scheduled from follow-on schedule check
[2026-03-09T20:04:10.926+0000] {local_task_job_runner.py:245} INFO - ::endgroup::
[2026-03-10T00:51:36.365+0000] {local_task_job_runner.py:123} INFO - ::group::Pre task execution logs
[2026-03-10T00:51:36.373+0000] {taskinstance.py:2614} INFO - Dependencies all met for dep_context=non-requeueable deps ti=<TaskInstance: replica_mongo_to_postgresql.check_connect_to_Mongo scheduled__2026-03-07T10:00:00+00:00 [queued]>
[2026-03-10T00:51:36.375+0000] {taskinstance.py:2614} INFO - Dependencies all met for dep_context=requeueable deps ti=<TaskInstance: replica_mongo_to_postgresql.check_connect_to_Mongo scheduled__2026-03-07T10:00:00+00:00 [queued]>
[2026-03-10T00:51:36.376+0000] {taskinstance.py:2867} INFO - Starting attempt 1 of 4
[2026-03-10T00:51:36.379+0000] {taskinstance.py:2890} INFO - Executing <Task(PythonSensor): check_connect_to_Mongo> on 2026-03-07 10:00:00+00:00
[2026-03-10T00:51:36.382+0000] {standard_task_runner.py:72} INFO - Started process 386 to run task
[2026-03-10T00:51:36.384+0000] {standard_task_runner.py:104} INFO - Running: ['***', 'tasks', 'run', 'replica_mongo_to_postgresql', 'check_connect_to_Mongo', 'scheduled__2026-03-07T10:00:00+00:00', '--job-id', '47', '--raw', '--subdir', 'DAGS_FOLDER/replica_mongo_to_postgres.py', '--cfg-path', '/tmp/tmp7oexn3bl']
[2026-03-10T00:51:36.385+0000] {standard_task_runner.py:105} INFO - Job 47: Subtask check_connect_to_Mongo
[2026-03-10T00:51:36.391+0000] {warnings.py:109} WARNING - /home/***/.local/lib/python3.9/site-packages/***/settings.py:209: DeprecationWarning: The sql_alchemy_conn option in [core] has been moved to the sql_alchemy_conn option in [database] - the old setting has been used, but please update your config.
  SQL_ALCHEMY_CONN = conf.get("database", "SQL_ALCHEMY_CONN")

[2026-03-10T00:51:36.404+0000] {task_command.py:467} INFO - Running <TaskInstance: replica_mongo_to_postgresql.check_connect_to_Mongo scheduled__2026-03-07T10:00:00+00:00 [running]> on host 4b5206882624
[2026-03-10T00:51:36.404+0000] {warnings.py:109} WARNING - /home/***/.local/lib/python3.9/site-packages/***/settings.py:470: DeprecationWarning: The sql_alchemy_conn option in [core] has been moved to the sql_alchemy_conn option in [database] - the old setting has been used, but please update your config.
  if conf.get("database", "sql_alchemy_conn") == "none://":

[2026-03-10T00:51:36.432+0000] {taskinstance.py:3134} INFO - Exporting env vars: AIRFLOW_CTX_DAG_OWNER='a.sorokin' AIRFLOW_CTX_DAG_ID='replica_mongo_to_postgresql' AIRFLOW_CTX_TASK_ID='check_connect_to_Mongo' AIRFLOW_CTX_EXECUTION_DATE='2026-03-07T10:00:00+00:00' AIRFLOW_CTX_TRY_NUMBER='1' AIRFLOW_CTX_DAG_RUN_ID='scheduled__2026-03-07T10:00:00+00:00'
[2026-03-10T00:51:36.432+0000] {taskinstance.py:732} INFO - ::endgroup::
[2026-03-10T00:51:36.437+0000] {python.py:75} INFO - Poking callable: <function check_connect_to_Mongo at 0xffff82426310>
[2026-03-10T00:51:36.443+0000] {base.py:84} INFO - Retrieving connection 'mongo-db'
[2026-03-10T00:51:36.454+0000] {logging_mixin.py:190} INFO - Сервер ответил
[2026-03-10T00:51:36.454+0000] {base.py:339} INFO - Success criteria met. Exiting.
[2026-03-10T00:51:36.458+0000] {taskinstance.py:341} INFO - ::group::Post task execution logs
[2026-03-10T00:51:36.458+0000] {taskinstance.py:353} INFO - Marking task as SUCCESS. dag_id=replica_mongo_to_postgresql, task_id=check_connect_to_Mongo, run_id=scheduled__2026-03-07T10:00:00+00:00, execution_date=20260307T100000, start_date=20260310T005136, end_date=20260310T005136
[2026-03-10T00:51:36.484+0000] {local_task_job_runner.py:266} INFO - Task exited with return code 0
[2026-03-10T00:51:36.497+0000] {taskinstance.py:3901} INFO - 1 downstream tasks scheduled from follow-on schedule check
[2026-03-10T00:51:36.498+0000] {local_task_job_runner.py:245} INFO - ::endgroup::
